{"level":"info","message":"","service":"identity-service","timestamp":"2025-12-09T13:24:50.654Z"}
{"level":"info","message":"API Gateway is running on port 3000","service":"identity-service","timestamp":"2025-12-09T13:25:01.083Z"}
{"level":"info","message":"API Gateway is running on port 3000","service":"identity-service","timestamp":"2025-12-09T13:25:04.213Z"}
{"level":"info","message":"API Gateway is running on port 3000","service":"identity-service","timestamp":"2025-12-09T13:25:18.952Z"}
{"level":"info","message":"API Gateway is running on port 3000","service":"identity-service","timestamp":"2025-12-09T13:25:20.851Z"}
{"level":"info","message":"Identiry Service is running on port API Gateway is running on port 3000","service":"identity-service","timestamp":"2025-12-09T13:25:34.709Z"}
{"level":"info","message":"Identiry Service is running on port http://localhost:3001","service":"identity-service","timestamp":"2025-12-09T13:25:50.548Z"}
{"level":"info","message":"Identiry Service is running on port http://localhost:3001","service":"identity-service","timestamp":"2025-12-09T13:25:52.003Z"}
{"level":"info","message":"Identiry Service is running on port http://localhost:3001","service":"identity-service","timestamp":"2025-12-09T13:26:06.384Z"}
{"level":"info","message":"Identiry Service is running on port http://localhost:3001","service":"identity-service","timestamp":"2025-12-09T13:26:13.589Z"}
{"level":"info","message":"Identiry Service is running on port http://localhost:3001","service":"identity-service","timestamp":"2025-12-09T13:26:13.594Z"}
{"level":"info","message":"Identiry Service is running on port http://localhost:3001","service":"identity-service","timestamp":"2025-12-09T13:26:18.900Z"}
{"level":"info","message":"Redis Identiry Service is running on port http://localhost:3001","service":"identity-service","timestamp":"2025-12-09T13:26:18.904Z"}
{"level":"info","message":"Identiry Service is running on port http://localhost:3001","service":"identity-service","timestamp":"2025-12-09T13:26:21.831Z"}
{"level":"info","message":"Redis URL Identiry Service is running on port http://localhost:3001","service":"identity-service","timestamp":"2025-12-09T13:26:21.835Z"}
{"level":"info","message":"Identiry Service is running on port http://localhost:3001","service":"identity-service","timestamp":"2025-12-09T13:26:25.566Z"}
{"level":"info","message":"Redis URL http://localhost:3001","service":"identity-service","timestamp":"2025-12-09T13:26:25.570Z"}
{"level":"info","message":"Identiry Service is running on port http://localhost:3001","service":"identity-service","timestamp":"2025-12-09T13:26:28.396Z"}
{"level":"info","message":"Redis URL undefined","service":"identity-service","timestamp":"2025-12-09T13:26:28.401Z"}
{"level":"info","message":"Identiry Service is running on port http://localhost:3001","service":"identity-service","timestamp":"2025-12-09T13:26:32.206Z"}
{"level":"info","message":"Redis URL redis://localhost:6379","service":"identity-service","timestamp":"2025-12-09T13:26:32.210Z"}
{"level":"info","message":"Identiry Service is running on port http://localhost:3001","service":"identity-service","timestamp":"2025-12-09T13:26:35.320Z"}
{"level":"info","message":"Redis URL redis://localhost:6379","service":"identity-service","timestamp":"2025-12-09T13:26:35.324Z"}
{"level":"info","message":"API Gateway is running on port 3000","service":"identity-service","timestamp":"2025-12-09T13:27:25.245Z"}
{"level":"info","message":"API Gateway is running on port 3000","service":"identity-service","timestamp":"2025-12-09T13:27:25.246Z"}
{"level":"info","message":"Identiry Service is running on port http://localhost:3001","service":"identity-service","timestamp":"2025-12-09T13:27:25.250Z"}
{"level":"info","message":"Redis URL redis://localhost:6379","service":"identity-service","timestamp":"2025-12-09T13:27:25.251Z"}
{"level":"info","message":"Identiry Service is running on port http://localhost:3001","service":"identity-service","timestamp":"2025-12-09T13:27:25.251Z"}
{"level":"info","message":"Redis URL redis://localhost:6379","service":"identity-service","timestamp":"2025-12-09T13:27:25.252Z"}
{"level":"info","message":"API Gateway is running on port 3000","service":"identity-service","timestamp":"2025-12-09T13:29:34.586Z"}
{"level":"info","message":"API Gateway is running on port 3000","service":"identity-service","timestamp":"2025-12-09T13:29:34.631Z"}
{"level":"info","message":"Identiry Service is running on port http://localhost:3001","service":"identity-service","timestamp":"2025-12-09T13:29:34.628Z"}
{"level":"info","message":"Redis URL redis://localhost:6379","service":"identity-service","timestamp":"2025-12-09T13:29:34.642Z"}
{"level":"info","message":"Identiry Service is running on port http://localhost:3001","service":"identity-service","timestamp":"2025-12-09T13:29:34.649Z"}
{"level":"info","message":"Redis URL redis://localhost:6379","service":"identity-service","timestamp":"2025-12-09T13:29:34.651Z"}
{"level":"info","message":"API Gateway is running on port 3000","service":"api-gateway","timestamp":"2025-12-09T13:30:02.563Z"}
{"level":"info","message":"Identiry Service is running on port http://localhost:3001","service":"api-gateway","timestamp":"2025-12-09T13:30:02.567Z"}
{"level":"info","message":"Redis URL redis://localhost:6379","service":"api-gateway","timestamp":"2025-12-09T13:30:02.568Z"}
{"level":"info","message":"API Gateway is running on port 3000","service":"api-gateway","timestamp":"2025-12-09T13:30:02.561Z"}
{"level":"info","message":"Identiry Service is running on port http://localhost:3001","service":"api-gateway","timestamp":"2025-12-09T13:30:02.566Z"}
{"level":"info","message":"Redis URL redis://localhost:6379","service":"api-gateway","timestamp":"2025-12-09T13:30:02.567Z"}
{"level":"info","message":"API Gateway is running on port 3000","service":"api-gateway","timestamp":"2025-12-09T13:35:15.335Z"}
{"level":"info","message":"Identiry Service is running on port http://localhost:3001","service":"api-gateway","timestamp":"2025-12-09T13:35:15.341Z"}
{"level":"info","message":"Redis URL redis://localhost:6379","service":"api-gateway","timestamp":"2025-12-09T13:35:15.342Z"}
{"level":"info","message":"API Gateway is running on port 3000","service":"api-gateway","timestamp":"2025-12-09T13:35:15.335Z"}
{"level":"info","message":"Identiry Service is running on port http://localhost:3001","service":"api-gateway","timestamp":"2025-12-09T13:35:15.341Z"}
{"level":"info","message":"Redis URL redis://localhost:6379","service":"api-gateway","timestamp":"2025-12-09T13:35:15.342Z"}
{"level":"info","message":"API Gateway is running on port 3000","service":"api-gateway","timestamp":"2025-12-09T13:35:16.460Z"}
{"level":"info","message":"API Gateway is running on port 3000","service":"api-gateway","timestamp":"2025-12-09T13:35:16.461Z"}
{"level":"info","message":"Identiry Service is running on port http://localhost:3001","service":"api-gateway","timestamp":"2025-12-09T13:35:16.465Z"}
{"level":"info","message":"Redis URL redis://localhost:6379","service":"api-gateway","timestamp":"2025-12-09T13:35:16.466Z"}
{"level":"info","message":"Identiry Service is running on port http://localhost:3001","service":"api-gateway","timestamp":"2025-12-09T13:35:16.466Z"}
{"level":"info","message":"Redis URL redis://localhost:6379","service":"api-gateway","timestamp":"2025-12-09T13:35:16.466Z"}
{"level":"info","message":"API Gateway is running on port 3000","service":"api-gateway","timestamp":"2025-12-09T13:36:40.490Z"}
{"level":"info","message":"Identiry Service is running on port http://localhost:3001","service":"api-gateway","timestamp":"2025-12-09T13:36:40.495Z"}
{"level":"info","message":"Redis URL redis://localhost:6379","service":"api-gateway","timestamp":"2025-12-09T13:36:40.496Z"}
{"level":"info","message":"API Gateway is running on port 3000","service":"api-gateway","timestamp":"2025-12-09T13:36:40.488Z"}
{"level":"info","message":"Identiry Service is running on port http://localhost:3001","service":"api-gateway","timestamp":"2025-12-09T13:36:40.495Z"}
{"level":"info","message":"Redis URL redis://localhost:6379","service":"api-gateway","timestamp":"2025-12-09T13:36:40.496Z"}
{"level":"info","message":"API Gateway is running on port 3000","service":"api-gateway","timestamp":"2025-12-09T13:37:20.068Z"}
{"level":"info","message":"API Gateway is running on port 3000","service":"api-gateway","timestamp":"2025-12-09T13:37:20.066Z"}
{"level":"info","message":"Identiry Service is running on port http://localhost:3001","service":"api-gateway","timestamp":"2025-12-09T13:37:20.071Z"}
{"level":"info","message":"Redis URL redis://localhost:6379","service":"api-gateway","timestamp":"2025-12-09T13:37:20.072Z"}
{"level":"info","message":"Identiry Service is running on port http://localhost:3001","service":"api-gateway","timestamp":"2025-12-09T13:37:20.073Z"}
{"level":"info","message":"Redis URL redis://localhost:6379","service":"api-gateway","timestamp":"2025-12-09T13:37:20.074Z"}
{"level":"info","message":"API Gateway is running on port 3000","service":"api-gateway","timestamp":"2025-12-09T13:37:40.357Z"}
{"level":"info","message":"API Gateway is running on port 3000","service":"api-gateway","timestamp":"2025-12-09T13:37:40.362Z"}
{"level":"info","message":"Identiry Service is running on port http://localhost:3001","service":"api-gateway","timestamp":"2025-12-09T13:37:40.363Z"}
{"level":"info","message":"Redis URL redis://localhost:6379","service":"api-gateway","timestamp":"2025-12-09T13:37:40.364Z"}
{"level":"info","message":"Identiry Service is running on port http://localhost:3001","service":"api-gateway","timestamp":"2025-12-09T13:37:40.369Z"}
{"level":"info","message":"Redis URL redis://localhost:6379","service":"api-gateway","timestamp":"2025-12-09T13:37:40.370Z"}
{"level":"info","message":"Received POST request to /v1/auth/register","service":"api-gateway","timestamp":"2025-12-09T13:37:45.180Z"}
{"level":"info","message":"Request body, [object Object]","service":"api-gateway","timestamp":"2025-12-09T13:37:45.180Z"}
{"level":"info","message":"Response received from Identiry service: 400","service":"api-gateway","timestamp":"2025-12-09T13:37:45.483Z"}
{"level":"info","message":"Received POST request to /v1/auth/register","service":"api-gateway","timestamp":"2025-12-09T13:38:04.318Z"}
{"level":"info","message":"Request body, [object Object]","service":"api-gateway","timestamp":"2025-12-09T13:38:04.318Z"}
{"level":"info","message":"Response received from Identiry service: 201","service":"api-gateway","timestamp":"2025-12-09T13:38:04.823Z"}
{"level":"info","message":"API Gateway is running on port 3000","service":"api-gateway","timestamp":"2025-12-09T13:39:01.523Z"}
{"level":"info","message":"API Gateway is running on port 3000","service":"api-gateway","timestamp":"2025-12-09T13:39:01.523Z"}
{"level":"info","message":"Identiry Service is running on port http://localhost:3001","service":"api-gateway","timestamp":"2025-12-09T13:39:01.528Z"}
{"level":"info","message":"Redis URL redis://localhost:6379","service":"api-gateway","timestamp":"2025-12-09T13:39:01.529Z"}
{"level":"info","message":"Identiry Service is running on port http://localhost:3001","service":"api-gateway","timestamp":"2025-12-09T13:39:01.529Z"}
{"level":"info","message":"Redis URL redis://localhost:6379","service":"api-gateway","timestamp":"2025-12-09T13:39:01.529Z"}
{"level":"info","message":"API Gateway is running on port 3000","service":"api-gateway","timestamp":"2025-12-09T13:45:31.681Z"}
{"level":"info","message":"Identiry Service is running on port http://localhost:3001","service":"api-gateway","timestamp":"2025-12-09T13:45:31.691Z"}
{"level":"info","message":"Redis URL redis://localhost:6379","service":"api-gateway","timestamp":"2025-12-09T13:45:31.691Z"}
{"level":"info","message":"API Gateway is running on port 3000","service":"api-gateway","timestamp":"2025-12-09T13:45:31.875Z"}
{"level":"info","message":"Identiry Service is running on port http://localhost:3001","service":"api-gateway","timestamp":"2025-12-09T13:45:31.881Z"}
{"level":"info","message":"Redis URL redis://localhost:6379","service":"api-gateway","timestamp":"2025-12-09T13:45:31.881Z"}
{"level":"info","message":"API Gateway is running on port 3000","service":"api-gateway","timestamp":"2025-12-10T06:46:51.530Z"}
{"level":"info","message":"Identiry Service is running on port http://localhost:3001","service":"api-gateway","timestamp":"2025-12-10T06:46:51.535Z"}
{"level":"info","message":"Redis URL redis://localhost:6379","service":"api-gateway","timestamp":"2025-12-10T06:46:51.536Z"}
{"level":"info","message":"Received POST request to /v1/auth/login","service":"api-gateway","timestamp":"2025-12-10T06:48:23.837Z"}
{"level":"info","message":"Request body, [object Object]","service":"api-gateway","timestamp":"2025-12-10T06:48:23.838Z"}
{"level":"info","message":"Response received from Identity service: 500","service":"api-gateway","timestamp":"2025-12-10T06:48:24.101Z"}
{"level":"info","message":"Received POST request to /v1/auth/login","service":"api-gateway","timestamp":"2025-12-10T06:49:18.563Z"}
{"level":"info","message":"Request body, [object Object]","service":"api-gateway","timestamp":"2025-12-10T06:49:18.564Z"}
{"level":"info","message":"Response received from Identity service: 500","service":"api-gateway","timestamp":"2025-12-10T06:49:18.758Z"}
{"level":"info","message":"Received POST request to /v1/auth/login","service":"api-gateway","timestamp":"2025-12-10T06:53:05.727Z"}
{"level":"info","message":"Request body, [object Object]","service":"api-gateway","timestamp":"2025-12-10T06:53:05.728Z"}
{"level":"info","message":"Response received from Identity service: 500","service":"api-gateway","timestamp":"2025-12-10T06:53:07.252Z"}
{"level":"info","message":"Received POST request to /v1/auth/login","service":"api-gateway","timestamp":"2025-12-10T06:53:23.247Z"}
{"level":"info","message":"Request body, [object Object]","service":"api-gateway","timestamp":"2025-12-10T06:53:23.248Z"}
{"level":"info","message":"Response received from Identity service: 500","service":"api-gateway","timestamp":"2025-12-10T06:53:23.460Z"}
{"level":"info","message":"Received POST request to /v1/auth/login","service":"api-gateway","timestamp":"2025-12-10T06:56:13.059Z"}
{"level":"info","message":"Request body, [object Object]","service":"api-gateway","timestamp":"2025-12-10T06:56:13.060Z"}
{"level":"info","message":"Response received from Identity service: 500","service":"api-gateway","timestamp":"2025-12-10T06:56:13.254Z"}
{"level":"info","message":"Received POST request to /v1/auth/login","service":"api-gateway","timestamp":"2025-12-10T06:57:13.908Z"}
{"level":"info","message":"Request body, [object Object]","service":"api-gateway","timestamp":"2025-12-10T06:57:13.909Z"}
{"level":"info","message":"Response received from Identity service: 500","service":"api-gateway","timestamp":"2025-12-10T06:57:14.120Z"}
{"level":"info","message":"Received POST request to /v1/auth/register","service":"api-gateway","timestamp":"2025-12-10T07:10:42.981Z"}
{"level":"info","message":"Request body, [object Object]","service":"api-gateway","timestamp":"2025-12-10T07:10:42.982Z"}
{"level":"info","message":"Response received from Identity service: 500","service":"api-gateway","timestamp":"2025-12-10T07:10:43.218Z"}
{"level":"info","message":"Received POST request to /v1/auth/register","service":"api-gateway","timestamp":"2025-12-10T07:11:52.818Z"}
{"level":"info","message":"Request body, [object Object]","service":"api-gateway","timestamp":"2025-12-10T07:11:52.818Z"}
{"level":"info","message":"Response received from Identity service: 201","service":"api-gateway","timestamp":"2025-12-10T07:11:53.394Z"}
{"level":"info","message":"Received POST request to /v1/auth/login","service":"api-gateway","timestamp":"2025-12-10T07:12:32.789Z"}
{"level":"info","message":"Request body, [object Object]","service":"api-gateway","timestamp":"2025-12-10T07:12:32.790Z"}
{"level":"info","message":"Response received from Identity service: 200","service":"api-gateway","timestamp":"2025-12-10T07:12:33.165Z"}
{"level":"info","message":"Received POST request to /v1/auth/register","service":"api-gateway","timestamp":"2025-12-10T08:16:44.380Z"}
{"level":"info","message":"Request body, [object Object]","service":"api-gateway","timestamp":"2025-12-10T08:16:44.382Z"}
{"level":"info","message":"Response received from Identity service: 400","service":"api-gateway","timestamp":"2025-12-10T08:16:44.433Z"}
{"level":"info","message":"Received POST request to /v1/auth/register","service":"api-gateway","timestamp":"2025-12-10T08:16:51.553Z"}
{"level":"info","message":"Request body, [object Object]","service":"api-gateway","timestamp":"2025-12-10T08:16:51.554Z"}
{"level":"info","message":"Response received from Identity service: 201","service":"api-gateway","timestamp":"2025-12-10T08:16:52.107Z"}
{"level":"info","message":"Received POST request to /v1/auth/login","service":"api-gateway","timestamp":"2025-12-10T08:17:20.166Z"}
{"level":"info","message":"Request body, [object Object]","service":"api-gateway","timestamp":"2025-12-10T08:17:20.168Z"}
{"level":"info","message":"Response received from Identity service: 200","service":"api-gateway","timestamp":"2025-12-10T08:17:20.592Z"}
{"level":"info","message":"API Gateway is running on port 3000","service":"api-gateway","timestamp":"2025-12-10T13:04:58.265Z"}
{"level":"info","message":"Identiry Service is running on port http://localhost:3001","service":"api-gateway","timestamp":"2025-12-10T13:04:58.270Z"}
{"level":"info","message":"Redis URL redis://localhost:6379","service":"api-gateway","timestamp":"2025-12-10T13:04:58.272Z"}
{"level":"info","message":"API Gateway is running on port 3000","service":"api-gateway","timestamp":"2025-12-10T13:05:02.555Z"}
{"level":"info","message":"Identiry Service is running on port http://localhost:3001","service":"api-gateway","timestamp":"2025-12-10T13:05:02.560Z"}
{"level":"info","message":"Redis URL redis://localhost:6379","service":"api-gateway","timestamp":"2025-12-10T13:05:02.560Z"}
{"level":"info","message":"API Gateway is running on port 3000","service":"api-gateway","timestamp":"2025-12-10T13:05:09.527Z"}
{"level":"info","message":"Identiry Service is running on port http://localhost:3001","service":"api-gateway","timestamp":"2025-12-10T13:05:09.531Z"}
{"level":"info","message":"Redis URL redis://localhost:6379","service":"api-gateway","timestamp":"2025-12-10T13:05:09.532Z"}
{"level":"info","message":"API Gateway is running on port 3000","service":"api-gateway","timestamp":"2025-12-10T13:05:17.008Z"}
{"level":"info","message":"Identiry Service is running on port http://localhost:3001","service":"api-gateway","timestamp":"2025-12-10T13:05:17.013Z"}
{"level":"info","message":"Redis URL redis://localhost:6379","service":"api-gateway","timestamp":"2025-12-10T13:05:17.014Z"}
{"level":"info","message":"API Gateway is running on port 3000","service":"api-gateway","timestamp":"2025-12-10T13:05:43.401Z"}
{"level":"info","message":"Identiry Service is running on port http://localhost:3001","service":"api-gateway","timestamp":"2025-12-10T13:05:43.405Z"}
{"level":"info","message":"Redis URL redis://localhost:6379","service":"api-gateway","timestamp":"2025-12-10T13:05:43.406Z"}
{"level":"info","message":"API Gateway is running on port 3000","service":"api-gateway","timestamp":"2025-12-10T13:07:03.684Z"}
{"level":"info","message":"Identiry Service is running on port http://localhost:3001","service":"api-gateway","timestamp":"2025-12-10T13:07:03.688Z"}
{"level":"info","message":"Redis URL redis://localhost:6379","service":"api-gateway","timestamp":"2025-12-10T13:07:03.688Z"}
{"level":"info","message":"API Gateway is running on port 3000","service":"api-gateway","timestamp":"2025-12-10T13:07:11.459Z"}
{"level":"info","message":"Identiry Service is running on port http://localhost:3001","service":"api-gateway","timestamp":"2025-12-10T13:07:11.463Z"}
{"level":"info","message":"Redis URL redis://localhost:6379","service":"api-gateway","timestamp":"2025-12-10T13:07:11.464Z"}
{"level":"info","message":"API Gateway is running on port 3000","service":"api-gateway","timestamp":"2025-12-10T13:07:14.557Z"}
{"level":"info","message":"Identiry Service is running on port http://localhost:3001","service":"api-gateway","timestamp":"2025-12-10T13:07:14.561Z"}
{"level":"info","message":"Redis URL redis://localhost:6379","service":"api-gateway","timestamp":"2025-12-10T13:07:14.562Z"}
{"level":"info","message":"API Gateway is running on port 3000","service":"api-gateway","timestamp":"2025-12-10T13:07:20.767Z"}
{"level":"info","message":"Identiry Service is running on port http://localhost:3001","service":"api-gateway","timestamp":"2025-12-10T13:07:20.771Z"}
{"level":"info","message":"Redis URL redis://localhost:6379","service":"api-gateway","timestamp":"2025-12-10T13:07:20.772Z"}
{"level":"info","message":"API Gateway is running on port 3000","service":"api-gateway","timestamp":"2025-12-10T13:07:27.455Z"}
{"level":"info","message":"Identiry Service is running on port http://localhost:3001","service":"api-gateway","timestamp":"2025-12-10T13:07:27.460Z"}
{"level":"info","message":"Redis URL redis://localhost:6379","service":"api-gateway","timestamp":"2025-12-10T13:07:27.461Z"}
{"level":"info","message":"API Gateway is running on port 3000","service":"api-gateway","timestamp":"2025-12-10T13:07:29.103Z"}
{"level":"info","message":"Identiry Service is running on port http://localhost:3001","service":"api-gateway","timestamp":"2025-12-10T13:07:29.107Z"}
{"level":"info","message":"Redis URL redis://localhost:6379","service":"api-gateway","timestamp":"2025-12-10T13:07:29.108Z"}
{"level":"info","message":"API Gateway is running on port 3000","service":"api-gateway","timestamp":"2025-12-10T13:07:44.188Z"}
{"level":"info","message":"Identiry Service is running on port http://localhost:3001","service":"api-gateway","timestamp":"2025-12-10T13:07:44.192Z"}
{"level":"info","message":"Redis URL redis://localhost:6379","service":"api-gateway","timestamp":"2025-12-10T13:07:44.193Z"}
{"level":"info","message":"API Gateway is running on port 3000","service":"api-gateway","timestamp":"2025-12-10T13:07:49.433Z"}
{"level":"info","message":"Identiry Service is running on port http://localhost:3001","service":"api-gateway","timestamp":"2025-12-10T13:07:49.438Z"}
{"level":"info","message":"Redis URL redis://localhost:6379","service":"api-gateway","timestamp":"2025-12-10T13:07:49.439Z"}
{"level":"info","message":"API Gateway is running on port 3000","service":"api-gateway","timestamp":"2025-12-10T13:08:31.039Z"}
{"level":"info","message":"Identiry Service is running on port http://localhost:3001","service":"api-gateway","timestamp":"2025-12-10T13:08:31.043Z"}
{"level":"info","message":"Redis URL redis://localhost:6379","service":"api-gateway","timestamp":"2025-12-10T13:08:31.044Z"}
{"level":"info","message":"API Gateway is running on port 3000","service":"api-gateway","timestamp":"2025-12-10T13:08:35.996Z"}
{"level":"info","message":"Identiry Service is running on port http://localhost:3001","service":"api-gateway","timestamp":"2025-12-10T13:08:36.001Z"}
{"level":"info","message":"Redis URL redis://localhost:6379","service":"api-gateway","timestamp":"2025-12-10T13:08:36.003Z"}
{"level":"info","message":"API Gateway is running on port 3000","service":"api-gateway","timestamp":"2025-12-10T13:08:41.802Z"}
{"level":"info","message":"Identiry Service is running on port http://localhost:3001","service":"api-gateway","timestamp":"2025-12-10T13:08:41.807Z"}
{"level":"info","message":"Redis URL redis://localhost:6379","service":"api-gateway","timestamp":"2025-12-10T13:08:41.808Z"}
{"level":"info","message":"API Gateway is running on port 3000","service":"api-gateway","timestamp":"2025-12-10T13:08:43.582Z"}
{"level":"info","message":"Identiry Service is running on port http://localhost:3001","service":"api-gateway","timestamp":"2025-12-10T13:08:43.587Z"}
{"level":"info","message":"Redis URL redis://localhost:6379","service":"api-gateway","timestamp":"2025-12-10T13:08:43.587Z"}
{"level":"info","message":"API Gateway is running on port 3000","service":"api-gateway","timestamp":"2025-12-10T13:08:49.826Z"}
{"level":"info","message":"Identiry Service is running on port http://localhost:3001","service":"api-gateway","timestamp":"2025-12-10T13:08:49.832Z"}
{"level":"info","message":"Redis URL redis://localhost:6379","service":"api-gateway","timestamp":"2025-12-10T13:08:49.833Z"}
{"level":"info","message":"API Gateway is running on port 3000","service":"api-gateway","timestamp":"2025-12-10T13:08:51.168Z"}
{"level":"info","message":"Identiry Service is running on port http://localhost:3001","service":"api-gateway","timestamp":"2025-12-10T13:08:51.172Z"}
{"level":"info","message":"Redis URL redis://localhost:6379","service":"api-gateway","timestamp":"2025-12-10T13:08:51.173Z"}
{"level":"info","message":"API Gateway is running on port 3000","service":"api-gateway","timestamp":"2025-12-10T13:08:53.011Z"}
{"level":"info","message":"Identiry Service is running on port http://localhost:3001","service":"api-gateway","timestamp":"2025-12-10T13:08:53.017Z"}
{"level":"info","message":"Redis URL redis://localhost:6379","service":"api-gateway","timestamp":"2025-12-10T13:08:53.017Z"}
{"level":"info","message":"API Gateway is running on port 3000","service":"api-gateway","timestamp":"2025-12-10T13:09:01.148Z"}
{"level":"info","message":"Identiry Service is running on port http://localhost:3001","service":"api-gateway","timestamp":"2025-12-10T13:09:01.154Z"}
{"level":"info","message":"Redis URL redis://localhost:6379","service":"api-gateway","timestamp":"2025-12-10T13:09:01.154Z"}
{"level":"info","message":"API Gateway is running on port 3000","service":"api-gateway","timestamp":"2025-12-10T13:09:15.827Z"}
{"level":"info","message":"Identiry Service is running on port http://localhost:3001","service":"api-gateway","timestamp":"2025-12-10T13:09:15.832Z"}
{"level":"info","message":"Redis URL redis://localhost:6379","service":"api-gateway","timestamp":"2025-12-10T13:09:15.832Z"}
{"level":"info","message":"API Gateway is running on port 3000","service":"api-gateway","timestamp":"2025-12-10T13:09:25.026Z"}
{"level":"info","message":"Identiry Service is running on port http://localhost:3001","service":"api-gateway","timestamp":"2025-12-10T13:09:25.032Z"}
{"level":"info","message":"Redis URL redis://localhost:6379","service":"api-gateway","timestamp":"2025-12-10T13:09:25.033Z"}
{"level":"info","message":"API Gateway is running on port 3000","service":"api-gateway","timestamp":"2025-12-10T13:09:28.887Z"}
{"level":"info","message":"Identiry Service is running on port http://localhost:3001","service":"api-gateway","timestamp":"2025-12-10T13:09:28.892Z"}
{"level":"info","message":"Redis URL redis://localhost:6379","service":"api-gateway","timestamp":"2025-12-10T13:09:28.892Z"}
{"level":"info","message":"API Gateway is running on port 3000","service":"api-gateway","timestamp":"2025-12-10T13:09:36.916Z"}
{"level":"info","message":"Identiry Service is running on port http://localhost:3001","service":"api-gateway","timestamp":"2025-12-10T13:09:36.920Z"}
{"level":"info","message":"Redis URL redis://localhost:6379","service":"api-gateway","timestamp":"2025-12-10T13:09:36.921Z"}
{"level":"info","message":"API Gateway is running on port 3000","service":"api-gateway","timestamp":"2025-12-10T13:09:42.825Z"}
{"level":"info","message":"Identiry Service is running on port http://localhost:3001","service":"api-gateway","timestamp":"2025-12-10T13:09:42.829Z"}
{"level":"info","message":"Redis URL redis://localhost:6379","service":"api-gateway","timestamp":"2025-12-10T13:09:42.830Z"}
{"level":"info","message":"API Gateway is running on port 3000","service":"api-gateway","timestamp":"2025-12-10T13:09:48.965Z"}
{"level":"info","message":"Identiry Service is running on port http://localhost:3001","service":"api-gateway","timestamp":"2025-12-10T13:09:48.969Z"}
{"level":"info","message":"Redis URL redis://localhost:6379","service":"api-gateway","timestamp":"2025-12-10T13:09:48.970Z"}
{"level":"info","message":"API Gateway is running on port 3000","service":"api-gateway","timestamp":"2025-12-10T13:10:01.969Z"}
{"level":"info","message":"Identiry Service is running on port http://localhost:3001","service":"api-gateway","timestamp":"2025-12-10T13:10:01.974Z"}
{"level":"info","message":"Redis URL redis://localhost:6379","service":"api-gateway","timestamp":"2025-12-10T13:10:01.974Z"}
{"level":"info","message":"API Gateway is running on port 3000","service":"api-gateway","timestamp":"2025-12-10T13:10:03.207Z"}
{"level":"info","message":"Identiry Service is running on port http://localhost:3001","service":"api-gateway","timestamp":"2025-12-10T13:10:03.211Z"}
{"level":"info","message":"Redis URL redis://localhost:6379","service":"api-gateway","timestamp":"2025-12-10T13:10:03.212Z"}
{"level":"info","message":"API Gateway is running on port 3000","service":"api-gateway","timestamp":"2025-12-10T13:10:06.335Z"}
{"level":"info","message":"Identiry Service is running on port http://localhost:3001","service":"api-gateway","timestamp":"2025-12-10T13:10:06.340Z"}
{"level":"info","message":"Redis URL redis://localhost:6379","service":"api-gateway","timestamp":"2025-12-10T13:10:06.340Z"}
{"level":"info","message":"API Gateway is running on port 3000","service":"api-gateway","timestamp":"2025-12-10T13:10:07.799Z"}
{"level":"info","message":"Identiry Service is running on port http://localhost:3001","service":"api-gateway","timestamp":"2025-12-10T13:10:07.803Z"}
{"level":"info","message":"Redis URL redis://localhost:6379","service":"api-gateway","timestamp":"2025-12-10T13:10:07.804Z"}
{"level":"info","message":"API Gateway is running on port 3000","service":"api-gateway","timestamp":"2025-12-10T13:10:10.537Z"}
{"level":"info","message":"Identiry Service is running on port http://localhost:3001","service":"api-gateway","timestamp":"2025-12-10T13:10:10.542Z"}
{"level":"info","message":"Redis URL redis://localhost:6379","service":"api-gateway","timestamp":"2025-12-10T13:10:10.543Z"}
{"level":"info","message":"API Gateway is running on port 3000","service":"api-gateway","timestamp":"2025-12-10T13:10:16.141Z"}
{"level":"info","message":"Identiry Service is running on port http://localhost:3001","service":"api-gateway","timestamp":"2025-12-10T13:10:16.145Z"}
{"level":"info","message":"Redis URL redis://localhost:6379","service":"api-gateway","timestamp":"2025-12-10T13:10:16.145Z"}
{"level":"info","message":"API Gateway is running on port 3000","service":"api-gateway","timestamp":"2025-12-10T13:10:18.746Z"}
{"level":"info","message":"Identiry Service is running on port http://localhost:3001","service":"api-gateway","timestamp":"2025-12-10T13:10:18.750Z"}
{"level":"info","message":"Redis URL redis://localhost:6379","service":"api-gateway","timestamp":"2025-12-10T13:10:18.751Z"}
{"level":"info","message":"API Gateway is running on port 3000","service":"api-gateway","timestamp":"2025-12-10T13:10:19.970Z"}
{"level":"info","message":"Identiry Service is running on port http://localhost:3001","service":"api-gateway","timestamp":"2025-12-10T13:10:19.976Z"}
{"level":"info","message":"Redis URL redis://localhost:6379","service":"api-gateway","timestamp":"2025-12-10T13:10:19.977Z"}
{"level":"info","message":"API Gateway is running on port 3000","service":"api-gateway","timestamp":"2025-12-10T13:10:35.826Z"}
{"level":"info","message":"Identiry Service is running on port http://localhost:3001","service":"api-gateway","timestamp":"2025-12-10T13:10:35.831Z"}
{"level":"info","message":"Redis URL redis://localhost:6379","service":"api-gateway","timestamp":"2025-12-10T13:10:35.831Z"}
{"level":"info","message":"API Gateway is running on port 3000","service":"api-gateway","timestamp":"2025-12-10T13:10:38.681Z"}
{"level":"info","message":"Identiry Service is running on port http://localhost:3001","service":"api-gateway","timestamp":"2025-12-10T13:10:38.685Z"}
{"level":"info","message":"Redis URL redis://localhost:6379","service":"api-gateway","timestamp":"2025-12-10T13:10:38.686Z"}
{"level":"info","message":"API Gateway is running on port 3000","service":"api-gateway","timestamp":"2025-12-10T13:10:44.064Z"}
{"level":"info","message":"Identiry Service is running on port http://localhost:3001","service":"api-gateway","timestamp":"2025-12-10T13:10:44.089Z"}
{"level":"info","message":"Redis URL redis://localhost:6379","service":"api-gateway","timestamp":"2025-12-10T13:10:44.099Z"}
{"level":"info","message":"API Gateway is running on port 3000","service":"api-gateway","timestamp":"2025-12-10T13:10:46.069Z"}
{"level":"info","message":"Identiry Service is running on port http://localhost:3001","service":"api-gateway","timestamp":"2025-12-10T13:10:46.073Z"}
{"level":"info","message":"Redis URL redis://localhost:6379","service":"api-gateway","timestamp":"2025-12-10T13:10:46.073Z"}
{"level":"info","message":"API Gateway is running on port 3000","service":"api-gateway","timestamp":"2025-12-10T13:10:52.798Z"}
{"level":"info","message":"Identiry Service is running on port http://localhost:3001","service":"api-gateway","timestamp":"2025-12-10T13:10:52.802Z"}
{"level":"info","message":"Redis URL redis://localhost:6379","service":"api-gateway","timestamp":"2025-12-10T13:10:52.802Z"}
{"level":"info","message":"API Gateway is running on port 3000","service":"api-gateway","timestamp":"2025-12-10T13:10:59.150Z"}
{"level":"info","message":"Identiry Service is running on port http://localhost:3001","service":"api-gateway","timestamp":"2025-12-10T13:10:59.154Z"}
{"level":"info","message":"Redis URL redis://localhost:6379","service":"api-gateway","timestamp":"2025-12-10T13:10:59.154Z"}
{"level":"info","message":"API Gateway is running on port 3000","service":"api-gateway","timestamp":"2025-12-10T13:11:04.882Z"}
{"level":"info","message":"Identiry Service is running on port http://localhost:3001","service":"api-gateway","timestamp":"2025-12-10T13:11:04.887Z"}
{"level":"info","message":"Redis URL redis://localhost:6379","service":"api-gateway","timestamp":"2025-12-10T13:11:04.887Z"}
{"level":"info","message":"API Gateway is running on port 3000","service":"api-gateway","timestamp":"2025-12-10T13:11:13.708Z"}
{"level":"info","message":"Identiry Service is running on port http://localhost:3001","service":"api-gateway","timestamp":"2025-12-10T13:11:13.713Z"}
{"level":"info","message":"Redis URL redis://localhost:6379","service":"api-gateway","timestamp":"2025-12-10T13:11:13.713Z"}
{"level":"info","message":"API Gateway is running on port 3000","service":"api-gateway","timestamp":"2025-12-10T13:11:20.832Z"}
{"level":"info","message":"Identiry Service is running on port http://localhost:3001","service":"api-gateway","timestamp":"2025-12-10T13:11:20.836Z"}
{"level":"info","message":"Redis URL redis://localhost:6379","service":"api-gateway","timestamp":"2025-12-10T13:11:20.837Z"}
{"level":"info","message":"API Gateway is running on port 3000","service":"api-gateway","timestamp":"2025-12-10T13:11:27.070Z"}
{"level":"info","message":"Identiry Service is running on port http://localhost:3001","service":"api-gateway","timestamp":"2025-12-10T13:11:27.074Z"}
{"level":"info","message":"Redis URL redis://localhost:6379","service":"api-gateway","timestamp":"2025-12-10T13:11:27.075Z"}
{"level":"info","message":"API Gateway is running on port 3000","service":"api-gateway","timestamp":"2025-12-10T13:11:32.277Z"}
{"level":"info","message":"Identiry Service is running on port http://localhost:3001","service":"api-gateway","timestamp":"2025-12-10T13:11:32.281Z"}
{"level":"info","message":"Redis URL redis://localhost:6379","service":"api-gateway","timestamp":"2025-12-10T13:11:32.282Z"}
{"level":"info","message":"API Gateway is running on port 3000","service":"api-gateway","timestamp":"2025-12-10T13:11:33.604Z"}
{"level":"info","message":"Identiry Service is running on port http://localhost:3001","service":"api-gateway","timestamp":"2025-12-10T13:11:33.609Z"}
{"level":"info","message":"Redis URL redis://localhost:6379","service":"api-gateway","timestamp":"2025-12-10T13:11:33.609Z"}
{"level":"info","message":"API Gateway is running on port 3000","service":"api-gateway","timestamp":"2025-12-10T13:11:39.866Z"}
{"level":"info","message":"Identiry Service is running on port http://localhost:3001","service":"api-gateway","timestamp":"2025-12-10T13:11:39.870Z"}
{"level":"info","message":"Redis URL redis://localhost:6379","service":"api-gateway","timestamp":"2025-12-10T13:11:39.870Z"}
{"level":"info","message":"API Gateway is running on port 3000","service":"api-gateway","timestamp":"2025-12-10T13:11:46.735Z"}
{"level":"info","message":"Identiry Service is running on port http://localhost:3001","service":"api-gateway","timestamp":"2025-12-10T13:11:46.740Z"}
{"level":"info","message":"Redis URL redis://localhost:6379","service":"api-gateway","timestamp":"2025-12-10T13:11:46.740Z"}
{"level":"info","message":"API Gateway is running on port 3000","service":"api-gateway","timestamp":"2025-12-10T13:12:05.806Z"}
{"level":"info","message":"Identiry Service is running on port http://localhost:3001","service":"api-gateway","timestamp":"2025-12-10T13:12:05.810Z"}
{"level":"info","message":"Redis URL redis://localhost:6379","service":"api-gateway","timestamp":"2025-12-10T13:12:05.811Z"}
{"level":"info","message":"API Gateway is running on port 3000","service":"api-gateway","timestamp":"2025-12-10T13:12:19.560Z"}
{"level":"info","message":"Identiry Service is running on port http://localhost:3001","service":"api-gateway","timestamp":"2025-12-10T13:12:19.564Z"}
{"level":"info","message":"Redis URL redis://localhost:6379","service":"api-gateway","timestamp":"2025-12-10T13:12:19.565Z"}
{"level":"info","message":"API Gateway is running on port 3000","service":"api-gateway","timestamp":"2025-12-10T13:12:21.471Z"}
{"level":"info","message":"Identiry Service is running on port http://localhost:3001","service":"api-gateway","timestamp":"2025-12-10T13:12:21.475Z"}
{"level":"info","message":"Redis URL redis://localhost:6379","service":"api-gateway","timestamp":"2025-12-10T13:12:21.476Z"}
{"level":"info","message":"API Gateway is running on port 3000","service":"api-gateway","timestamp":"2025-12-10T13:12:26.196Z"}
{"level":"info","message":"Identiry Service is running on port http://localhost:3001","service":"api-gateway","timestamp":"2025-12-10T13:12:26.200Z"}
{"level":"info","message":"Redis URL redis://localhost:6379","service":"api-gateway","timestamp":"2025-12-10T13:12:26.201Z"}
{"level":"info","message":"API Gateway is running on port 3000","service":"api-gateway","timestamp":"2025-12-10T13:12:29.178Z"}
{"level":"info","message":"Identiry Service is running on port http://localhost:3001","service":"api-gateway","timestamp":"2025-12-10T13:12:29.183Z"}
{"level":"info","message":"Redis URL redis://localhost:6379","service":"api-gateway","timestamp":"2025-12-10T13:12:29.184Z"}
{"level":"info","message":"API Gateway is running on port 3000","service":"api-gateway","timestamp":"2025-12-10T13:12:36.729Z"}
{"level":"info","message":"Identiry Service is running on port http://localhost:3001","service":"api-gateway","timestamp":"2025-12-10T13:12:36.733Z"}
{"level":"info","message":"Redis URL redis://localhost:6379","service":"api-gateway","timestamp":"2025-12-10T13:12:36.734Z"}
{"level":"info","message":"API Gateway is running on port 3000","service":"api-gateway","timestamp":"2025-12-10T13:12:38.821Z"}
{"level":"info","message":"Identiry Service is running on port http://localhost:3001","service":"api-gateway","timestamp":"2025-12-10T13:12:38.825Z"}
{"level":"info","message":"Redis URL redis://localhost:6379","service":"api-gateway","timestamp":"2025-12-10T13:12:38.825Z"}
{"level":"info","message":"API Gateway is running on port 3000","service":"api-gateway","timestamp":"2025-12-10T13:12:43.665Z"}
{"level":"info","message":"Identiry Service is running on port http://localhost:3001","service":"api-gateway","timestamp":"2025-12-10T13:12:43.670Z"}
{"level":"info","message":"Redis URL redis://localhost:6379","service":"api-gateway","timestamp":"2025-12-10T13:12:43.671Z"}
{"level":"info","message":"API Gateway is running on port 3000","service":"api-gateway","timestamp":"2025-12-10T13:22:43.377Z"}
{"level":"info","message":"Identity Service is running on port http://localhost:3001","service":"api-gateway","timestamp":"2025-12-10T13:22:43.383Z"}
{"level":"info","message":"Post Service is running on port http://localhost:3002","service":"api-gateway","timestamp":"2025-12-10T13:22:43.383Z"}
{"level":"info","message":"Redis URL redis://localhost:6379","service":"api-gateway","timestamp":"2025-12-10T13:22:43.384Z"}
{"level":"info","message":"Received POST request to /v1/posts/create-post","service":"api-gateway","timestamp":"2025-12-10T13:26:49.876Z"}
{"level":"info","message":"Request body, [object Object]","service":"api-gateway","timestamp":"2025-12-10T13:26:49.877Z"}
{"level":"warn","message":"Access attempt without valid token!","service":"api-gateway","timestamp":"2025-12-10T13:26:49.878Z"}
{"level":"info","message":"Received POST request to /v1/auth/login","service":"api-gateway","timestamp":"2025-12-10T13:27:42.603Z"}
{"level":"info","message":"Request body, [object Object]","service":"api-gateway","timestamp":"2025-12-10T13:27:42.603Z"}
{"level":"info","message":"Response received from Identity service: 200","service":"api-gateway","timestamp":"2025-12-10T13:27:44.280Z"}
{"level":"info","message":"Received POST request to /v1/posts/create-post","service":"api-gateway","timestamp":"2025-12-10T13:28:22.768Z"}
{"level":"info","message":"Request body, [object Object]","service":"api-gateway","timestamp":"2025-12-10T13:28:22.768Z"}
{"level":"info","message":"Response received from Post service: 500","service":"api-gateway","timestamp":"2025-12-10T13:28:22.803Z"}
{"level":"info","message":"Received POST request to /v1/posts/create-post","service":"api-gateway","timestamp":"2025-12-10T13:28:51.512Z"}
{"level":"info","message":"Request body, [object Object]","service":"api-gateway","timestamp":"2025-12-10T13:28:51.512Z"}
{"level":"info","message":"Response received from Post service: 500","service":"api-gateway","timestamp":"2025-12-10T13:28:51.521Z"}
{"level":"info","message":"Received POST request to /v1/posts/create-post","service":"api-gateway","timestamp":"2025-12-10T13:29:08.736Z"}
{"level":"info","message":"Request body, [object Object]","service":"api-gateway","timestamp":"2025-12-10T13:29:08.736Z"}
{"level":"info","message":"Response received from Post service: 500","service":"api-gateway","timestamp":"2025-12-10T13:29:08.743Z"}
{"level":"info","message":"Received POST request to /v1/posts/create-post","service":"api-gateway","timestamp":"2025-12-10T13:32:46.958Z"}
{"level":"info","message":"Request body, [object Object]","service":"api-gateway","timestamp":"2025-12-10T13:32:46.958Z"}
{"level":"info","message":"Response received from Post service: 500","service":"api-gateway","timestamp":"2025-12-10T13:32:46.984Z"}
{"level":"info","message":"Received POST request to /v1/posts/create-post","service":"api-gateway","timestamp":"2025-12-10T13:33:13.972Z"}
{"level":"info","message":"Request body, [object Object]","service":"api-gateway","timestamp":"2025-12-10T13:33:13.972Z"}
{"level":"info","message":"Response received from Post service: 500","service":"api-gateway","timestamp":"2025-12-10T13:33:13.998Z"}
{"level":"info","message":"Received POST request to /v1/posts/create-post","service":"api-gateway","timestamp":"2025-12-10T13:33:40.476Z"}
{"level":"info","message":"Request body, [object Object]","service":"api-gateway","timestamp":"2025-12-10T13:33:40.476Z"}
{"level":"info","message":"Response received from Post service: 500","service":"api-gateway","timestamp":"2025-12-10T13:33:40.506Z"}
{"level":"info","message":"Received POST request to /v1/posts/create-post","service":"api-gateway","timestamp":"2025-12-10T13:38:10.931Z"}
{"level":"info","message":"Request body, [object Object]","service":"api-gateway","timestamp":"2025-12-10T13:38:10.931Z"}
{"level":"info","message":"Response received from Post service: 500","service":"api-gateway","timestamp":"2025-12-10T13:38:10.959Z"}
{"level":"info","message":"Received POST request to /v1/posts/create-post","service":"api-gateway","timestamp":"2025-12-10T13:39:20.134Z"}
{"level":"info","message":"Request body, [object Object]","service":"api-gateway","timestamp":"2025-12-10T13:39:20.134Z"}
{"level":"info","message":"Response received from Post service: 500","service":"api-gateway","timestamp":"2025-12-10T13:39:20.173Z"}
{"level":"info","message":"Received POST request to /v1/posts/create-post","service":"api-gateway","timestamp":"2025-12-10T13:41:13.689Z"}
{"level":"info","message":"Request body, [object Object]","service":"api-gateway","timestamp":"2025-12-10T13:41:13.689Z"}
{"level":"info","message":"Response received from Post service: 500","service":"api-gateway","timestamp":"2025-12-10T13:41:13.729Z"}
{"level":"info","message":"Received POST request to /v1/posts/create-post","service":"api-gateway","timestamp":"2025-12-10T13:41:36.068Z"}
{"level":"info","message":"Request body, undefined","service":"api-gateway","timestamp":"2025-12-10T13:41:36.069Z"}
{"level":"info","message":"Response received from Post service: 500","service":"api-gateway","timestamp":"2025-12-10T13:41:36.078Z"}
{"level":"info","message":"Received POST request to /v1/posts/create-post","service":"api-gateway","timestamp":"2025-12-10T13:43:55.547Z"}
{"level":"info","message":"Request body, [object Object]","service":"api-gateway","timestamp":"2025-12-10T13:43:55.548Z"}
{"level":"info","message":"Response received from Post service: 201","service":"api-gateway","timestamp":"2025-12-10T13:43:55.720Z"}
{"level":"info","message":"Received POST request to /v1/posts/create-post","service":"api-gateway","timestamp":"2025-12-10T13:44:07.133Z"}
{"level":"info","message":"Request body, [object Object]","service":"api-gateway","timestamp":"2025-12-10T13:44:07.133Z"}
{"level":"warn","message":"Access attempt without valid token!","service":"api-gateway","timestamp":"2025-12-10T13:44:07.133Z"}
{"level":"info","message":"Received POST request to /v1/post/","service":"api-gateway","timestamp":"2025-12-10T13:44:15.486Z"}
{"level":"info","message":"Request body, [object Object]","service":"api-gateway","timestamp":"2025-12-10T13:44:15.487Z"}
{"level":"info","message":"Received POST request to /v1/post/","service":"api-gateway","timestamp":"2025-12-10T13:44:25.188Z"}
{"level":"info","message":"Request body, [object Object]","service":"api-gateway","timestamp":"2025-12-10T13:44:25.189Z"}
{"level":"info","message":"Received POST request to /v1/post/","service":"api-gateway","timestamp":"2025-12-10T13:45:05.039Z"}
{"level":"info","message":"Request body, [object Object]","service":"api-gateway","timestamp":"2025-12-10T13:45:05.039Z"}
{"level":"info","message":"Received POST request to /v1/post/","service":"api-gateway","timestamp":"2025-12-10T13:45:06.522Z"}
{"level":"info","message":"Request body, [object Object]","service":"api-gateway","timestamp":"2025-12-10T13:45:06.522Z"}
{"level":"info","message":"Received POST request to /v1/post/","service":"api-gateway","timestamp":"2025-12-10T13:51:40.251Z"}
{"level":"info","message":"Request body, undefined","service":"api-gateway","timestamp":"2025-12-10T13:51:40.251Z"}
{"level":"info","message":"Received POST request to /v1/post/create-post","service":"api-gateway","timestamp":"2025-12-10T13:51:53.167Z"}
{"level":"info","message":"Request body, undefined","service":"api-gateway","timestamp":"2025-12-10T13:51:53.168Z"}
{"level":"info","message":"Received POST request to /v1/posts/create-post","service":"api-gateway","timestamp":"2025-12-10T13:52:07.212Z"}
{"level":"info","message":"Request body, undefined","service":"api-gateway","timestamp":"2025-12-10T13:52:07.213Z"}
{"level":"info","message":"Response received from Post service: 400","service":"api-gateway","timestamp":"2025-12-10T13:52:07.276Z"}
{"level":"info","message":"API Gateway is running on port 3000","service":"api-gateway","timestamp":"2025-12-11T10:56:27.604Z"}
{"level":"info","message":"Identity Service is running on port http://localhost:3001","service":"api-gateway","timestamp":"2025-12-11T10:56:27.608Z"}
{"level":"info","message":"Post Service is running on port http://localhost:3002","service":"api-gateway","timestamp":"2025-12-11T10:56:27.609Z"}
{"level":"info","message":"Redis URL redis://localhost:6379","service":"api-gateway","timestamp":"2025-12-11T10:56:27.609Z"}
{"level":"info","message":"Received GET request to /v1/posts/posts","service":"api-gateway","timestamp":"2025-12-11T10:57:43.023Z"}
{"level":"info","message":"Request body, undefined","service":"api-gateway","timestamp":"2025-12-11T10:57:43.023Z"}
{"level":"warn","message":"Access attempt without valid token!","service":"api-gateway","timestamp":"2025-12-11T10:57:43.024Z"}
{"level":"info","message":"Received POST request to /v1/auth/login","service":"api-gateway","timestamp":"2025-12-11T10:57:59.522Z"}
{"level":"info","message":"Request body, [object Object]","service":"api-gateway","timestamp":"2025-12-11T10:57:59.523Z"}
{"level":"info","message":"Response received from Identity service: 200","service":"api-gateway","timestamp":"2025-12-11T10:58:00.144Z"}
{"level":"info","message":"Received GET request to /v1/posts/posts","service":"api-gateway","timestamp":"2025-12-11T10:58:33.993Z"}
{"level":"info","message":"Request body, undefined","service":"api-gateway","timestamp":"2025-12-11T10:58:33.994Z"}
{"level":"info","message":"Response received from Post service: 500","service":"api-gateway","timestamp":"2025-12-11T10:58:34.126Z"}
{"level":"info","message":"Received GET request to /v1/posts/posts","service":"api-gateway","timestamp":"2025-12-11T10:59:04.345Z"}
{"level":"info","message":"Request body, undefined","service":"api-gateway","timestamp":"2025-12-11T10:59:04.345Z"}
{"level":"info","message":"Response received from Post service: 500","service":"api-gateway","timestamp":"2025-12-11T10:59:07.113Z"}
{"level":"info","message":"API Gateway is running on port 3000","service":"api-gateway","timestamp":"2025-12-11T11:00:21.858Z"}
{"level":"info","message":"Identity Service is running on port http://localhost:3001","service":"api-gateway","timestamp":"2025-12-11T11:00:21.864Z"}
{"level":"info","message":"Post Service is running on port http://localhost:3002","service":"api-gateway","timestamp":"2025-12-11T11:00:21.865Z"}
{"level":"info","message":"Redis URL redis://localhost:6379","service":"api-gateway","timestamp":"2025-12-11T11:00:21.866Z"}
{"level":"info","message":"API Gateway is running on port 3000","service":"api-gateway","timestamp":"2025-12-11T11:00:34.429Z"}
{"level":"info","message":"Identity Service is running on port http://localhost:3001","service":"api-gateway","timestamp":"2025-12-11T11:00:34.435Z"}
{"level":"info","message":"Post Service is running on port http://localhost:3002","service":"api-gateway","timestamp":"2025-12-11T11:00:34.436Z"}
{"level":"info","message":"Redis URL redis://localhost:6379","service":"api-gateway","timestamp":"2025-12-11T11:00:34.436Z"}
{"level":"info","message":"Received GET request to /v1/posts/posts","service":"api-gateway","timestamp":"2025-12-11T11:00:51.548Z"}
{"level":"info","message":"Request body, undefined","service":"api-gateway","timestamp":"2025-12-11T11:00:51.549Z"}
{"level":"info","message":"Response received from Post service: 500","service":"api-gateway","timestamp":"2025-12-11T11:00:51.897Z"}
{"level":"info","message":"Received GET request to /v1/posts/posts","service":"api-gateway","timestamp":"2025-12-11T11:01:15.330Z"}
{"level":"info","message":"Request body, undefined","service":"api-gateway","timestamp":"2025-12-11T11:01:15.331Z"}
{"level":"info","message":"Response received from Post service: 200","service":"api-gateway","timestamp":"2025-12-11T11:01:15.668Z"}
{"level":"info","message":"Received GET request to /v1/posts/all-posts","service":"api-gateway","timestamp":"2025-12-11T11:01:58.459Z"}
{"level":"info","message":"Request body, undefined","service":"api-gateway","timestamp":"2025-12-11T11:01:58.460Z"}
{"level":"info","message":"Response received from Post service: 200","service":"api-gateway","timestamp":"2025-12-11T11:01:58.475Z"}
{"level":"info","message":"Received GET request to /v1/posts/all-posts","service":"api-gateway","timestamp":"2025-12-11T11:02:04.906Z"}
{"level":"info","message":"Request body, undefined","service":"api-gateway","timestamp":"2025-12-11T11:02:04.906Z"}
{"level":"info","message":"Response received from Post service: 200","service":"api-gateway","timestamp":"2025-12-11T11:02:04.916Z"}
{"level":"info","message":"Received GET request to /v1/posts/all-posts","service":"api-gateway","timestamp":"2025-12-11T11:50:21.200Z"}
{"level":"info","message":"Request body, undefined","service":"api-gateway","timestamp":"2025-12-11T11:50:21.203Z"}
{"level":"info","message":"Response received from Post service: 200","service":"api-gateway","timestamp":"2025-12-11T11:50:21.524Z"}
{"level":"info","message":"Received GET request to /v1/posts/all-posts","service":"api-gateway","timestamp":"2025-12-11T11:50:23.497Z"}
{"level":"info","message":"Request body, undefined","service":"api-gateway","timestamp":"2025-12-11T11:50:23.497Z"}
{"level":"info","message":"Response received from Post service: 200","service":"api-gateway","timestamp":"2025-12-11T11:50:23.505Z"}
{"level":"info","message":"Received GET request to /v1/posts/all-posts","service":"api-gateway","timestamp":"2025-12-11T11:50:24.860Z"}
{"level":"info","message":"Request body, undefined","service":"api-gateway","timestamp":"2025-12-11T11:50:24.860Z"}
{"level":"info","message":"Response received from Post service: 200","service":"api-gateway","timestamp":"2025-12-11T11:50:24.868Z"}
{"level":"info","message":"Received GET request to /v1/posts/all-posts","service":"api-gateway","timestamp":"2025-12-11T11:50:25.836Z"}
{"level":"info","message":"Request body, undefined","service":"api-gateway","timestamp":"2025-12-11T11:50:25.837Z"}
{"level":"info","message":"Response received from Post service: 200","service":"api-gateway","timestamp":"2025-12-11T11:50:25.842Z"}
{"level":"info","message":"Received GET request to /v1/posts/all-posts","service":"api-gateway","timestamp":"2025-12-11T11:57:46.367Z"}
{"level":"info","message":"Request body, undefined","service":"api-gateway","timestamp":"2025-12-11T11:57:46.368Z"}
{"level":"info","message":"Response received from Post service: 200","service":"api-gateway","timestamp":"2025-12-11T11:57:46.696Z"}
{"level":"info","message":"Received GET request to /v1/posts/all-posts","service":"api-gateway","timestamp":"2025-12-11T11:57:50.106Z"}
{"level":"info","message":"Request body, undefined","service":"api-gateway","timestamp":"2025-12-11T11:57:50.107Z"}
{"level":"info","message":"Response received from Post service: 200","service":"api-gateway","timestamp":"2025-12-11T11:57:50.114Z"}
{"level":"info","message":"Received POST request to /v1/posts/create-post","service":"api-gateway","timestamp":"2025-12-11T11:58:41.792Z"}
{"level":"info","message":"Request body, [object Object]","service":"api-gateway","timestamp":"2025-12-11T11:58:41.792Z"}
{"level":"warn","message":"Invalid token!","service":"api-gateway","timestamp":"2025-12-11T11:58:41.794Z"}
{"level":"info","message":"Received POST request to /v1/auth/login","service":"api-gateway","timestamp":"2025-12-11T11:58:48.827Z"}
{"level":"info","message":"Request body, [object Object]","service":"api-gateway","timestamp":"2025-12-11T11:58:48.827Z"}
{"level":"info","message":"Response received from Identity service: 200","service":"api-gateway","timestamp":"2025-12-11T11:58:49.255Z"}
{"level":"info","message":"Received POST request to /v1/posts/create-post","service":"api-gateway","timestamp":"2025-12-11T11:59:01.092Z"}
{"level":"info","message":"Request body, [object Object]","service":"api-gateway","timestamp":"2025-12-11T11:59:01.092Z"}
{"level":"info","message":"Received GET request to /v1/posts/all-posts","service":"api-gateway","timestamp":"2025-12-11T11:59:52.198Z"}
{"level":"info","message":"Request body, undefined","service":"api-gateway","timestamp":"2025-12-11T11:59:52.199Z"}
{"level":"warn","message":"Invalid token!","service":"api-gateway","timestamp":"2025-12-11T11:59:52.200Z"}
{"level":"info","message":"Received GET request to /v1/posts/all-posts","service":"api-gateway","timestamp":"2025-12-11T11:59:58.439Z"}
{"level":"info","message":"Request body, undefined","service":"api-gateway","timestamp":"2025-12-11T11:59:58.439Z"}
{"level":"info","message":"Response received from Post service: 200","service":"api-gateway","timestamp":"2025-12-11T11:59:58.447Z"}
{"level":"info","message":"Received POST request to /v1/posts/create-post","service":"api-gateway","timestamp":"2025-12-11T12:00:13.093Z"}
{"level":"info","message":"Request body, [object Object]","service":"api-gateway","timestamp":"2025-12-11T12:00:13.093Z"}
{"level":"info","message":"Received POST request to /v1/posts/create-post","service":"api-gateway","timestamp":"2025-12-11T12:00:40.015Z"}
{"level":"info","message":"Request body, [object Object]","service":"api-gateway","timestamp":"2025-12-11T12:00:40.016Z"}
{"level":"info","message":"Received POST request to /v1/posts/create-post","service":"api-gateway","timestamp":"2025-12-11T12:01:42.648Z"}
{"level":"info","message":"Request body, [object Object]","service":"api-gateway","timestamp":"2025-12-11T12:01:42.649Z"}
{"level":"error","message":"Proxy error: socket hang up","service":"api-gateway","timestamp":"2025-12-11T12:02:01.098Z"}
{"level":"info","message":"API Gateway is running on port 3000","service":"api-gateway","timestamp":"2025-12-11T12:03:32.390Z"}
{"level":"info","message":"Identity Service is running on port http://localhost:3001","service":"api-gateway","timestamp":"2025-12-11T12:03:32.394Z"}
{"level":"info","message":"Post Service is running on port http://localhost:3002","service":"api-gateway","timestamp":"2025-12-11T12:03:32.395Z"}
{"level":"info","message":"Redis URL redis://localhost:6379","service":"api-gateway","timestamp":"2025-12-11T12:03:32.395Z"}
{"level":"info","message":"Received POST request to /v1/posts/create-post","service":"api-gateway","timestamp":"2025-12-11T12:03:40.745Z"}
{"level":"info","message":"Request body, [object Object]","service":"api-gateway","timestamp":"2025-12-11T12:03:40.746Z"}
{"level":"error","message":"Proxy error: socket hang up","service":"api-gateway","timestamp":"2025-12-11T12:06:40.734Z"}
{"level":"info","message":"API Gateway is running on port 3000","service":"api-gateway","timestamp":"2025-12-11T12:09:12.502Z"}
{"level":"info","message":"Identity Service is running on port http://localhost:3001","service":"api-gateway","timestamp":"2025-12-11T12:09:12.506Z"}
{"level":"info","message":"Post Service is running on port http://localhost:3002","service":"api-gateway","timestamp":"2025-12-11T12:09:12.507Z"}
{"level":"info","message":"Redis URL redis://localhost:6379","service":"api-gateway","timestamp":"2025-12-11T12:09:12.507Z"}
{"level":"info","message":"Received POST request to /v1/posts/create-post","service":"api-gateway","timestamp":"2025-12-11T12:09:27.429Z"}
{"level":"info","message":"Request body, [object Object]","service":"api-gateway","timestamp":"2025-12-11T12:09:27.430Z"}
{"level":"info","message":"Received POST request to /v1/posts/create-post","service":"api-gateway","timestamp":"2025-12-11T12:10:30.937Z"}
{"level":"info","message":"Request body, [object Object]","service":"api-gateway","timestamp":"2025-12-11T12:10:30.938Z"}
{"level":"info","message":"API Gateway is running on port 3000","service":"api-gateway","timestamp":"2025-12-11T12:11:43.809Z"}
{"level":"info","message":"Identity Service is running on port http://localhost:3001","service":"api-gateway","timestamp":"2025-12-11T12:11:43.815Z"}
{"level":"info","message":"Post Service is running on port http://localhost:3002","service":"api-gateway","timestamp":"2025-12-11T12:11:43.816Z"}
{"level":"info","message":"Redis URL redis://localhost:6379","service":"api-gateway","timestamp":"2025-12-11T12:11:43.816Z"}
{"level":"info","message":"API Gateway is running on port 3000","service":"api-gateway","timestamp":"2025-12-11T12:12:29.227Z"}
{"level":"info","message":"Identity Service is running on port http://localhost:3001","service":"api-gateway","timestamp":"2025-12-11T12:12:29.232Z"}
{"level":"info","message":"Post Service is running on port http://localhost:3002","service":"api-gateway","timestamp":"2025-12-11T12:12:29.232Z"}
{"level":"info","message":"Redis URL redis://localhost:6379","service":"api-gateway","timestamp":"2025-12-11T12:12:29.233Z"}
{"level":"info","message":"Received POST request to /v1/posts/create-post","service":"api-gateway","timestamp":"2025-12-11T12:12:43.054Z"}
{"level":"info","message":"Request body, [object Object]","service":"api-gateway","timestamp":"2025-12-11T12:12:43.055Z"}
{"level":"info","message":"Response received from Post service: 400","service":"api-gateway","timestamp":"2025-12-11T12:12:43.081Z"}
{"level":"error","message":"SyntaxError: Expected double-quoted property name in JSON at position 42 (line 3 column 1)\n    at JSON.parse (<anonymous>)\n    at parse (E:\\CODES\\NodeJS\\social-media-microservices\\api-gateway\\node_modules\\body-parser\\lib\\types\\json.js:74:19)\n    at E:\\CODES\\NodeJS\\social-media-microservices\\api-gateway\\node_modules\\body-parser\\lib\\read.js:163:18\n    at AsyncResource.runInAsyncScope (node:async_hooks:214:14)\n    at invokeCallback (E:\\CODES\\NodeJS\\social-media-microservices\\api-gateway\\node_modules\\raw-body\\index.js:238:16)\n    at done (E:\\CODES\\NodeJS\\social-media-microservices\\api-gateway\\node_modules\\raw-body\\index.js:227:7)\n    at IncomingMessage.onEnd (E:\\CODES\\NodeJS\\social-media-microservices\\api-gateway\\node_modules\\raw-body\\index.js:287:7)\n    at IncomingMessage.emit (node:events:518:28)\n    at endReadableNT (node:internal/streams/readable:1698:12)\n    at process.processTicksAndRejections (node:internal/process/task_queues:90:21)","service":"api-gateway","timestamp":"2025-12-11T12:12:53.478Z"}
{"level":"info","message":"Received POST request to /v1/posts/create-post","service":"api-gateway","timestamp":"2025-12-11T12:13:01.165Z"}
{"level":"info","message":"Request body, [object Object]","service":"api-gateway","timestamp":"2025-12-11T12:13:01.166Z"}
{"level":"info","message":"Response received from Post service: 201","service":"api-gateway","timestamp":"2025-12-11T12:13:01.382Z"}
{"level":"info","message":"Received GET request to /v1/posts/all-posts","service":"api-gateway","timestamp":"2025-12-11T12:13:09.137Z"}
{"level":"info","message":"Request body, undefined","service":"api-gateway","timestamp":"2025-12-11T12:13:09.138Z"}
{"level":"info","message":"Response received from Post service: 200","service":"api-gateway","timestamp":"2025-12-11T12:13:09.502Z"}
{"level":"info","message":"Received GET request to /v1/posts/all-posts","service":"api-gateway","timestamp":"2025-12-11T12:13:11.888Z"}
{"level":"info","message":"Request body, undefined","service":"api-gateway","timestamp":"2025-12-11T12:13:11.889Z"}
{"level":"info","message":"Response received from Post service: 200","service":"api-gateway","timestamp":"2025-12-11T12:13:11.897Z"}
{"level":"info","message":"Received POST request to /v1/posts/create-post","service":"api-gateway","timestamp":"2025-12-11T12:13:21.149Z"}
{"level":"info","message":"Request body, [object Object]","service":"api-gateway","timestamp":"2025-12-11T12:13:21.149Z"}
{"level":"info","message":"Response received from Post service: 201","service":"api-gateway","timestamp":"2025-12-11T12:13:21.317Z"}
{"level":"info","message":"Received GET request to /v1/posts/all-posts","service":"api-gateway","timestamp":"2025-12-11T12:13:23.965Z"}
{"level":"info","message":"Request body, undefined","service":"api-gateway","timestamp":"2025-12-11T12:13:23.965Z"}
{"level":"info","message":"Response received from Post service: 200","service":"api-gateway","timestamp":"2025-12-11T12:13:24.291Z"}
{"level":"info","message":"API Gateway is running on port 3000","service":"api-gateway","timestamp":"2025-12-11T12:14:37.499Z"}
{"level":"info","message":"Identity Service is running on port http://localhost:3001","service":"api-gateway","timestamp":"2025-12-11T12:14:37.504Z"}
{"level":"info","message":"Post Service is running on port http://localhost:3002","service":"api-gateway","timestamp":"2025-12-11T12:14:37.505Z"}
{"level":"info","message":"Redis URL redis://localhost:6379","service":"api-gateway","timestamp":"2025-12-11T12:14:37.505Z"}
{"level":"info","message":"Received POST request to /v1/posts/create-post","service":"api-gateway","timestamp":"2025-12-11T12:14:44.713Z"}
{"level":"info","message":"Request body, [object Object]","service":"api-gateway","timestamp":"2025-12-11T12:14:44.714Z"}
{"level":"info","message":"Response received from Post service: 201","service":"api-gateway","timestamp":"2025-12-11T12:14:44.889Z"}
{"level":"info","message":"Received GET request to /v1/posts/all-posts","service":"api-gateway","timestamp":"2025-12-11T12:14:48.672Z"}
{"level":"info","message":"Request body, undefined","service":"api-gateway","timestamp":"2025-12-11T12:14:48.672Z"}
{"level":"info","message":"Response received from Post service: 200","service":"api-gateway","timestamp":"2025-12-11T12:14:48.988Z"}
{"level":"info","message":"Received GET request to /v1/posts/all-posts","service":"api-gateway","timestamp":"2025-12-11T12:15:10.223Z"}
{"level":"info","message":"Request body, undefined","service":"api-gateway","timestamp":"2025-12-11T12:15:10.224Z"}
{"level":"info","message":"Response received from Post service: 200","service":"api-gateway","timestamp":"2025-12-11T12:15:10.230Z"}
{"level":"info","message":"Received GET request to /v1/posts/all-posts","service":"api-gateway","timestamp":"2025-12-11T12:15:11.667Z"}
{"level":"info","message":"Request body, undefined","service":"api-gateway","timestamp":"2025-12-11T12:15:11.667Z"}
{"level":"info","message":"Response received from Post service: 200","service":"api-gateway","timestamp":"2025-12-11T12:15:11.675Z"}
{"level":"info","message":"Received GET request to /v1/posts/all-posts","service":"api-gateway","timestamp":"2025-12-11T12:15:12.740Z"}
{"level":"info","message":"Request body, undefined","service":"api-gateway","timestamp":"2025-12-11T12:15:12.740Z"}
{"level":"info","message":"Response received from Post service: 200","service":"api-gateway","timestamp":"2025-12-11T12:15:12.746Z"}
{"level":"info","message":"Received GET request to /v1/posts/all-posts","service":"api-gateway","timestamp":"2025-12-11T12:15:13.772Z"}
{"level":"info","message":"Request body, undefined","service":"api-gateway","timestamp":"2025-12-11T12:15:13.772Z"}
{"level":"info","message":"Response received from Post service: 200","service":"api-gateway","timestamp":"2025-12-11T12:15:13.778Z"}
{"level":"info","message":"API Gateway is running on port 3000","service":"api-gateway","timestamp":"2025-12-11T12:15:43.752Z"}
{"level":"info","message":"Identity Service is running on port http://localhost:3001","service":"api-gateway","timestamp":"2025-12-11T12:15:43.756Z"}
{"level":"info","message":"Post Service is running on port http://localhost:3002","service":"api-gateway","timestamp":"2025-12-11T12:15:43.757Z"}
{"level":"info","message":"Redis URL redis://localhost:6379","service":"api-gateway","timestamp":"2025-12-11T12:15:43.757Z"}
{"level":"info","message":"Received GET request to /v1/posts/all-posts","service":"api-gateway","timestamp":"2025-12-11T12:50:17.532Z"}
{"level":"info","message":"Request body, undefined","service":"api-gateway","timestamp":"2025-12-11T12:50:17.534Z"}
{"level":"error","message":"Proxy error: ","service":"api-gateway","timestamp":"2025-12-11T12:50:17.551Z"}
{"level":"info","message":"Received GET request to /v1/posts/all-posts","service":"api-gateway","timestamp":"2025-12-11T12:50:37.408Z"}
{"level":"info","message":"Request body, undefined","service":"api-gateway","timestamp":"2025-12-11T12:50:37.409Z"}
{"level":"info","message":"Response received from Post service: 200","service":"api-gateway","timestamp":"2025-12-11T12:50:37.747Z"}
{"level":"info","message":"Received DELETE request to /v1/posts/693ab5b4806f5f974c2d21d5","service":"api-gateway","timestamp":"2025-12-11T12:52:43.431Z"}
{"level":"info","message":"Request body, undefined","service":"api-gateway","timestamp":"2025-12-11T12:52:43.432Z"}
{"level":"info","message":"Response received from Post service: 200","service":"api-gateway","timestamp":"2025-12-11T12:52:43.605Z"}
{"level":"info","message":"Received GET request to /v1/posts/all-posts","service":"api-gateway","timestamp":"2025-12-11T12:52:48.739Z"}
{"level":"info","message":"Request body, undefined","service":"api-gateway","timestamp":"2025-12-11T12:52:48.739Z"}
{"level":"info","message":"Response received from Post service: 200","service":"api-gateway","timestamp":"2025-12-11T12:52:49.042Z"}
{"level":"info","message":"API Gateway is running on port 3000","service":"api-gateway","timestamp":"2025-12-12T08:17:17.398Z"}
{"level":"info","message":"Identity Service is running on port http://localhost:3001","service":"api-gateway","timestamp":"2025-12-12T08:17:17.403Z"}
{"level":"info","message":"Post Service is running on port http://localhost:3002","service":"api-gateway","timestamp":"2025-12-12T08:17:17.404Z"}
{"level":"info","message":"Redis URL redis://localhost:6379","service":"api-gateway","timestamp":"2025-12-12T08:17:17.404Z"}
{"level":"info","message":"API Gateway is running on port 3000","service":"api-gateway","timestamp":"2025-12-12T08:32:55.819Z"}
{"level":"info","message":"Identity Service is running on port http://localhost:3001","service":"api-gateway","timestamp":"2025-12-12T08:32:55.824Z"}
{"level":"info","message":"Post Service is running on port http://localhost:3002","service":"api-gateway","timestamp":"2025-12-12T08:32:55.824Z"}
{"level":"info","message":"Redis URL redis://localhost:6379","service":"api-gateway","timestamp":"2025-12-12T08:32:55.825Z"}
{"level":"info","message":"API Gateway is running on port 3000","service":"api-gateway","timestamp":"2025-12-12T08:32:56.870Z"}
{"level":"info","message":"Identity Service is running on port http://localhost:3001","service":"api-gateway","timestamp":"2025-12-12T08:32:56.874Z"}
{"level":"info","message":"Post Service is running on port http://localhost:3002","service":"api-gateway","timestamp":"2025-12-12T08:32:56.875Z"}
{"level":"info","message":"Redis URL redis://localhost:6379","service":"api-gateway","timestamp":"2025-12-12T08:32:56.875Z"}
{"level":"info","message":"API Gateway is running on port 3000","service":"api-gateway","timestamp":"2025-12-12T08:33:03.182Z"}
{"level":"info","message":"Identity Service is running on port http://localhost:3001","service":"api-gateway","timestamp":"2025-12-12T08:33:03.187Z"}
{"level":"info","message":"Post Service is running on port http://localhost:3002","service":"api-gateway","timestamp":"2025-12-12T08:33:03.187Z"}
{"level":"info","message":"Redis URL redis://localhost:6379","service":"api-gateway","timestamp":"2025-12-12T08:33:03.188Z"}
{"level":"info","message":"API Gateway is running on port 3000","service":"api-gateway","timestamp":"2025-12-12T08:33:20.786Z"}
{"level":"info","message":"Identity Service is running on port http://localhost:3001","service":"api-gateway","timestamp":"2025-12-12T08:33:20.791Z"}
{"level":"info","message":"Post Service is running on port http://localhost:3002","service":"api-gateway","timestamp":"2025-12-12T08:33:20.792Z"}
{"level":"info","message":"Redis URL redis://localhost:6379","service":"api-gateway","timestamp":"2025-12-12T08:33:20.792Z"}
{"level":"info","message":"API Gateway is running on port 3000","service":"api-gateway","timestamp":"2025-12-12T08:34:05.889Z"}
{"level":"info","message":"Identity Service is running on port http://localhost:3001","service":"api-gateway","timestamp":"2025-12-12T08:34:05.894Z"}
{"level":"info","message":"Post Service is running on port http://localhost:3002","service":"api-gateway","timestamp":"2025-12-12T08:34:05.894Z"}
{"level":"info","message":"Redis URL redis://localhost:6379","service":"api-gateway","timestamp":"2025-12-12T08:34:05.895Z"}
{"level":"info","message":"API Gateway is running on port 3000","service":"api-gateway","timestamp":"2025-12-12T08:34:12.662Z"}
{"level":"info","message":"Identity Service is running on port http://localhost:3001","service":"api-gateway","timestamp":"2025-12-12T08:34:12.667Z"}
{"level":"info","message":"Post Service is running on port http://localhost:3002","service":"api-gateway","timestamp":"2025-12-12T08:34:12.667Z"}
{"level":"info","message":"Redis URL redis://localhost:6379","service":"api-gateway","timestamp":"2025-12-12T08:34:12.668Z"}
{"level":"info","message":"API Gateway is running on port 3000","service":"api-gateway","timestamp":"2025-12-12T08:34:21.925Z"}
{"level":"info","message":"Identity Service is running on port http://localhost:3001","service":"api-gateway","timestamp":"2025-12-12T08:34:21.929Z"}
{"level":"info","message":"Post Service is running on port http://localhost:3002","service":"api-gateway","timestamp":"2025-12-12T08:34:21.930Z"}
{"level":"info","message":"Redis URL redis://localhost:6379","service":"api-gateway","timestamp":"2025-12-12T08:34:21.930Z"}
{"level":"info","message":"API Gateway is running on port 3000","service":"api-gateway","timestamp":"2025-12-12T08:34:37.235Z"}
{"level":"info","message":"Identity Service is running on port http://localhost:3001","service":"api-gateway","timestamp":"2025-12-12T08:34:37.239Z"}
{"level":"info","message":"Post Service is running on port http://localhost:3002","service":"api-gateway","timestamp":"2025-12-12T08:34:37.240Z"}
{"level":"info","message":"Redis URL redis://localhost:6379","service":"api-gateway","timestamp":"2025-12-12T08:34:37.240Z"}
{"level":"info","message":"API Gateway is running on port 3000","service":"api-gateway","timestamp":"2025-12-12T08:34:39.146Z"}
{"level":"info","message":"Identity Service is running on port http://localhost:3001","service":"api-gateway","timestamp":"2025-12-12T08:34:39.150Z"}
{"level":"info","message":"Post Service is running on port http://localhost:3002","service":"api-gateway","timestamp":"2025-12-12T08:34:39.151Z"}
{"level":"info","message":"Redis URL redis://localhost:6379","service":"api-gateway","timestamp":"2025-12-12T08:34:39.151Z"}
{"level":"info","message":"API Gateway is running on port 3000","service":"api-gateway","timestamp":"2025-12-12T08:34:44.982Z"}
{"level":"info","message":"Identity Service is running on port http://localhost:3001","service":"api-gateway","timestamp":"2025-12-12T08:34:44.988Z"}
{"level":"info","message":"Post Service is running on port http://localhost:3002","service":"api-gateway","timestamp":"2025-12-12T08:34:44.989Z"}
{"level":"info","message":"Redis URL redis://localhost:6379","service":"api-gateway","timestamp":"2025-12-12T08:34:44.989Z"}
{"level":"info","message":"API Gateway is running on port 3000","service":"api-gateway","timestamp":"2025-12-12T08:35:06.087Z"}
{"level":"info","message":"Identity Service is running on port http://localhost:3001","service":"api-gateway","timestamp":"2025-12-12T08:35:06.092Z"}
{"level":"info","message":"Post Service is running on port http://localhost:3002","service":"api-gateway","timestamp":"2025-12-12T08:35:06.092Z"}
{"level":"info","message":"Redis URL redis://localhost:6379","service":"api-gateway","timestamp":"2025-12-12T08:35:06.093Z"}
{"level":"info","message":"API Gateway is running on port 3000","service":"api-gateway","timestamp":"2025-12-12T08:35:10.934Z"}
{"level":"info","message":"Identity Service is running on port http://localhost:3001","service":"api-gateway","timestamp":"2025-12-12T08:35:10.938Z"}
{"level":"info","message":"Post Service is running on port http://localhost:3002","service":"api-gateway","timestamp":"2025-12-12T08:35:10.939Z"}
{"level":"info","message":"Redis URL redis://localhost:6379","service":"api-gateway","timestamp":"2025-12-12T08:35:10.939Z"}
{"level":"info","message":"API Gateway is running on port 3000","service":"api-gateway","timestamp":"2025-12-12T08:35:31.461Z"}
{"level":"info","message":"Identity Service is running on port http://localhost:3001","service":"api-gateway","timestamp":"2025-12-12T08:35:31.465Z"}
{"level":"info","message":"Post Service is running on port http://localhost:3002","service":"api-gateway","timestamp":"2025-12-12T08:35:31.466Z"}
{"level":"info","message":"Redis URL redis://localhost:6379","service":"api-gateway","timestamp":"2025-12-12T08:35:31.467Z"}
{"level":"info","message":"API Gateway is running on port 3000","service":"api-gateway","timestamp":"2025-12-12T08:35:46.742Z"}
{"level":"info","message":"Identity Service is running on port http://localhost:3001","service":"api-gateway","timestamp":"2025-12-12T08:35:46.747Z"}
{"level":"info","message":"Post Service is running on port http://localhost:3002","service":"api-gateway","timestamp":"2025-12-12T08:35:46.748Z"}
{"level":"info","message":"Redis URL redis://localhost:6379","service":"api-gateway","timestamp":"2025-12-12T08:35:46.748Z"}
{"level":"info","message":"API Gateway is running on port 3000","service":"api-gateway","timestamp":"2025-12-12T08:36:22.113Z"}
{"level":"info","message":"Identity Service is running on port http://localhost:3001","service":"api-gateway","timestamp":"2025-12-12T08:36:22.117Z"}
{"level":"info","message":"Post Service is running on port http://localhost:3002","service":"api-gateway","timestamp":"2025-12-12T08:36:22.118Z"}
{"level":"info","message":"Redis URL redis://localhost:6379","service":"api-gateway","timestamp":"2025-12-12T08:36:22.119Z"}
{"level":"info","message":"API Gateway is running on port 3000","service":"api-gateway","timestamp":"2025-12-12T08:36:35.876Z"}
{"level":"info","message":"Identity Service is running on port http://localhost:3001","service":"api-gateway","timestamp":"2025-12-12T08:36:35.881Z"}
{"level":"info","message":"Post Service is running on port http://localhost:3002","service":"api-gateway","timestamp":"2025-12-12T08:36:35.882Z"}
{"level":"info","message":"Redis URL redis://localhost:6379","service":"api-gateway","timestamp":"2025-12-12T08:36:35.882Z"}
{"level":"info","message":"API Gateway is running on port 3000","service":"api-gateway","timestamp":"2025-12-12T08:36:43.470Z"}
{"level":"info","message":"Identity Service is running on port http://localhost:3001","service":"api-gateway","timestamp":"2025-12-12T08:36:43.475Z"}
{"level":"info","message":"Post Service is running on port http://localhost:3002","service":"api-gateway","timestamp":"2025-12-12T08:36:43.476Z"}
{"level":"info","message":"Redis URL redis://localhost:6379","service":"api-gateway","timestamp":"2025-12-12T08:36:43.476Z"}
{"level":"info","message":"API Gateway is running on port 3000","service":"api-gateway","timestamp":"2025-12-12T08:36:45.827Z"}
{"level":"info","message":"Identity Service is running on port http://localhost:3001","service":"api-gateway","timestamp":"2025-12-12T08:36:45.832Z"}
{"level":"info","message":"Post Service is running on port http://localhost:3002","service":"api-gateway","timestamp":"2025-12-12T08:36:45.833Z"}
{"level":"info","message":"Redis URL redis://localhost:6379","service":"api-gateway","timestamp":"2025-12-12T08:36:45.833Z"}
{"level":"info","message":"API Gateway is running on port 3000","service":"api-gateway","timestamp":"2025-12-12T08:37:03.826Z"}
{"level":"info","message":"Identity Service is running on port http://localhost:3001","service":"api-gateway","timestamp":"2025-12-12T08:37:03.830Z"}
{"level":"info","message":"Post Service is running on port http://localhost:3002","service":"api-gateway","timestamp":"2025-12-12T08:37:03.831Z"}
{"level":"info","message":"Redis URL redis://localhost:6379","service":"api-gateway","timestamp":"2025-12-12T08:37:03.831Z"}
{"level":"info","message":"API Gateway is running on port 3000","service":"api-gateway","timestamp":"2025-12-12T08:37:07.662Z"}
{"level":"info","message":"Identity Service is running on port http://localhost:3001","service":"api-gateway","timestamp":"2025-12-12T08:37:07.668Z"}
{"level":"info","message":"Post Service is running on port http://localhost:3002","service":"api-gateway","timestamp":"2025-12-12T08:37:07.669Z"}
{"level":"info","message":"Redis URL redis://localhost:6379","service":"api-gateway","timestamp":"2025-12-12T08:37:07.669Z"}
{"level":"info","message":"API Gateway is running on port 3000","service":"api-gateway","timestamp":"2025-12-12T08:37:08.661Z"}
{"level":"info","message":"Identity Service is running on port http://localhost:3001","service":"api-gateway","timestamp":"2025-12-12T08:37:08.665Z"}
{"level":"info","message":"Post Service is running on port http://localhost:3002","service":"api-gateway","timestamp":"2025-12-12T08:37:08.666Z"}
{"level":"info","message":"Redis URL redis://localhost:6379","service":"api-gateway","timestamp":"2025-12-12T08:37:08.666Z"}
{"level":"info","message":"API Gateway is running on port 3000","service":"api-gateway","timestamp":"2025-12-12T08:37:32.416Z"}
{"level":"info","message":"Identity Service is running on port http://localhost:3001","service":"api-gateway","timestamp":"2025-12-12T08:37:32.421Z"}
{"level":"info","message":"Post Service is running on port http://localhost:3002","service":"api-gateway","timestamp":"2025-12-12T08:37:32.421Z"}
{"level":"info","message":"Redis URL redis://localhost:6379","service":"api-gateway","timestamp":"2025-12-12T08:37:32.422Z"}
{"level":"info","message":"API Gateway is running on port 3000","service":"api-gateway","timestamp":"2025-12-12T08:37:35.158Z"}
{"level":"info","message":"Identity Service is running on port http://localhost:3001","service":"api-gateway","timestamp":"2025-12-12T08:37:35.162Z"}
{"level":"info","message":"Post Service is running on port http://localhost:3002","service":"api-gateway","timestamp":"2025-12-12T08:37:35.163Z"}
{"level":"info","message":"Redis URL redis://localhost:6379","service":"api-gateway","timestamp":"2025-12-12T08:37:35.164Z"}
{"level":"info","message":"API Gateway is running on port 3000","service":"api-gateway","timestamp":"2025-12-12T08:38:07.275Z"}
{"level":"info","message":"Identity Service is running on port http://localhost:3001","service":"api-gateway","timestamp":"2025-12-12T08:38:07.301Z"}
{"level":"info","message":"Post Service is running on port http://localhost:3002","service":"api-gateway","timestamp":"2025-12-12T08:38:07.302Z"}
{"level":"info","message":"Redis URL redis://localhost:6379","service":"api-gateway","timestamp":"2025-12-12T08:38:07.302Z"}
{"level":"info","message":"API Gateway is running on port 3000","service":"api-gateway","timestamp":"2025-12-12T08:38:16.620Z"}
{"level":"info","message":"Identity Service is running on port http://localhost:3001","service":"api-gateway","timestamp":"2025-12-12T08:38:16.626Z"}
{"level":"info","message":"Post Service is running on port http://localhost:3002","service":"api-gateway","timestamp":"2025-12-12T08:38:16.626Z"}
{"level":"info","message":"Redis URL redis://localhost:6379","service":"api-gateway","timestamp":"2025-12-12T08:38:16.627Z"}
{"level":"info","message":"API Gateway is running on port 3000","service":"api-gateway","timestamp":"2025-12-12T08:39:05.465Z"}
{"level":"info","message":"Identity Service is running on port http://localhost:3001","service":"api-gateway","timestamp":"2025-12-12T08:39:05.470Z"}
{"level":"info","message":"Post Service is running on port http://localhost:3002","service":"api-gateway","timestamp":"2025-12-12T08:39:05.471Z"}
{"level":"info","message":"Post Service is running on port http://localhost:3002","service":"api-gateway","timestamp":"2025-12-12T08:39:05.471Z"}
{"level":"info","message":"Redis URL redis://localhost:6379","service":"api-gateway","timestamp":"2025-12-12T08:39:05.471Z"}
{"level":"info","message":"API Gateway is running on port 3000","service":"api-gateway","timestamp":"2025-12-12T08:39:10.205Z"}
{"level":"info","message":"Identity Service is running on port http://localhost:3001","service":"api-gateway","timestamp":"2025-12-12T08:39:10.210Z"}
{"level":"info","message":"Post Service is running on port http://localhost:3002","service":"api-gateway","timestamp":"2025-12-12T08:39:10.210Z"}
{"level":"info","message":"Media Service is running on port http://localhost:3002","service":"api-gateway","timestamp":"2025-12-12T08:39:10.211Z"}
{"level":"info","message":"Redis URL redis://localhost:6379","service":"api-gateway","timestamp":"2025-12-12T08:39:10.211Z"}
{"level":"info","message":"API Gateway is running on port 3000","service":"api-gateway","timestamp":"2025-12-12T08:39:15.253Z"}
{"level":"info","message":"Identity Service is running on port http://localhost:3001","service":"api-gateway","timestamp":"2025-12-12T08:39:15.258Z"}
{"level":"info","message":"Post Service is running on port http://localhost:3002","service":"api-gateway","timestamp":"2025-12-12T08:39:15.258Z"}
{"level":"info","message":"Media Service is running on port http://localhost:3003","service":"api-gateway","timestamp":"2025-12-12T08:39:15.259Z"}
{"level":"info","message":"Redis URL redis://localhost:6379","service":"api-gateway","timestamp":"2025-12-12T08:39:15.259Z"}
{"level":"info","message":"Received POST request to /v1/auth/login","service":"api-gateway","timestamp":"2025-12-12T08:41:37.881Z"}
{"level":"info","message":"Request body, [object Object]","service":"api-gateway","timestamp":"2025-12-12T08:41:37.881Z"}
{"level":"info","message":"Response received from Identity service: 200","service":"api-gateway","timestamp":"2025-12-12T08:41:38.343Z"}
{"level":"info","message":"Received POST request to /v1/media/upload","service":"api-gateway","timestamp":"2025-12-12T08:42:59.767Z"}
{"level":"info","message":"Request body, undefined","service":"api-gateway","timestamp":"2025-12-12T08:42:59.768Z"}
{"level":"warn","message":"Access attempt without valid token!","service":"api-gateway","timestamp":"2025-12-12T08:42:59.768Z"}
{"level":"info","message":"Received POST request to /v1/media/upload","service":"api-gateway","timestamp":"2025-12-12T08:43:20.008Z"}
{"level":"info","message":"Request body, undefined","service":"api-gateway","timestamp":"2025-12-12T08:43:20.008Z"}
{"level":"error","message":"Proxy error: Cannot read properties of undefined (reading 'startsWith')","service":"api-gateway","timestamp":"2025-12-12T08:43:20.014Z"}
{"level":"info","message":"Received POST request to /v1/media/upload","service":"api-gateway","timestamp":"2025-12-12T08:45:11.310Z"}
{"level":"info","message":"Request body, undefined","service":"api-gateway","timestamp":"2025-12-12T08:45:11.311Z"}
{"level":"info","message":"Response received from Media service: 500","service":"api-gateway","timestamp":"2025-12-12T08:45:11.329Z"}
{"level":"info","message":"Received POST request to /v1/media/upload","service":"api-gateway","timestamp":"2025-12-12T08:47:40.302Z"}
{"level":"info","message":"Request body, undefined","service":"api-gateway","timestamp":"2025-12-12T08:47:40.303Z"}
{"level":"info","message":"Response received from Media service: 400","service":"api-gateway","timestamp":"2025-12-12T08:47:40.421Z"}
{"level":"info","message":"Received POST request to /v1/media/upload","service":"api-gateway","timestamp":"2025-12-12T08:48:29.948Z"}
{"level":"info","message":"Request body, undefined","service":"api-gateway","timestamp":"2025-12-12T08:48:29.948Z"}
{"level":"info","message":"Response received from Media service: 400","service":"api-gateway","timestamp":"2025-12-12T08:48:29.963Z"}
{"level":"info","message":"Received POST request to /v1/media/upload","service":"api-gateway","timestamp":"2025-12-12T08:50:23.332Z"}
{"level":"info","message":"Request body, undefined","service":"api-gateway","timestamp":"2025-12-12T08:50:23.333Z"}
{"level":"info","message":"Response received from Media service: 400","service":"api-gateway","timestamp":"2025-12-12T08:50:23.341Z"}
{"level":"info","message":"API Gateway is running on port 3000","service":"api-gateway","timestamp":"2025-12-12T10:34:02.126Z"}
{"level":"info","message":"Identity Service is running on port http://localhost:3001","service":"api-gateway","timestamp":"2025-12-12T10:34:02.131Z"}
{"level":"info","message":"Post Service is running on port http://localhost:3002","service":"api-gateway","timestamp":"2025-12-12T10:34:02.132Z"}
{"level":"info","message":"Media Service is running on port http://localhost:3003","service":"api-gateway","timestamp":"2025-12-12T10:34:02.132Z"}
{"level":"info","message":"Redis URL redis://localhost:6379","service":"api-gateway","timestamp":"2025-12-12T10:34:02.132Z"}
