{"level":"error","message":"Mongo connection error The `uri` parameter to `openUri()` must be a string, got \"undefined\". Make sure the first parameter to `mongoose.connect()` or `mongoose.createConnection()` is a string.","service":"media-service","stack":"MongooseError: The `uri` parameter to `openUri()` must be a string, got \"undefined\". Make sure the first parameter to `mongoose.connect()` or `mongoose.createConnection()` is a string.\n    at NativeConnection.createClient (E:\\CODES\\NodeJS\\social-media-microservices\\media-service\\node_modules\\mongoose\\lib\\drivers\\node-mongodb-native\\connection.js:230:11)\n    at NativeConnection.openUri (E:\\CODES\\NodeJS\\social-media-microservices\\media-service\\node_modules\\mongoose\\lib\\connection.js:1075:34)\n    at Mongoose.connect (E:\\CODES\\NodeJS\\social-media-microservices\\media-service\\node_modules\\mongoose\\lib\\mongoose.js:451:15)\n    at file:///E:/CODES/NodeJS/social-media-microservices/media-service/src/server.js:15:4\n    at ModuleJob.run (node:internal/modules/esm/module_job:343:25)\n    at process.processTicksAndRejections (node:internal/process/task_queues:105:5)\n    at async onImport.tracePromise.__proto__ (node:internal/modules/esm/loader:647:26)\n    at async asyncRunEntryPointWithESMLoader (node:internal/modules/run_main:117:5)","timestamp":"2025-12-12T08:16:46.852Z"}
{"level":"info","message":"Media service is running on port 3003","service":"media-service","timestamp":"2025-12-12T08:16:46.857Z"}
{"level":"error","message":"Mongo connection error The `uri` parameter to `openUri()` must be a string, got \"undefined\". Make sure the first parameter to `mongoose.connect()` or `mongoose.createConnection()` is a string.","service":"media-service","stack":"MongooseError: The `uri` parameter to `openUri()` must be a string, got \"undefined\". Make sure the first parameter to `mongoose.connect()` or `mongoose.createConnection()` is a string.\n    at NativeConnection.createClient (E:\\CODES\\NodeJS\\social-media-microservices\\media-service\\node_modules\\mongoose\\lib\\drivers\\node-mongodb-native\\connection.js:230:11)\n    at NativeConnection.openUri (E:\\CODES\\NodeJS\\social-media-microservices\\media-service\\node_modules\\mongoose\\lib\\connection.js:1075:34)\n    at Mongoose.connect (E:\\CODES\\NodeJS\\social-media-microservices\\media-service\\node_modules\\mongoose\\lib\\mongoose.js:451:15)\n    at file:///E:/CODES/NodeJS/social-media-microservices/media-service/src/server.js:15:4\n    at ModuleJob.run (node:internal/modules/esm/module_job:343:25)\n    at process.processTicksAndRejections (node:internal/process/task_queues:105:5)\n    at async onImport.tracePromise.__proto__ (node:internal/modules/esm/loader:647:26)\n    at async asyncRunEntryPointWithESMLoader (node:internal/modules/run_main:117:5)","timestamp":"2025-12-12T08:20:16.707Z"}
{"level":"info","message":"Media service is running on port 3003","service":"media-service","timestamp":"2025-12-12T08:20:16.711Z"}
{"level":"info","message":"Media service is running on port 3003","service":"media-service","timestamp":"2025-12-12T08:21:35.340Z"}
{"level":"info","message":"Connected to mongodb","service":"media-service","timestamp":"2025-12-12T08:21:37.039Z"}
{"level":"info","message":"Received POST request to /api/media/upload","service":"media-service","timestamp":"2025-12-12T08:45:11.320Z"}
{"level":"info","message":"Request body:","service":"media-service","timestamp":"2025-12-12T08:45:11.321Z"}
{"level":"error","message":"Unknown error with Multer while uploading: Multipart: Boundary not found","service":"media-service","stack":"Error: Multipart: Boundary not found\n    at new Multipart (E:\\CODES\\NodeJS\\social-media-microservices\\media-service\\node_modules\\busboy\\lib\\types\\multipart.js:233:13)\n    at getInstance (E:\\CODES\\NodeJS\\social-media-microservices\\media-service\\node_modules\\busboy\\lib\\index.js:33:12)\n    at module.exports (E:\\CODES\\NodeJS\\social-media-microservices\\media-service\\node_modules\\busboy\\lib\\index.js:56:10)\n    at multerMiddleware (E:\\CODES\\NodeJS\\social-media-microservices\\media-service\\node_modules\\multer\\lib\\make-middleware.js:38:16)\n    at file:///E:/CODES/NodeJS/social-media-microservices/media-service/src/routes/media-routes.js:21:5\n    at Layer.handleRequest (E:\\CODES\\NodeJS\\social-media-microservices\\media-service\\node_modules\\router\\lib\\layer.js:152:17)\n    at next (E:\\CODES\\NodeJS\\social-media-microservices\\media-service\\node_modules\\router\\lib\\route.js:157:13)\n    at authenticateRequest (file:///E:/CODES/NodeJS/social-media-microservices/media-service/src/middleware/authMiddleware.js:14:3)\n    at Layer.handleRequest (E:\\CODES\\NodeJS\\social-media-microservices\\media-service\\node_modules\\router\\lib\\layer.js:152:17)\n    at next (E:\\CODES\\NodeJS\\social-media-microservices\\media-service\\node_modules\\router\\lib\\route.js:157:13)","timestamp":"2025-12-12T08:45:11.324Z"}
{"level":"info","message":"Received POST request to /api/media/upload","service":"media-service","timestamp":"2025-12-12T08:47:40.310Z"}
{"level":"info","message":"Request body:","service":"media-service","timestamp":"2025-12-12T08:47:40.311Z"}
{"code":"MISSING_FIELD_NAME","level":"error","message":"Field name missing","name":"MulterError","service":"media-service","stack":"MulterError: Field name missing\n    at abortWithCode (E:\\CODES\\NodeJS\\social-media-microservices\\media-service\\node_modules\\multer\\lib\\make-middleware.js:85:22)\n    at Multipart.<anonymous> (E:\\CODES\\NodeJS\\social-media-microservices\\media-service\\node_modules\\multer\\lib\\make-middleware.js:113:37)\n    at Multipart.emit (node:events:518:28)\n    at HeaderParser.cb (E:\\CODES\\NodeJS\\social-media-microservices\\media-service\\node_modules\\busboy\\lib\\types\\multipart.js:358:14)\n    at HeaderParser.push (E:\\CODES\\NodeJS\\social-media-microservices\\media-service\\node_modules\\busboy\\lib\\types\\multipart.js:162:20)\n    at SBMH.ssCb [as _cb] (E:\\CODES\\NodeJS\\social-media-microservices\\media-service\\node_modules\\busboy\\lib\\types\\multipart.js:394:37)\n    at feed (E:\\CODES\\NodeJS\\social-media-microservices\\media-service\\node_modules\\streamsearch\\lib\\sbmh.js:200:10)\n    at SBMH.push (E:\\CODES\\NodeJS\\social-media-microservices\\media-service\\node_modules\\streamsearch\\lib\\sbmh.js:104:16)\n    at Multipart._write (E:\\CODES\\NodeJS\\social-media-microservices\\media-service\\node_modules\\busboy\\lib\\types\\multipart.js:567:19)\n    at writeOrBuffer (node:internal/streams/writable:572:12)","storageErrors":[],"timestamp":"2025-12-12T08:47:40.418Z"}
{"level":"info","message":"Received POST request to /api/media/upload","service":"media-service","timestamp":"2025-12-12T08:48:29.952Z"}
{"level":"info","message":"Request body:","service":"media-service","timestamp":"2025-12-12T08:48:29.953Z"}
{"code":"MISSING_FIELD_NAME","level":"error","message":"Field name missing","name":"MulterError","service":"media-service","stack":"MulterError: Field name missing\n    at abortWithCode (E:\\CODES\\NodeJS\\social-media-microservices\\media-service\\node_modules\\multer\\lib\\make-middleware.js:85:22)\n    at Multipart.<anonymous> (E:\\CODES\\NodeJS\\social-media-microservices\\media-service\\node_modules\\multer\\lib\\make-middleware.js:113:37)\n    at Multipart.emit (node:events:518:28)\n    at HeaderParser.cb (E:\\CODES\\NodeJS\\social-media-microservices\\media-service\\node_modules\\busboy\\lib\\types\\multipart.js:358:14)\n    at HeaderParser.push (E:\\CODES\\NodeJS\\social-media-microservices\\media-service\\node_modules\\busboy\\lib\\types\\multipart.js:162:20)\n    at SBMH.ssCb [as _cb] (E:\\CODES\\NodeJS\\social-media-microservices\\media-service\\node_modules\\busboy\\lib\\types\\multipart.js:394:37)\n    at feed (E:\\CODES\\NodeJS\\social-media-microservices\\media-service\\node_modules\\streamsearch\\lib\\sbmh.js:200:10)\n    at SBMH.push (E:\\CODES\\NodeJS\\social-media-microservices\\media-service\\node_modules\\streamsearch\\lib\\sbmh.js:104:16)\n    at Multipart._write (E:\\CODES\\NodeJS\\social-media-microservices\\media-service\\node_modules\\busboy\\lib\\types\\multipart.js:567:19)\n    at writeOrBuffer (node:internal/streams/writable:572:12)","storageErrors":[],"timestamp":"2025-12-12T08:48:29.962Z"}
{"level":"info","message":"Received POST request to /api/media/upload","service":"media-service","timestamp":"2025-12-12T08:50:23.337Z"}
{"level":"info","message":"Request body:","service":"media-service","timestamp":"2025-12-12T08:50:23.338Z"}
{"code":"MISSING_FIELD_NAME","level":"error","message":"Field name missing","name":"MulterError","service":"media-service","stack":"MulterError: Field name missing\n    at abortWithCode (E:\\CODES\\NodeJS\\social-media-microservices\\media-service\\node_modules\\multer\\lib\\make-middleware.js:85:22)\n    at Multipart.<anonymous> (E:\\CODES\\NodeJS\\social-media-microservices\\media-service\\node_modules\\multer\\lib\\make-middleware.js:113:37)\n    at Multipart.emit (node:events:518:28)\n    at HeaderParser.cb (E:\\CODES\\NodeJS\\social-media-microservices\\media-service\\node_modules\\busboy\\lib\\types\\multipart.js:358:14)\n    at HeaderParser.push (E:\\CODES\\NodeJS\\social-media-microservices\\media-service\\node_modules\\busboy\\lib\\types\\multipart.js:162:20)\n    at SBMH.ssCb [as _cb] (E:\\CODES\\NodeJS\\social-media-microservices\\media-service\\node_modules\\busboy\\lib\\types\\multipart.js:394:37)\n    at feed (E:\\CODES\\NodeJS\\social-media-microservices\\media-service\\node_modules\\streamsearch\\lib\\sbmh.js:248:10)\n    at SBMH.push (E:\\CODES\\NodeJS\\social-media-microservices\\media-service\\node_modules\\streamsearch\\lib\\sbmh.js:104:16)\n    at Multipart._write (E:\\CODES\\NodeJS\\social-media-microservices\\media-service\\node_modules\\busboy\\lib\\types\\multipart.js:567:19)\n    at writeOrBuffer (node:internal/streams/writable:572:12)","storageErrors":[],"timestamp":"2025-12-12T08:50:23.339Z"}
{"level":"info","message":"Received POST request to /api/media/upload","service":"media-service","timestamp":"2025-12-12T10:35:00.040Z"}
{"level":"info","message":"Request body:","service":"media-service","timestamp":"2025-12-12T10:35:00.041Z"}
{"code":"MISSING_FIELD_NAME","level":"error","message":"Field name missing","name":"MulterError","service":"media-service","stack":"MulterError: Field name missing\n    at abortWithCode (E:\\CODES\\NodeJS\\social-media-microservices\\media-service\\node_modules\\multer\\lib\\make-middleware.js:85:22)\n    at Multipart.<anonymous> (E:\\CODES\\NodeJS\\social-media-microservices\\media-service\\node_modules\\multer\\lib\\make-middleware.js:113:37)\n    at Multipart.emit (node:events:518:28)\n    at HeaderParser.cb (E:\\CODES\\NodeJS\\social-media-microservices\\media-service\\node_modules\\busboy\\lib\\types\\multipart.js:358:14)\n    at HeaderParser.push (E:\\CODES\\NodeJS\\social-media-microservices\\media-service\\node_modules\\busboy\\lib\\types\\multipart.js:162:20)\n    at SBMH.ssCb [as _cb] (E:\\CODES\\NodeJS\\social-media-microservices\\media-service\\node_modules\\busboy\\lib\\types\\multipart.js:394:37)\n    at feed (E:\\CODES\\NodeJS\\social-media-microservices\\media-service\\node_modules\\streamsearch\\lib\\sbmh.js:200:10)\n    at SBMH.push (E:\\CODES\\NodeJS\\social-media-microservices\\media-service\\node_modules\\streamsearch\\lib\\sbmh.js:104:16)\n    at Multipart._write (E:\\CODES\\NodeJS\\social-media-microservices\\media-service\\node_modules\\busboy\\lib\\types\\multipart.js:567:19)\n    at writeOrBuffer (node:internal/streams/writable:572:12)","storageErrors":[],"timestamp":"2025-12-12T10:35:00.046Z"}
{"level":"info","message":"Media service is running on port 3003","service":"media-service","timestamp":"2025-12-12T10:35:42.167Z"}
{"level":"info","message":"Connected to mongodb","service":"media-service","timestamp":"2025-12-12T10:35:43.851Z"}
{"level":"info","message":"Media service is running on port 3003","service":"media-service","timestamp":"2025-12-12T10:36:03.134Z"}
{"level":"info","message":"Connected to mongodb","service":"media-service","timestamp":"2025-12-12T10:36:04.690Z"}
{"level":"info","message":"Received POST request to /api/media/upload","service":"media-service","timestamp":"2025-12-12T10:36:11.449Z"}
{"level":"info","message":"Content-Type: multipart/form-data; boundary=--------------------------429879570528343405221665","service":"media-service","timestamp":"2025-12-12T10:36:11.450Z"}
{"0":"{","1":"\n","10":"n","100":"5","101":"\"","102":",","103":"\n","104":" ","105":" ","106":"\"","107":"a","108":"u","109":"t","11":"t","110":"h","111":"o","112":"r","113":"i","114":"z","115":"a","116":"t","117":"i","118":"o","119":"n","12":"-","120":"\"","121":":","122":" ","123":"\"","124":"B","125":"e","126":"a","127":"r","128":"e","129":"r","13":"t","130":" ","131":"e","132":"y","133":"J","134":"h","135":"b","136":"G","137":"c","138":"i","139":"O","14":"y","140":"i","141":"J","142":"I","143":"U","144":"z","145":"I","146":"1","147":"N","148":"i","149":"I","15":"p","150":"s","151":"I","152":"n","153":"R","154":"5","155":"c","156":"C","157":"I","158":"6","159":"I","16":"e","160":"k","161":"p","162":"X","163":"V","164":"C","165":"J","166":"9","167":".","168":"e","169":"y","17":"\"","170":"J","171":"1","172":"c","173":"2","174":"V","175":"y","176":"S","177":"W","178":"Q","179":"i","18":":","180":"O","181":"i","182":"I","183":"2","184":"O","185":"T","186":"M","187":"5","188":"M","189":"m","19":" ","190":"M","191":"3","192":"M","193":"2","194":"Y","195":"x","196":"M","197":"T","198":"k","199":"1","2":" ","20":"\"","200":"Z","201":"D","202":"M","203":"y","204":"N","205":"D","206":"d","207":"h","208":"M","209":"j","21":"m","210":"F","211":"k","212":"Y","213":"T","214":"A","215":"i","216":"L","217":"C","218":"J","219":"p","22":"u","220":"Y","221":"X","222":"Q","223":"i","224":"O","225":"j","226":"E","227":"3","228":"N","229":"j","23":"l","230":"U","231":"1","232":"M","233":"z","234":"U","235":"2","236":"O","237":"D","238":"g","239":"s","24":"t","240":"I","241":"m","242":"V","243":"4","244":"c","245":"C","246":"I","247":"6","248":"M","249":"T","25":"i","250":"c","251":"2","252":"N","253":"T","254":"U","255":"z","256":"O","257":"T","258":"I","259":"4","26":"p","260":"O","261":"H","262":"0","263":".","264":"M","265":"O","266":"9","267":"b","268":"W","269":"4","27":"a","270":"Y","271":"0","272":"Y","273":"s","274":"k","275":"m","276":"r","277":"V","278":"o","279":"t","28":"r","280":"O","281":"u","282":"0","283":"S","284":"w","285":"8","286":"M","287":"n","288":"S","289":"W","29":"t","290":"O","291":"8","292":"P","293":"4","294":"a","295":"h","296":"U","297":"U","298":"n","299":"s","3":" ","30":"/","300":"K","301":"v","302":"t","303":"T","304":"9","305":"8","306":"k","307":"\"","308":",","309":"\n","31":"f","310":" ","311":" ","312":"\"","313":"u","314":"s","315":"e","316":"r","317":"-","318":"a","319":"g","32":"o","320":"e","321":"n","322":"t","323":"\"","324":":","325":" ","326":"\"","327":"P","328":"o","329":"s","33":"r","330":"t","331":"m","332":"a","333":"n","334":"R","335":"u","336":"n","337":"t","338":"i","339":"m","34":"m","340":"e","341":"/","342":"7","343":".","344":"3","345":"9","346":".","347":"1","348":"\"","349":",","35":"-","350":"\n","351":" ","352":" ","353":"\"","354":"a","355":"c","356":"c","357":"e","358":"p","359":"t","36":"d","360":"\"","361":":","362":" ","363":"\"","364":"*","365":"/","366":"*","367":"\"","368":",","369":"\n","37":"a","370":" ","371":" ","372":"\"","373":"c","374":"a","375":"c","376":"h","377":"e","378":"-","379":"c","38":"t","380":"o","381":"n","382":"t","383":"r","384":"o","385":"l","386":"\"","387":":","388":" ","389":"\"","39":"a","390":"n","391":"o","392":"-","393":"c","394":"a","395":"c","396":"h","397":"e","398":"\"","399":",","4":"\"","40":";","400":"\n","401":" ","402":" ","403":"\"","404":"p","405":"o","406":"s","407":"t","408":"m","409":"a","41":" ","410":"n","411":"-","412":"t","413":"o","414":"k","415":"e","416":"n","417":"\"","418":":","419":" ","42":"b","420":"\"","421":"3","422":"2","423":"f","424":"b","425":"e","426":"1","427":"6","428":"2","429":"-","43":"o","430":"a","431":"e","432":"9","433":"4","434":"-","435":"4","436":"e","437":"a","438":"7","439":"-","44":"u","440":"9","441":"2","442":"9","443":"c","444":"-","445":"4","446":"d","447":"6","448":"5","449":"e","45":"n","450":"d","451":"0","452":"0","453":"1","454":"0","455":"8","456":"b","457":"\"","458":",","459":"\n","46":"d","460":" ","461":" ","462":"\"","463":"a","464":"c","465":"c","466":"e","467":"p","468":"t","469":"-","47":"a","470":"e","471":"n","472":"c","473":"o","474":"d","475":"i","476":"n","477":"g","478":"\"","479":":","48":"r","480":" ","481":"\"","482":"g","483":"z","484":"i","485":"p","486":",","487":" ","488":"d","489":"e","49":"y","490":"f","491":"l","492":"a","493":"t","494":"e","495":",","496":" ","497":"b","498":"r","499":"\"","5":"c","50":"=","500":",","501":"\n","502":" ","503":" ","504":"\"","505":"c","506":"o","507":"n","508":"t","509":"e","51":"-","510":"n","511":"t","512":"-","513":"l","514":"e","515":"n","516":"g","517":"t","518":"h","519":"\"","52":"-","520":":","521":" ","522":"\"","523":"8","524":"6","525":"2","526":"8","527":"9","528":"\"","529":",","53":"-","530":"\n","531":" ","532":" ","533":"\"","534":"c","535":"o","536":"n","537":"n","538":"e","539":"c","54":"-","540":"t","541":"i","542":"o","543":"n","544":"\"","545":":","546":" ","547":"\"","548":"c","549":"l","55":"-","550":"o","551":"s","552":"e","553":"\"","554":",","555":"\n","556":" ","557":" ","558":"\"","559":"x","56":"-","560":"-","561":"u","562":"s","563":"e","564":"r","565":"-","566":"i","567":"d","568":"\"","569":":","57":"-","570":" ","571":"\"","572":"6","573":"9","574":"3","575":"9","576":"2","577":"c","578":"7","579":"3","58":"-","580":"f","581":"1","582":"1","583":"9","584":"5","585":"d","586":"3","587":"2","588":"4","589":"7","59":"-","590":"a","591":"2","592":"1","593":"d","594":"a","595":"0","596":"\"","597":",","598":"\n","599":" ","6":"o","60":"-","600":" ","601":"\"","602":"h","603":"o","604":"s","605":"t","606":"\"","607":":","608":" ","609":"\"","61":"-","610":"l","611":"o","612":"c","613":"a","614":"l","615":"h","616":"o","617":"s","618":"t","619":":","62":"-","620":"3","621":"0","622":"0","623":"3","624":"\"","625":"\n","626":"}","63":"-","64":"-","65":"-","66":"-","67":"-","68":"-","69":"-","7":"n","70":"-","71":"-","72":"-","73":"-","74":"-","75":"-","76":"-","77":"4","78":"2","79":"9","8":"t","80":"8","81":"7","82":"9","83":"5","84":"7","85":"0","86":"5","87":"2","88":"8","89":"3","9":"e","90":"4","91":"3","92":"4","93":"0","94":"5","95":"2","96":"2","97":"1","98":"6","99":"6","level":"info","message":"Headers:","service":"media-service","timestamp":"2025-12-12T10:36:11.452Z"}
{"code":"MISSING_FIELD_NAME","level":"error","message":"Field name missing","name":"MulterError","service":"media-service","stack":"MulterError: Field name missing\n    at abortWithCode (E:\\CODES\\NodeJS\\social-media-microservices\\media-service\\node_modules\\multer\\lib\\make-middleware.js:85:22)\n    at Multipart.<anonymous> (E:\\CODES\\NodeJS\\social-media-microservices\\media-service\\node_modules\\multer\\lib\\make-middleware.js:113:37)\n    at Multipart.emit (node:events:518:28)\n    at HeaderParser.cb (E:\\CODES\\NodeJS\\social-media-microservices\\media-service\\node_modules\\busboy\\lib\\types\\multipart.js:358:14)\n    at HeaderParser.push (E:\\CODES\\NodeJS\\social-media-microservices\\media-service\\node_modules\\busboy\\lib\\types\\multipart.js:162:20)\n    at SBMH.ssCb [as _cb] (E:\\CODES\\NodeJS\\social-media-microservices\\media-service\\node_modules\\busboy\\lib\\types\\multipart.js:394:37)\n    at feed (E:\\CODES\\NodeJS\\social-media-microservices\\media-service\\node_modules\\streamsearch\\lib\\sbmh.js:200:10)\n    at SBMH.push (E:\\CODES\\NodeJS\\social-media-microservices\\media-service\\node_modules\\streamsearch\\lib\\sbmh.js:104:16)\n    at Multipart._write (E:\\CODES\\NodeJS\\social-media-microservices\\media-service\\node_modules\\busboy\\lib\\types\\multipart.js:567:19)\n    at writeOrBuffer (node:internal/streams/writable:572:12)","storageErrors":[],"timestamp":"2025-12-12T10:36:11.462Z"}
{"level":"info","message":"Media service is running on port 3003","service":"media-service","timestamp":"2025-12-12T10:36:54.873Z"}
{"level":"info","message":"Connected to mongodb","service":"media-service","timestamp":"2025-12-12T10:36:56.522Z"}
{"level":"info","message":"Media service is running on port 3003","service":"media-service","timestamp":"2025-12-12T10:37:09.650Z"}
{"level":"info","message":"Connected to mongodb","service":"media-service","timestamp":"2025-12-12T10:37:11.196Z"}
{"level":"info","message":"Received POST request to /api/media/upload","service":"media-service","timestamp":"2025-12-12T10:38:10.387Z"}
{"level":"info","message":"Content-Type: multipart/form-data; boundary=--------------------------384752698449771621742177","service":"media-service","timestamp":"2025-12-12T10:38:10.388Z"}
{"code":"MISSING_FIELD_NAME","level":"error","message":"Field name missing","name":"MulterError","service":"media-service","stack":"MulterError: Field name missing\n    at abortWithCode (E:\\CODES\\NodeJS\\social-media-microservices\\media-service\\node_modules\\multer\\lib\\make-middleware.js:85:22)\n    at Multipart.<anonymous> (E:\\CODES\\NodeJS\\social-media-microservices\\media-service\\node_modules\\multer\\lib\\make-middleware.js:113:37)\n    at Multipart.emit (node:events:518:28)\n    at HeaderParser.cb (E:\\CODES\\NodeJS\\social-media-microservices\\media-service\\node_modules\\busboy\\lib\\types\\multipart.js:358:14)\n    at HeaderParser.push (E:\\CODES\\NodeJS\\social-media-microservices\\media-service\\node_modules\\busboy\\lib\\types\\multipart.js:162:20)\n    at SBMH.ssCb [as _cb] (E:\\CODES\\NodeJS\\social-media-microservices\\media-service\\node_modules\\busboy\\lib\\types\\multipart.js:394:37)\n    at feed (E:\\CODES\\NodeJS\\social-media-microservices\\media-service\\node_modules\\streamsearch\\lib\\sbmh.js:200:10)\n    at SBMH.push (E:\\CODES\\NodeJS\\social-media-microservices\\media-service\\node_modules\\streamsearch\\lib\\sbmh.js:104:16)\n    at Multipart._write (E:\\CODES\\NodeJS\\social-media-microservices\\media-service\\node_modules\\busboy\\lib\\types\\multipart.js:567:19)\n    at writeOrBuffer (node:internal/streams/writable:572:12)","storageErrors":[],"timestamp":"2025-12-12T10:38:10.394Z"}
{"level":"info","message":"Received POST request to /api/media/upload","service":"media-service","timestamp":"2025-12-12T10:38:24.178Z"}
{"level":"info","message":"Content-Type: multipart/form-data; boundary=--------------------------524373374018444835945717","service":"media-service","timestamp":"2025-12-12T10:38:24.179Z"}
{"level":"info","message":"Starting media upload","service":"media-service","timestamp":"2025-12-12T10:38:24.190Z"}
{"level":"info","message":"File details: name=undefined, type=undefined","service":"media-service","timestamp":"2025-12-12T10:38:24.191Z"}
{"level":"info","message":"Uploading to cloudinary starting...","service":"media-service","timestamp":"2025-12-12T10:38:24.191Z"}
{"level":"info","message":"Cloudinary upload successfully. Public ID dyjcenxd4o8n60fgblnh","service":"media-service","timestamp":"2025-12-12T10:38:25.876Z"}
{"level":"error","message":"Error uploading the file MediaCapabilities is not defined","service":"media-service","stack":"ReferenceError: MediaCapabilities is not defined\n    at uploadMedia (file:///E:/CODES/NodeJS/social-media-microservices/media-service/src/controllers/media-controller.js:27:31)\n    at process.processTicksAndRejections (node:internal/process/task_queues:105:5)","timestamp":"2025-12-12T10:38:25.877Z"}
{"level":"info","message":"Media service is running on port 3003","service":"media-service","timestamp":"2025-12-12T10:39:07.709Z"}
{"level":"info","message":"Media service is running on port 3003","service":"media-service","timestamp":"2025-12-12T10:39:09.785Z"}
{"level":"info","message":"Connected to mongodb","service":"media-service","timestamp":"2025-12-12T10:39:11.336Z"}
{"level":"info","message":"Media service is running on port 3003","service":"media-service","timestamp":"2025-12-12T10:39:23.512Z"}
{"level":"info","message":"Connected to mongodb","service":"media-service","timestamp":"2025-12-12T10:39:25.051Z"}
{"level":"info","message":"Received POST request to /api/media/upload","service":"media-service","timestamp":"2025-12-12T10:39:31.733Z"}
{"level":"info","message":"Content-Type: multipart/form-data; boundary=--------------------------513820595701855647447051","service":"media-service","timestamp":"2025-12-12T10:39:31.734Z"}
{"level":"info","message":"Starting media upload","service":"media-service","timestamp":"2025-12-12T10:39:31.747Z"}
{"level":"info","message":"File details: name=undefined, type=undefined","service":"media-service","timestamp":"2025-12-12T10:39:31.748Z"}
{"level":"info","message":"Uploading to cloudinary starting...","service":"media-service","timestamp":"2025-12-12T10:39:31.748Z"}
{"level":"info","message":"Cloudinary upload successfully. Public ID ayvbpxopmqjtqqyr7px6","service":"media-service","timestamp":"2025-12-12T10:39:33.532Z"}
{"_message":"Media validation failed","errors":{"mimeType":{"kind":"required","message":"Path `mimeType` is required.","name":"ValidatorError","path":"mimeType","properties":{"message":"Path `mimeType` is required.","path":"mimeType","type":"required"}},"originalName":{"kind":"required","message":"Path `originalName` is required.","name":"ValidatorError","path":"originalName","properties":{"message":"Path `originalName` is required.","path":"originalName","type":"required"}}},"level":"error","message":"Error uploading the file Media validation failed: originalName: Path `originalName` is required., mimeType: Path `mimeType` is required.","service":"media-service","stack":"ValidationError: Media validation failed: originalName: Path `originalName` is required., mimeType: Path `mimeType` is required.\n    at Document.invalidate (E:\\CODES\\NodeJS\\social-media-microservices\\media-service\\node_modules\\mongoose\\lib\\document.js:3370:32)\n    at validatePath (E:\\CODES\\NodeJS\\social-media-microservices\\media-service\\node_modules\\mongoose\\lib\\document.js:3145:13)\n    at process.processTicksAndRejections (node:internal/process/task_queues:105:5)\n    at async Promise.all (index 1)\n    at async model.$__validate (E:\\CODES\\NodeJS\\social-media-microservices\\media-service\\node_modules\\mongoose\\lib\\document.js:3086:3)\n    at async model.validate (E:\\CODES\\NodeJS\\social-media-microservices\\media-service\\node_modules\\mongoose\\lib\\document.js:2663:5)\n    at async model.validateBeforeSave (E:\\CODES\\NodeJS\\social-media-microservices\\media-service\\node_modules\\mongoose\\lib\\plugins\\validateBeforeSave.js:34:7)\n    at async Kareem.execPre (E:\\CODES\\NodeJS\\social-media-microservices\\media-service\\node_modules\\kareem\\index.js:65:24)\n    at async model.$__save (E:\\CODES\\NodeJS\\social-media-microservices\\media-service\\node_modules\\mongoose\\lib\\model.js:369:5)\n    at async model.save (E:\\CODES\\NodeJS\\social-media-microservices\\media-service\\node_modules\\mongoose\\lib\\model.js:609:5)","timestamp":"2025-12-12T10:39:33.557Z"}
{"level":"info","message":"Received POST request to /api/media/upload","service":"media-service","timestamp":"2025-12-12T10:40:53.052Z"}
{"level":"info","message":"Content-Type: multipart/form-data; boundary=--------------------------008023162430272853020753","service":"media-service","timestamp":"2025-12-12T10:40:53.052Z"}
{"level":"info","message":"Starting media upload","service":"media-service","timestamp":"2025-12-12T10:40:53.059Z"}
{"level":"info","message":"File details: name=undefined, type=undefined","service":"media-service","timestamp":"2025-12-12T10:40:53.059Z"}
{"level":"info","message":"Uploading to cloudinary starting...","service":"media-service","timestamp":"2025-12-12T10:40:53.060Z"}
{"level":"info","message":"Cloudinary upload successfully. Public ID sw07sgjdejxbacmczfo8","service":"media-service","timestamp":"2025-12-12T10:40:54.906Z"}
{"_message":"Media validation failed","errors":{"mimeType":{"kind":"required","message":"Path `mimeType` is required.","name":"ValidatorError","path":"mimeType","properties":{"message":"Path `mimeType` is required.","path":"mimeType","type":"required"}},"originalName":{"kind":"required","message":"Path `originalName` is required.","name":"ValidatorError","path":"originalName","properties":{"message":"Path `originalName` is required.","path":"originalName","type":"required"}}},"level":"error","message":"Error uploading the file Media validation failed: originalName: Path `originalName` is required., mimeType: Path `mimeType` is required.","service":"media-service","stack":"ValidationError: Media validation failed: originalName: Path `originalName` is required., mimeType: Path `mimeType` is required.\n    at Document.invalidate (E:\\CODES\\NodeJS\\social-media-microservices\\media-service\\node_modules\\mongoose\\lib\\document.js:3370:32)\n    at validatePath (E:\\CODES\\NodeJS\\social-media-microservices\\media-service\\node_modules\\mongoose\\lib\\document.js:3145:13)\n    at process.processTicksAndRejections (node:internal/process/task_queues:105:5)\n    at async Promise.all (index 1)\n    at async model.$__validate (E:\\CODES\\NodeJS\\social-media-microservices\\media-service\\node_modules\\mongoose\\lib\\document.js:3086:3)\n    at async model.validate (E:\\CODES\\NodeJS\\social-media-microservices\\media-service\\node_modules\\mongoose\\lib\\document.js:2663:5)\n    at async model.validateBeforeSave (E:\\CODES\\NodeJS\\social-media-microservices\\media-service\\node_modules\\mongoose\\lib\\plugins\\validateBeforeSave.js:34:7)\n    at async Kareem.execPre (E:\\CODES\\NodeJS\\social-media-microservices\\media-service\\node_modules\\kareem\\index.js:65:24)\n    at async model.$__save (E:\\CODES\\NodeJS\\social-media-microservices\\media-service\\node_modules\\mongoose\\lib\\model.js:369:5)\n    at async model.save (E:\\CODES\\NodeJS\\social-media-microservices\\media-service\\node_modules\\mongoose\\lib\\model.js:609:5)","timestamp":"2025-12-12T10:40:54.911Z"}
{"level":"info","message":"Media service is running on port 3003","service":"media-service","timestamp":"2025-12-12T10:41:40.100Z"}
{"level":"info","message":"Connected to mongodb","service":"media-service","timestamp":"2025-12-12T10:41:41.749Z"}
{"level":"info","message":"Media service is running on port 3003","service":"media-service","timestamp":"2025-12-12T10:41:48.707Z"}
{"level":"info","message":"Connected to mongodb","service":"media-service","timestamp":"2025-12-12T10:41:50.276Z"}
{"level":"info","message":"Received POST request to /api/media/upload","service":"media-service","timestamp":"2025-12-12T10:41:55.335Z"}
{"level":"info","message":"Content-Type: multipart/form-data; boundary=--------------------------299531896113457135900692","service":"media-service","timestamp":"2025-12-12T10:41:55.335Z"}
{"level":"info","message":"Starting media upload","service":"media-service","timestamp":"2025-12-12T10:41:55.346Z"}
{"level":"info","message":"File details: name=4.jpeg, type=image/jpeg","service":"media-service","timestamp":"2025-12-12T10:41:55.347Z"}
{"level":"info","message":"Uploading to cloudinary starting...","service":"media-service","timestamp":"2025-12-12T10:41:55.348Z"}
{"level":"info","message":"Cloudinary upload successfully. Public ID ufjtvlwbokp94caz2csr","service":"media-service","timestamp":"2025-12-12T10:41:56.965Z"}
{"level":"info","message":"Media service is running on port 3003","service":"media-service","timestamp":"2025-12-12T10:43:53.716Z"}
{"level":"info","message":"Connected to mongodb","service":"media-service","timestamp":"2025-12-12T10:43:55.312Z"}
{"level":"info","message":"Media service is running on port 3003","service":"media-service","timestamp":"2025-12-12T10:44:06.498Z"}
{"level":"info","message":"Connected to mongodb","service":"media-service","timestamp":"2025-12-12T10:44:08.505Z"}
{"level":"info","message":"Media service is running on port 3003","service":"media-service","timestamp":"2025-12-12T10:44:26.273Z"}
{"level":"info","message":"Connected to mongodb","service":"media-service","timestamp":"2025-12-12T10:44:27.895Z"}
{"level":"info","message":"Media service is running on port 3003","service":"media-service","timestamp":"2025-12-12T10:44:34.345Z"}
{"level":"info","message":"Connected to mongodb","service":"media-service","timestamp":"2025-12-12T10:44:35.936Z"}
{"level":"info","message":"Media service is running on port 3003","service":"media-service","timestamp":"2025-12-17T06:05:37.926Z"}
{"level":"info","message":"Connected to mongodb","service":"media-service","timestamp":"2025-12-17T06:05:39.608Z"}
{"level":"info","message":"Media service is running on port 3003","service":"media-service","timestamp":"2025-12-17T06:07:46.942Z"}
{"level":"info","message":"Connected to mongodb","service":"media-service","timestamp":"2025-12-17T06:07:48.635Z"}
{"level":"info","message":"Media service is running on port 3003","service":"media-service","timestamp":"2025-12-17T06:08:55.242Z"}
{"level":"info","message":"Connected to mongodb","service":"media-service","timestamp":"2025-12-17T06:08:56.865Z"}
{"level":"info","message":"Media service is running on port 3003","service":"media-service","timestamp":"2025-12-17T06:09:05.455Z"}
{"level":"info","message":"Media service is running on port 3003","service":"media-service","timestamp":"2025-12-17T06:09:06.962Z"}
{"level":"info","message":"Connected to mongodb","service":"media-service","timestamp":"2025-12-17T06:09:08.506Z"}
{"level":"info","message":"Media service is running on port 3003","service":"media-service","timestamp":"2025-12-17T06:09:12.543Z"}
{"level":"info","message":"Connected to mongodb","service":"media-service","timestamp":"2025-12-17T06:09:14.125Z"}
{"level":"info","message":"Media service is running on port 3003","service":"media-service","timestamp":"2025-12-17T06:09:16.940Z"}
{"level":"info","message":"Connected to mongodb","service":"media-service","timestamp":"2025-12-17T06:09:18.462Z"}
{"level":"info","message":"Media service is running on port 3003","service":"media-service","timestamp":"2025-12-17T06:09:39.671Z"}
{"level":"info","message":"Connected to mongodb","service":"media-service","timestamp":"2025-12-17T06:09:41.214Z"}
{"level":"info","message":"Media service is running on port 3003","service":"media-service","timestamp":"2025-12-17T06:09:47.905Z"}
{"level":"info","message":"Media service is running on port 3003","service":"media-service","timestamp":"2025-12-17T06:09:50.710Z"}
{"level":"info","message":"Connected to mongodb","service":"media-service","timestamp":"2025-12-17T06:09:52.236Z"}
{"level":"info","message":"Media service is running on port 3003","service":"media-service","timestamp":"2025-12-17T06:10:04.044Z"}
{"level":"info","message":"Connected to mongodb","service":"media-service","timestamp":"2025-12-17T06:10:05.579Z"}
{"level":"info","message":"Media service is running on port 3003","service":"media-service","timestamp":"2025-12-17T06:10:09.322Z"}
{"level":"info","message":"Connected to mongodb","service":"media-service","timestamp":"2025-12-17T06:10:10.860Z"}
{"level":"info","message":"Media service is running on port 3003","service":"media-service","timestamp":"2025-12-17T06:10:14.425Z"}
{"level":"info","message":"Connected to mongodb","service":"media-service","timestamp":"2025-12-17T06:10:15.959Z"}
{"level":"info","message":"Media service is running on port 3003","service":"media-service","timestamp":"2025-12-17T06:10:20.325Z"}
{"level":"info","message":"Connected to mongodb","service":"media-service","timestamp":"2025-12-17T06:10:21.923Z"}
{"level":"info","message":"Media service is running on port 3003","service":"media-service","timestamp":"2025-12-17T06:10:26.035Z"}
{"level":"info","message":"Connected to mongodb","service":"media-service","timestamp":"2025-12-17T06:10:27.590Z"}
{"level":"info","message":"Media service is running on port 3003","service":"media-service","timestamp":"2025-12-17T06:10:30.349Z"}
{"level":"info","message":"Connected to mongodb","service":"media-service","timestamp":"2025-12-17T06:10:31.955Z"}
{"level":"info","message":"Media service is running on port 3003","service":"media-service","timestamp":"2025-12-17T06:10:48.785Z"}
{"level":"info","message":"Connected to mongodb","service":"media-service","timestamp":"2025-12-17T06:10:50.342Z"}
{"level":"info","message":"Media service is running on port 3003","service":"media-service","timestamp":"2025-12-17T06:11:16.439Z"}
{"level":"info","message":"Connected to mongodb","service":"media-service","timestamp":"2025-12-17T06:11:18.082Z"}
{"level":"info","message":"Media service is running on port 3003","service":"media-service","timestamp":"2025-12-17T06:11:35.379Z"}
{"level":"info","message":"Media service is running on port 3003","service":"media-service","timestamp":"2025-12-17T06:11:36.651Z"}
{"level":"info","message":"Connected to mongodb","service":"media-service","timestamp":"2025-12-17T06:11:38.174Z"}
{"level":"info","message":"Media service is running on port 3003","service":"media-service","timestamp":"2025-12-17T06:11:52.285Z"}
{"level":"info","message":"Connected to mongodb","service":"media-service","timestamp":"2025-12-17T06:11:53.828Z"}
{"level":"info","message":"Media service is running on port 3003","service":"media-service","timestamp":"2025-12-17T06:11:56.079Z"}
{"level":"info","message":"Media service is running on port 3003","service":"media-service","timestamp":"2025-12-17T06:11:58.626Z"}
{"level":"info","message":"Connected to mongodb","service":"media-service","timestamp":"2025-12-17T06:12:00.191Z"}
{"level":"info","message":"Media service is running on port 3003","service":"media-service","timestamp":"2025-12-17T06:12:08.583Z"}
{"level":"info","message":"Connected to mongodb","service":"media-service","timestamp":"2025-12-17T06:12:10.153Z"}
{"level":"info","message":"Media service is running on port 3003","service":"media-service","timestamp":"2025-12-17T06:12:12.101Z"}
{"level":"info","message":"Connected to mongodb","service":"media-service","timestamp":"2025-12-17T06:12:13.621Z"}
{"level":"info","message":"Media service is running on port 3003","service":"media-service","timestamp":"2025-12-17T06:12:23.110Z"}
{"level":"info","message":"Connected to mongodb","service":"media-service","timestamp":"2025-12-17T06:12:24.765Z"}
{"level":"info","message":"Media service is running on port 3003","service":"media-service","timestamp":"2025-12-17T06:12:27.203Z"}
{"level":"info","message":"Connected to mongodb","service":"media-service","timestamp":"2025-12-17T06:12:28.741Z"}
{"level":"info","message":"Media service is running on port 3003","service":"media-service","timestamp":"2025-12-17T06:12:34.170Z"}
{"level":"info","message":"Media service is running on port 3003","service":"media-service","timestamp":"2025-12-17T06:12:36.821Z"}
{"level":"info","message":"Connected to mongodb","service":"media-service","timestamp":"2025-12-17T06:12:38.355Z"}
{"level":"info","message":"Media service is running on port 3003","service":"media-service","timestamp":"2025-12-17T06:12:40.353Z"}
{"level":"info","message":"Connected to mongodb","service":"media-service","timestamp":"2025-12-17T06:12:41.902Z"}
{"level":"info","message":"Media service is running on port 3003","service":"media-service","timestamp":"2025-12-17T06:12:45.279Z"}
{"level":"info","message":"Connected to mongodb","service":"media-service","timestamp":"2025-12-17T06:12:46.809Z"}
{"level":"info","message":"Media service is running on port 3003","service":"media-service","timestamp":"2025-12-17T06:12:48.994Z"}
{"level":"info","message":"Connected to mongodb","service":"media-service","timestamp":"2025-12-17T06:12:50.575Z"}
{"level":"info","message":"Media service is running on port 3003","service":"media-service","timestamp":"2025-12-17T06:12:55.069Z"}
{"level":"info","message":"Connected to mongodb","service":"media-service","timestamp":"2025-12-17T06:12:56.590Z"}
{"level":"info","message":"Media service is running on port 3003","service":"media-service","timestamp":"2025-12-17T06:12:58.764Z"}
{"level":"info","message":"Connected to mongodb","service":"media-service","timestamp":"2025-12-17T06:13:00.327Z"}
{"level":"info","message":"Media service is running on port 3003","service":"media-service","timestamp":"2025-12-17T06:13:10.466Z"}
{"level":"info","message":"Connected to mongodb","service":"media-service","timestamp":"2025-12-17T06:13:11.981Z"}
{"level":"info","message":"Media service is running on port 3003","service":"media-service","timestamp":"2025-12-17T06:13:15.100Z"}
{"level":"info","message":"Connected to mongodb","service":"media-service","timestamp":"2025-12-17T06:13:16.615Z"}
{"level":"info","message":"Media service is running on port 3003","service":"media-service","timestamp":"2025-12-17T06:13:34.280Z"}
{"level":"info","message":"Media service is running on port 3003","service":"media-service","timestamp":"2025-12-17T06:13:35.697Z"}
{"level":"info","message":"Connected to mongodb","service":"media-service","timestamp":"2025-12-17T06:13:37.218Z"}
{"level":"info","message":"Media service is running on port 3003","service":"media-service","timestamp":"2025-12-17T06:13:42.892Z"}
{"level":"info","message":"Connected to mongodb","service":"media-service","timestamp":"2025-12-17T06:13:44.401Z"}
{"level":"info","message":"Media service is running on port 3003","service":"media-service","timestamp":"2025-12-17T06:13:46.137Z"}
{"level":"info","message":"Connected to mongodb","service":"media-service","timestamp":"2025-12-17T06:13:47.706Z"}
{"level":"info","message":"Received GET request to /api/media/get","service":"media-service","timestamp":"2025-12-17T06:18:27.677Z"}
{"level":"info","message":"Content-Type: undefined","service":"media-service","timestamp":"2025-12-17T06:18:27.678Z"}
{"level":"info","message":"Received POST request to /api/media/upload","service":"media-service","timestamp":"2025-12-17T06:19:45.960Z"}
{"level":"info","message":"Content-Type: multipart/form-data; boundary=--------------------------897966920317221610222827","service":"media-service","timestamp":"2025-12-17T06:19:45.960Z"}
{"level":"info","message":"Starting media upload","service":"media-service","timestamp":"2025-12-17T06:19:45.983Z"}
{"level":"info","message":"File details: name=4.jpeg, type=image/jpeg","service":"media-service","timestamp":"2025-12-17T06:19:45.983Z"}
{"level":"info","message":"Uploading to cloudinary starting...","service":"media-service","timestamp":"2025-12-17T06:19:45.984Z"}
{"level":"info","message":"Cloudinary upload successfully. Public ID iflbeiesermpjqznvpst","service":"media-service","timestamp":"2025-12-17T06:19:47.534Z"}
{"level":"info","message":"Received GET request to /api/media/get","service":"media-service","timestamp":"2025-12-17T06:19:55.290Z"}
{"level":"info","message":"Content-Type: undefined","service":"media-service","timestamp":"2025-12-17T06:19:55.290Z"}
{"level":"info","message":"Media service is running on port 3003","service":"media-service","timestamp":"2025-12-17T06:28:19.530Z"}
{"level":"info","message":"Connected to mongodb","service":"media-service","timestamp":"2025-12-17T06:28:21.179Z"}
{"level":"info","message":"Media service is running on port 3003","service":"media-service","timestamp":"2025-12-17T06:29:29.514Z"}
{"level":"info","message":"Connected to mongodb","service":"media-service","timestamp":"2025-12-17T06:29:31.162Z"}
{"level":"info","message":"Media service is running on port 3003","service":"media-service","timestamp":"2025-12-17T06:29:33.737Z"}
{"level":"info","message":"Connected to mongodb","service":"media-service","timestamp":"2025-12-17T06:29:35.242Z"}
{"level":"info","message":"Media service is running on port 3003","service":"media-service","timestamp":"2025-12-17T06:29:42.233Z"}
{"level":"info","message":"Connected to mongodb","service":"media-service","timestamp":"2025-12-17T06:29:44.418Z"}
{"level":"info","message":"Media service is running on port 3003","service":"media-service","timestamp":"2025-12-17T06:29:45.690Z"}
{"level":"info","message":"Media service is running on port 3003","service":"media-service","timestamp":"2025-12-17T06:29:48.151Z"}
{"level":"info","message":"Connected to mongodb","service":"media-service","timestamp":"2025-12-17T06:29:49.734Z"}
{"level":"info","message":"Media service is running on port 3003","service":"media-service","timestamp":"2025-12-17T06:29:55.433Z"}
{"level":"info","message":"Media service is running on port 3003","service":"media-service","timestamp":"2025-12-17T06:29:57.918Z"}
{"level":"info","message":"Connected to mongodb","service":"media-service","timestamp":"2025-12-17T06:29:59.396Z"}
{"level":"info","message":"Media service is running on port 3003","service":"media-service","timestamp":"2025-12-17T06:30:03.935Z"}
{"level":"info","message":"Connected to mongodb","service":"media-service","timestamp":"2025-12-17T06:30:05.653Z"}
{"level":"info","message":"Media service is running on port 3003","service":"media-service","timestamp":"2025-12-17T06:30:14.556Z"}
{"level":"info","message":"Connected to mongodb","service":"media-service","timestamp":"2025-12-17T06:30:16.087Z"}
{"level":"info","message":"Media service is running on port 3003","service":"media-service","timestamp":"2025-12-17T06:30:17.649Z"}
{"level":"info","message":"Media service is running on port 3003","service":"media-service","timestamp":"2025-12-17T06:30:20.180Z"}
{"level":"info","message":"Connected to mongodb","service":"media-service","timestamp":"2025-12-17T06:30:21.703Z"}
{"level":"info","message":"Media service is running on port 3003","service":"media-service","timestamp":"2025-12-17T06:30:23.699Z"}
{"level":"info","message":"Connected to mongodb","service":"media-service","timestamp":"2025-12-17T06:30:25.211Z"}
{"level":"info","message":"Media service is running on port 3003","service":"media-service","timestamp":"2025-12-17T06:30:26.842Z"}
{"level":"info","message":"Connected to mongodb","service":"media-service","timestamp":"2025-12-17T06:30:29.641Z"}
{"level":"info","message":"Media service is running on port 3003","service":"media-service","timestamp":"2025-12-17T06:30:33.031Z"}
{"level":"info","message":"Connected to mongodb","service":"media-service","timestamp":"2025-12-17T06:30:34.659Z"}
{"level":"info","message":"Media service is running on port 3003","service":"media-service","timestamp":"2025-12-17T06:30:41.968Z"}
{"level":"info","message":"Media service is running on port 3003","service":"media-service","timestamp":"2025-12-17T06:30:43.366Z"}
{"level":"info","message":"Media service is running on port 3003","service":"media-service","timestamp":"2025-12-17T06:30:48.246Z"}
{"level":"info","message":"Connected to mongodb","service":"media-service","timestamp":"2025-12-17T06:30:50.678Z"}
{"level":"info","message":"Media service is running on port 3003","service":"media-service","timestamp":"2025-12-17T06:31:21.488Z"}
{"level":"info","message":"Connected to mongodb","service":"media-service","timestamp":"2025-12-17T06:31:23.014Z"}
{"level":"info","message":"Media service is running on port 3003","service":"media-service","timestamp":"2025-12-17T06:31:40.828Z"}
{"level":"info","message":"Connected to mongodb","service":"media-service","timestamp":"2025-12-17T06:31:42.453Z"}
{"level":"info","message":"Media service is running on port 3003","service":"media-service","timestamp":"2025-12-17T06:31:43.922Z"}
{"level":"info","message":"Connected to mongodb","service":"media-service","timestamp":"2025-12-17T06:31:45.449Z"}
{"level":"info","message":"Media service is running on port 3003","service":"media-service","timestamp":"2025-12-17T06:31:49.480Z"}
{"level":"info","message":"Connected to mongodb","service":"media-service","timestamp":"2025-12-17T06:31:51.108Z"}
{"level":"info","message":"Media service is running on port 3003","service":"media-service","timestamp":"2025-12-17T06:31:52.735Z"}
{"level":"info","message":"Connected to mongodb","service":"media-service","timestamp":"2025-12-17T06:31:54.266Z"}
{"level":"info","message":"Media service is running on port 3003","service":"media-service","timestamp":"2025-12-17T06:32:01.231Z"}
{"level":"info","message":"Connected to mongodb","service":"media-service","timestamp":"2025-12-17T06:32:02.771Z"}
{"level":"info","message":"Media service is running on port 3003","service":"media-service","timestamp":"2025-12-17T06:32:05.487Z"}
{"level":"info","message":"Connected to mongodb","service":"media-service","timestamp":"2025-12-17T06:32:07.043Z"}
{"level":"info","message":"Media service is running on port 3003","service":"media-service","timestamp":"2025-12-17T06:32:31.567Z"}
{"level":"info","message":"Connected to mongodb","service":"media-service","timestamp":"2025-12-17T06:32:33.096Z"}
{"level":"info","message":"Media service is running on port 3003","service":"media-service","timestamp":"2025-12-17T06:32:37.605Z"}
{"level":"info","message":"Connected to mongodb","service":"media-service","timestamp":"2025-12-17T06:32:39.133Z"}
{"level":"info","message":"Media service is running on port 3003","service":"media-service","timestamp":"2025-12-17T06:32:40.547Z"}
{"level":"info","message":"Connected to mongodb","service":"media-service","timestamp":"2025-12-17T06:32:42.167Z"}
{"level":"info","message":"Media service is running on port 3003","service":"media-service","timestamp":"2025-12-17T06:32:47.188Z"}
{"level":"info","message":"Media service is running on port 3003","service":"media-service","timestamp":"2025-12-17T06:32:49.441Z"}
{"level":"info","message":"Connected to mongodb","service":"media-service","timestamp":"2025-12-17T06:32:50.972Z"}
{"level":"info","message":"Media service is running on port 3003","service":"media-service","timestamp":"2025-12-17T06:32:56.895Z"}
{"level":"info","message":"Connected to mongodb","service":"media-service","timestamp":"2025-12-17T06:32:58.422Z"}
{"level":"info","message":"Media service is running on port 3003","service":"media-service","timestamp":"2025-12-17T06:33:02.558Z"}
{"level":"info","message":"Media service is running on port 3003","service":"media-service","timestamp":"2025-12-17T06:33:04.431Z"}
{"level":"info","message":"Connected to mongodb","service":"media-service","timestamp":"2025-12-17T06:33:05.988Z"}
{"level":"info","message":"Media service is running on port 3003","service":"media-service","timestamp":"2025-12-17T06:33:10.318Z"}
{"level":"info","message":"Media service is running on port 3003","service":"media-service","timestamp":"2025-12-17T06:33:12.494Z"}
{"level":"info","message":"Connected to mongodb","service":"media-service","timestamp":"2025-12-17T06:33:14.025Z"}
{"level":"info","message":"Media service is running on port 3003","service":"media-service","timestamp":"2025-12-17T06:33:15.698Z"}
{"level":"info","message":"Connected to mongodb","service":"media-service","timestamp":"2025-12-17T06:33:17.269Z"}
{"level":"info","message":"Media service is running on port 3003","service":"media-service","timestamp":"2025-12-17T06:33:25.877Z"}
{"level":"info","message":"Media service is running on port 3003","service":"media-service","timestamp":"2025-12-17T06:33:27.443Z"}
{"level":"info","message":"Connected to mongodb","service":"media-service","timestamp":"2025-12-17T06:33:29.037Z"}
{"level":"info","message":"Media service is running on port 3003","service":"media-service","timestamp":"2025-12-17T06:33:33.409Z"}
{"level":"info","message":"Connected to mongodb","service":"media-service","timestamp":"2025-12-17T06:33:34.993Z"}
{"level":"info","message":"Media service is running on port 3003","service":"media-service","timestamp":"2025-12-17T06:33:36.454Z"}
{"level":"info","message":"Connected to mongodb","service":"media-service","timestamp":"2025-12-17T06:33:37.965Z"}
{"level":"info","message":"Media service is running on port 3003","service":"media-service","timestamp":"2025-12-17T06:33:39.634Z"}
{"level":"info","message":"Connected to mongodb","service":"media-service","timestamp":"2025-12-17T06:33:41.211Z"}
{"level":"info","message":"Media service is running on port 3003","service":"media-service","timestamp":"2025-12-17T06:33:42.901Z"}
{"level":"info","message":"Connected to mongodb","service":"media-service","timestamp":"2025-12-17T06:33:44.451Z"}
{"level":"info","message":"Media service is running on port 3003","service":"media-service","timestamp":"2025-12-17T06:33:49.037Z"}
{"level":"info","message":"Connected to mongodb","service":"media-service","timestamp":"2025-12-17T06:33:50.578Z"}
{"level":"info","message":"Media service is running on port 3003","service":"media-service","timestamp":"2025-12-17T06:33:59.624Z"}
{"level":"info","message":"Connected to mongodb","service":"media-service","timestamp":"2025-12-17T06:34:01.148Z"}
{"level":"info","message":"Media service is running on port 3003","service":"media-service","timestamp":"2025-12-17T06:34:04.417Z"}
{"level":"info","message":"Media service is running on port 3003","service":"media-service","timestamp":"2025-12-17T06:34:06.697Z"}
{"level":"info","message":"Connected to mongodb","service":"media-service","timestamp":"2025-12-17T06:34:08.254Z"}
{"level":"info","message":"Media service is running on port 3003","service":"media-service","timestamp":"2025-12-17T06:34:12.497Z"}
{"level":"info","message":"Connected to mongodb","service":"media-service","timestamp":"2025-12-17T06:34:14.010Z"}
{"level":"info","message":"Media service is running on port 3003","service":"media-service","timestamp":"2025-12-17T06:34:19.594Z"}
{"level":"info","message":"Connected to mongodb","service":"media-service","timestamp":"2025-12-17T06:34:21.131Z"}
{"level":"info","message":"Media service is running on port 3003","service":"media-service","timestamp":"2025-12-17T06:34:22.886Z"}
{"level":"info","message":"Media service is running on port 3003","service":"media-service","timestamp":"2025-12-17T06:34:25.700Z"}
{"level":"info","message":"Connected to mongodb","service":"media-service","timestamp":"2025-12-17T06:34:27.232Z"}
{"level":"info","message":"Media service is running on port 3003","service":"media-service","timestamp":"2025-12-17T06:34:28.541Z"}
{"level":"info","message":"Connected to mongodb","service":"media-service","timestamp":"2025-12-17T06:34:30.123Z"}
{"level":"info","message":"Media service is running on port 3003","service":"media-service","timestamp":"2025-12-17T06:34:36.705Z"}
{"level":"info","message":"Connected to mongodb","service":"media-service","timestamp":"2025-12-17T06:34:38.250Z"}
{"level":"info","message":"Media service is running on port 3003","service":"media-service","timestamp":"2025-12-17T06:34:46.137Z"}
{"level":"info","message":"Connected to mongodb","service":"media-service","timestamp":"2025-12-17T06:34:47.726Z"}
{"level":"info","message":"Media service is running on port 3003","service":"media-service","timestamp":"2025-12-17T06:34:49.597Z"}
{"level":"info","message":"Connected to mongodb","service":"media-service","timestamp":"2025-12-17T06:34:51.154Z"}
{"level":"info","message":"Media service is running on port 3003","service":"media-service","timestamp":"2025-12-17T06:34:53.276Z"}
{"level":"info","message":"Connected to mongodb","service":"media-service","timestamp":"2025-12-17T06:34:54.798Z"}
{"level":"info","message":"Media service is running on port 3003","service":"media-service","timestamp":"2025-12-17T06:35:10.385Z"}
{"level":"info","message":"Connected to mongodb","service":"media-service","timestamp":"2025-12-17T06:35:11.933Z"}
{"level":"info","message":"Media service is running on port 3003","service":"media-service","timestamp":"2025-12-17T06:35:13.988Z"}
{"level":"info","message":"Connected to mongodb","service":"media-service","timestamp":"2025-12-17T06:35:15.599Z"}
{"level":"info","message":"Media service is running on port 3003","service":"media-service","timestamp":"2025-12-17T06:35:24.756Z"}
{"level":"info","message":"Connected to mongodb","service":"media-service","timestamp":"2025-12-17T06:35:26.306Z"}
{"level":"info","message":"Media service is running on port 3003","service":"media-service","timestamp":"2025-12-17T06:35:27.795Z"}
{"level":"info","message":"Connected to mongodb","service":"media-service","timestamp":"2025-12-17T06:35:29.329Z"}
{"level":"info","message":"Media service is running on port 3003","service":"media-service","timestamp":"2025-12-17T06:35:35.249Z"}
{"level":"info","message":"Media service is running on port 3003","service":"media-service","timestamp":"2025-12-17T06:35:37.427Z"}
{"level":"info","message":"Connected to mongodb","service":"media-service","timestamp":"2025-12-17T06:35:39.022Z"}
{"level":"info","message":"Media service is running on port 3003","service":"media-service","timestamp":"2025-12-17T06:35:42.431Z"}
{"level":"info","message":"Media service is running on port 3003","service":"media-service","timestamp":"2025-12-17T06:35:43.787Z"}
{"level":"info","message":"Connected to mongodb","service":"media-service","timestamp":"2025-12-17T06:35:45.304Z"}
{"level":"info","message":"Media service is running on port 3003","service":"media-service","timestamp":"2025-12-17T06:35:47.670Z"}
{"level":"info","message":"Media service is running on port 3003","service":"media-service","timestamp":"2025-12-17T06:35:49.005Z"}
{"level":"info","message":"Media service is running on port 3003","service":"media-service","timestamp":"2025-12-17T06:35:50.987Z"}
{"level":"info","message":"Connected to mongodb","service":"media-service","timestamp":"2025-12-17T06:35:52.510Z"}
{"level":"info","message":"Media service is running on port 3003","service":"media-service","timestamp":"2025-12-17T06:36:01.095Z"}
{"level":"info","message":"Media service is running on port 3003","service":"media-service","timestamp":"2025-12-17T06:36:02.573Z"}
{"level":"info","message":"Connected to mongodb","service":"media-service","timestamp":"2025-12-17T06:36:04.112Z"}
{"level":"info","message":"Media service is running on port 3003","service":"media-service","timestamp":"2025-12-17T06:36:31.658Z"}
{"level":"info","message":"Connected to mongodb","service":"media-service","timestamp":"2025-12-17T06:36:33.215Z"}
{"level":"info","message":"Media service is running on port 3003","service":"media-service","timestamp":"2025-12-17T06:36:51.809Z"}
{"level":"info","message":"Connected to mongodb","service":"media-service","timestamp":"2025-12-17T06:36:53.407Z"}
{"level":"info","message":"Media service is running on port 3003","service":"media-service","timestamp":"2025-12-17T06:37:00.813Z"}
{"level":"info","message":"Media service is running on port 3003","service":"media-service","timestamp":"2025-12-17T06:37:03.436Z"}
{"level":"info","message":"Connected to mongodb","service":"media-service","timestamp":"2025-12-17T06:37:05.000Z"}
{"level":"info","message":"Media service is running on port 3003","service":"media-service","timestamp":"2025-12-17T06:37:10.064Z"}
{"level":"info","message":"Media service is running on port 3003","service":"media-service","timestamp":"2025-12-17T06:37:12.051Z"}
{"level":"info","message":"Media service is running on port 3003","service":"media-service","timestamp":"2025-12-17T06:37:13.890Z"}
{"level":"info","message":"Connected to mongodb","service":"media-service","timestamp":"2025-12-17T06:37:15.388Z"}
{"level":"info","message":"Media service is running on port 3003","service":"media-service","timestamp":"2025-12-17T06:37:17.672Z"}
{"level":"info","message":"Connected to mongodb","service":"media-service","timestamp":"2025-12-17T06:37:19.217Z"}
{"level":"info","message":"Connected to mongodb","service":"media-service","timestamp":"2025-12-17T06:37:37.763Z"}
{"level":"info","message":"Connected to mongodb","service":"media-service","timestamp":"2025-12-17T06:37:41.037Z"}
{"level":"info","message":"Connected to mongodb","service":"media-service","timestamp":"2025-12-17T06:37:45.998Z"}
{"level":"info","message":"Connected to mongodb","service":"media-service","timestamp":"2025-12-17T06:37:53.960Z"}
{"level":"info","message":"Connected to mongodb","service":"media-service","timestamp":"2025-12-17T06:38:01.045Z"}
{"level":"info","message":"Connected to rabbit mq","service":"media-service","timestamp":"2025-12-17T06:38:13.077Z"}
{"level":"info","message":"Media service is running on port 3003","service":"media-service","timestamp":"2025-12-17T06:38:13.085Z"}
{"level":"info","message":"Connected to mongodb","service":"media-service","timestamp":"2025-12-17T06:38:14.566Z"}
{"level":"info","message":"Connected to rabbit mq","service":"media-service","timestamp":"2025-12-17T06:43:22.185Z"}
{"level":"info","message":"Media service is running on port 3003","service":"media-service","timestamp":"2025-12-17T06:43:22.196Z"}
{"level":"info","message":"Connected to mongodb","service":"media-service","timestamp":"2025-12-17T06:43:23.839Z"}
{"level":"info","message":"Connected to rabbit mq","service":"media-service","timestamp":"2025-12-17T06:43:26.654Z"}
{"level":"info","message":"Media service is running on port 3003","service":"media-service","timestamp":"2025-12-17T06:43:26.664Z"}
{"level":"info","message":"Connected to mongodb","service":"media-service","timestamp":"2025-12-17T06:43:28.143Z"}
{"level":"info","message":"Connected to rabbit mq","service":"media-service","timestamp":"2025-12-17T06:43:29.672Z"}
{"level":"info","message":"Media service is running on port 3003","service":"media-service","timestamp":"2025-12-17T06:43:29.679Z"}
{"level":"info","message":"Connected to mongodb","service":"media-service","timestamp":"2025-12-17T06:43:31.200Z"}
{"level":"info","message":"Connected to rabbit mq","service":"media-service","timestamp":"2025-12-17T06:43:34.136Z"}
{"0":"r","1":"e","2":"a","3":"s","4":"o","5":"n","6":":","level":"error","message":"Unhandled Rejection at","service":"media-service","timestamp":"2025-12-17T06:43:34.140Z"}
{"level":"info","message":"Connected to rabbit mq","service":"media-service","timestamp":"2025-12-17T06:43:36.614Z"}
{"level":"info","message":"Media service is running on port 3003","service":"media-service","timestamp":"2025-12-17T06:43:36.621Z"}
{"level":"info","message":"Connected to rabbit mq","service":"media-service","timestamp":"2025-12-17T06:43:39.184Z"}
{"level":"info","message":"Subscribed to event: undefined","service":"media-service","timestamp":"2025-12-17T06:43:39.434Z"}
{"level":"info","message":"Media service is running on port 3003","service":"media-service","timestamp":"2025-12-17T06:43:39.439Z"}
{"level":"info","message":"Connected to mongodb","service":"media-service","timestamp":"2025-12-17T06:43:40.691Z"}
{"level":"info","message":"Connected to rabbit mq","service":"media-service","timestamp":"2025-12-17T06:44:03.220Z"}
{"level":"info","message":"Subscribed to event: post.deleted","service":"media-service","timestamp":"2025-12-17T06:44:03.232Z"}
{"level":"info","message":"Media service is running on port 3003","service":"media-service","timestamp":"2025-12-17T06:44:03.239Z"}
{"level":"info","message":"Connected to mongodb","service":"media-service","timestamp":"2025-12-17T06:44:04.615Z"}
{"level":"info","message":"Connected to rabbit mq","service":"media-service","timestamp":"2025-12-17T06:44:39.898Z"}
{"level":"info","message":"Subscribed to event: post.deleted","service":"media-service","timestamp":"2025-12-17T06:44:39.910Z"}
{"level":"info","message":"Media service is running on port 3003","service":"media-service","timestamp":"2025-12-17T06:44:39.916Z"}
{"level":"info","message":"Connected to mongodb","service":"media-service","timestamp":"2025-12-17T06:44:41.521Z"}
{"level":"info","message":"Connected to rabbit mq","service":"media-service","timestamp":"2025-12-17T06:44:50.702Z"}
{"level":"info","message":"Subscribed to event: post.deleted","service":"media-service","timestamp":"2025-12-17T06:44:50.714Z"}
{"level":"info","message":"Media service is running on port 3003","service":"media-service","timestamp":"2025-12-17T06:44:50.719Z"}
{"level":"info","message":"Connected to mongodb","service":"media-service","timestamp":"2025-12-17T06:44:52.301Z"}
{"level":"info","message":"Connected to rabbit mq","service":"media-service","timestamp":"2025-12-17T06:44:54.105Z"}
{"level":"info","message":"Subscribed to event: post.deleted","service":"media-service","timestamp":"2025-12-17T06:44:54.119Z"}
{"level":"info","message":"Media service is running on port 3003","service":"media-service","timestamp":"2025-12-17T06:44:54.123Z"}
{"level":"info","message":"Connected to rabbit mq","service":"media-service","timestamp":"2025-12-17T06:44:56.983Z"}
{"level":"info","message":"Subscribed to event: post.deleted","service":"media-service","timestamp":"2025-12-17T06:44:57.000Z"}
{"level":"info","message":"Media service is running on port 3003","service":"media-service","timestamp":"2025-12-17T06:44:57.006Z"}
{"level":"info","message":"Connected to mongodb","service":"media-service","timestamp":"2025-12-17T06:44:58.466Z"}
{"level":"info","message":"Connected to rabbit mq","service":"media-service","timestamp":"2025-12-17T06:45:03.632Z"}
{"level":"info","message":"Subscribed to event: post.deleted","service":"media-service","timestamp":"2025-12-17T06:45:03.644Z"}
{"level":"info","message":"Media service is running on port 3003","service":"media-service","timestamp":"2025-12-17T06:45:03.649Z"}
{"level":"info","message":"Connected to mongodb","service":"media-service","timestamp":"2025-12-17T06:45:05.137Z"}
{"level":"info","message":"Connected to rabbit mq","service":"media-service","timestamp":"2025-12-17T06:45:09.544Z"}
{"level":"info","message":"Subscribed to event: post.deleted","service":"media-service","timestamp":"2025-12-17T06:45:09.565Z"}
{"level":"info","message":"Media service is running on port 3003","service":"media-service","timestamp":"2025-12-17T06:45:09.569Z"}
{"level":"info","message":"Connected to mongodb","service":"media-service","timestamp":"2025-12-17T06:45:11.053Z"}
{"level":"info","message":"Connected to rabbit mq","service":"media-service","timestamp":"2025-12-17T06:45:15.346Z"}
{"level":"info","message":"Subscribed to event: post.deleted","service":"media-service","timestamp":"2025-12-17T06:45:15.412Z"}
{"level":"info","message":"Media service is running on port 3003","service":"media-service","timestamp":"2025-12-17T06:45:15.416Z"}
{"level":"info","message":"Connected to mongodb","service":"media-service","timestamp":"2025-12-17T06:45:16.828Z"}
{"level":"info","message":"Connected to rabbit mq","service":"media-service","timestamp":"2025-12-17T06:45:19.542Z"}
{"level":"info","message":"Subscribed to event: post.deleted","service":"media-service","timestamp":"2025-12-17T06:45:19.556Z"}
{"level":"info","message":"Media service is running on port 3003","service":"media-service","timestamp":"2025-12-17T06:45:19.560Z"}
{"level":"info","message":"Connected to mongodb","service":"media-service","timestamp":"2025-12-17T06:45:21.024Z"}
{"level":"info","message":"Connected to rabbit mq","service":"media-service","timestamp":"2025-12-17T06:45:25.197Z"}
{"level":"info","message":"Subscribed to event: post.deleted","service":"media-service","timestamp":"2025-12-17T06:45:25.217Z"}
{"level":"info","message":"Media service is running on port 3003","service":"media-service","timestamp":"2025-12-17T06:45:25.221Z"}
{"level":"info","message":"Connected to mongodb","service":"media-service","timestamp":"2025-12-17T06:45:26.703Z"}
{"level":"info","message":"Connected to rabbit mq","service":"media-service","timestamp":"2025-12-17T06:45:32.438Z"}
{"level":"info","message":"Subscribed to event: post.deleted","service":"media-service","timestamp":"2025-12-17T06:45:32.454Z"}
{"level":"info","message":"Media service is running on port 3003","service":"media-service","timestamp":"2025-12-17T06:45:32.458Z"}
{"level":"info","message":"Connected to mongodb","service":"media-service","timestamp":"2025-12-17T06:45:34.015Z"}
{"level":"info","message":"Connected to rabbit mq","service":"media-service","timestamp":"2025-12-17T06:45:42.920Z"}
{"level":"info","message":"Subscribed to event: post.deleted","service":"media-service","timestamp":"2025-12-17T06:45:42.937Z"}
{"level":"info","message":"Media service is running on port 3003","service":"media-service","timestamp":"2025-12-17T06:45:42.941Z"}
{"level":"info","message":"Connected to rabbit mq","service":"media-service","timestamp":"2025-12-17T06:45:45.364Z"}
{"0":"r","1":"e","2":"a","3":"s","4":"o","5":"n","6":":","level":"error","message":"Unhandled Rejection at","service":"media-service","timestamp":"2025-12-17T06:45:45.368Z"}
{"level":"info","message":"Connected to mongodb","service":"media-service","timestamp":"2025-12-17T06:45:46.874Z"}
{"level":"info","message":"Connected to rabbit mq","service":"media-service","timestamp":"2025-12-17T06:45:53.261Z"}
{"0":"r","1":"e","2":"a","3":"s","4":"o","5":"n","6":":","level":"error","message":"Unhandled Rejection at","service":"media-service","timestamp":"2025-12-17T06:45:53.266Z"}
{"level":"info","message":"Connected to mongodb","service":"media-service","timestamp":"2025-12-17T06:45:54.803Z"}
{"level":"info","message":"Connected to rabbit mq","service":"media-service","timestamp":"2025-12-17T06:45:57.649Z"}
{"level":"info","message":"Subscribed to event: post.deleted","service":"media-service","timestamp":"2025-12-17T06:45:57.662Z"}
{"level":"info","message":"Media service is running on port 3003","service":"media-service","timestamp":"2025-12-17T06:45:57.667Z"}
{"level":"info","message":"Connected to mongodb","service":"media-service","timestamp":"2025-12-17T06:45:59.118Z"}
{"level":"info","message":"Connected to rabbit mq","service":"media-service","timestamp":"2025-12-17T06:46:36.681Z"}
{"level":"info","message":"Subscribed to event: post.deleted","service":"media-service","timestamp":"2025-12-17T06:46:36.696Z"}
{"level":"info","message":"Media service is running on port 3003","service":"media-service","timestamp":"2025-12-17T06:46:36.702Z"}
{"level":"info","message":"Connected to rabbit mq","service":"media-service","timestamp":"2025-12-17T06:46:38.454Z"}
{"level":"info","message":"Subscribed to event: post.deleted","service":"media-service","timestamp":"2025-12-17T06:46:38.468Z"}
{"level":"info","message":"Media service is running on port 3003","service":"media-service","timestamp":"2025-12-17T06:46:38.472Z"}
{"level":"info","message":"Connected to rabbit mq","service":"media-service","timestamp":"2025-12-17T06:46:40.617Z"}
{"level":"info","message":"Subscribed to event: post.deleted","service":"media-service","timestamp":"2025-12-17T06:46:40.634Z"}
{"level":"info","message":"Media service is running on port 3003","service":"media-service","timestamp":"2025-12-17T06:46:40.640Z"}
{"level":"info","message":"Connected to mongodb","service":"media-service","timestamp":"2025-12-17T06:46:42.123Z"}
{"level":"info","message":"Connected to rabbit mq","service":"media-service","timestamp":"2025-12-17T06:46:43.651Z"}
{"level":"info","message":"Subscribed to event: post.deleted","service":"media-service","timestamp":"2025-12-17T06:46:43.665Z"}
{"level":"info","message":"Media service is running on port 3003","service":"media-service","timestamp":"2025-12-17T06:46:43.670Z"}
{"level":"info","message":"Connected to mongodb","service":"media-service","timestamp":"2025-12-17T06:46:45.273Z"}
{"level":"info","message":"Received POST request to /api/media/upload","service":"media-service","timestamp":"2025-12-17T06:49:54.805Z"}
{"level":"info","message":"Content-Type: multipart/form-data; boundary=--------------------------728643607128724235160726","service":"media-service","timestamp":"2025-12-17T06:49:54.806Z"}
{"level":"info","message":"Starting media upload","service":"media-service","timestamp":"2025-12-17T06:49:54.816Z"}
{"level":"info","message":"File details: name=chichilaki.jpg, type=image/jpeg","service":"media-service","timestamp":"2025-12-17T06:49:54.816Z"}
{"level":"info","message":"Uploading to cloudinary starting...","service":"media-service","timestamp":"2025-12-17T06:49:54.816Z"}
{"level":"info","message":"Cloudinary upload successfully. Public ID hador6v6z0jnnee8mrnn","service":"media-service","timestamp":"2025-12-17T06:49:56.602Z"}
{"level":"info","message":"Received GET request to /api/media/get","service":"media-service","timestamp":"2025-12-17T06:50:12.274Z"}
{"level":"info","message":"Content-Type: undefined","service":"media-service","timestamp":"2025-12-17T06:50:12.274Z"}
{"level":"info","message":"Received GET request to /api/media/get","service":"media-service","timestamp":"2025-12-17T07:07:32.572Z"}
{"level":"info","message":"Content-Type: undefined","service":"media-service","timestamp":"2025-12-17T07:07:32.572Z"}
{"level":"info","message":"Connected to rabbit mq","service":"media-service","timestamp":"2025-12-17T07:16:21.762Z"}
{"level":"info","message":"Subscribed to event: post.deleted","service":"media-service","timestamp":"2025-12-17T07:16:21.780Z"}
{"level":"info","message":"Media service is running on port 3003","service":"media-service","timestamp":"2025-12-17T07:16:21.786Z"}
{"level":"info","message":"Connected to mongodb","service":"media-service","timestamp":"2025-12-17T07:16:23.255Z"}
{"level":"info","message":"Connected to rabbit mq","service":"media-service","timestamp":"2025-12-17T07:16:32.979Z"}
{"level":"info","message":"Subscribed to event: post.deleted","service":"media-service","timestamp":"2025-12-17T07:16:32.997Z"}
{"level":"info","message":"Media service is running on port 3003","service":"media-service","timestamp":"2025-12-17T07:16:33.003Z"}
{"level":"info","message":"Connected to mongodb","service":"media-service","timestamp":"2025-12-17T07:16:34.474Z"}
{"level":"info","message":"Connected to rabbit mq","service":"media-service","timestamp":"2025-12-17T07:16:42.839Z"}
{"level":"info","message":"Subscribed to event: post.deleted","service":"media-service","timestamp":"2025-12-17T07:16:42.853Z"}
{"level":"info","message":"Media service is running on port 3003","service":"media-service","timestamp":"2025-12-17T07:16:42.858Z"}
{"level":"info","message":"Connected to mongodb","service":"media-service","timestamp":"2025-12-17T07:16:44.345Z"}
{"level":"info","message":"Connected to rabbit mq","service":"media-service","timestamp":"2025-12-17T07:16:52.989Z"}
{"level":"info","message":"Subscribed to event: post.deleted","service":"media-service","timestamp":"2025-12-17T07:16:53.003Z"}
{"level":"info","message":"Media service is running on port 3003","service":"media-service","timestamp":"2025-12-17T07:16:53.007Z"}
{"level":"info","message":"Connected to rabbit mq","service":"media-service","timestamp":"2025-12-17T07:16:55.050Z"}
{"level":"info","message":"Subscribed to event: post.deleted","service":"media-service","timestamp":"2025-12-17T07:16:55.063Z"}
{"level":"info","message":"Media service is running on port 3003","service":"media-service","timestamp":"2025-12-17T07:16:55.069Z"}
{"level":"info","message":"Connected to mongodb","service":"media-service","timestamp":"2025-12-17T07:16:56.511Z"}
{"level":"info","message":"Connected to rabbit mq","service":"media-service","timestamp":"2025-12-17T07:18:47.893Z"}
{"level":"info","message":"Subscribed to event: post.deleted","service":"media-service","timestamp":"2025-12-17T07:18:47.907Z"}
{"level":"info","message":"Media service is running on port 3003","service":"media-service","timestamp":"2025-12-17T07:18:47.912Z"}
{"level":"info","message":"Connected to mongodb","service":"media-service","timestamp":"2025-12-17T07:18:49.522Z"}
{"level":"info","message":"Connected to rabbit mq","service":"media-service","timestamp":"2025-12-17T07:19:02.260Z"}
{"level":"info","message":"Subscribed to event: post.deleted","service":"media-service","timestamp":"2025-12-17T07:19:02.350Z"}
{"level":"info","message":"Media service is running on port 3003","service":"media-service","timestamp":"2025-12-17T07:19:02.354Z"}
{"level":"info","message":"Connected to mongodb","service":"media-service","timestamp":"2025-12-17T07:19:03.750Z"}
{"level":"info","message":"Connected to rabbit mq","service":"media-service","timestamp":"2025-12-17T07:19:17.454Z"}
{"level":"info","message":"Subscribed to event: post.deleted","service":"media-service","timestamp":"2025-12-17T07:19:17.469Z"}
{"level":"info","message":"Media service is running on port 3003","service":"media-service","timestamp":"2025-12-17T07:19:17.475Z"}
{"level":"info","message":"Connected to mongodb","service":"media-service","timestamp":"2025-12-17T07:19:18.853Z"}
{"level":"info","message":"Connected to rabbit mq","service":"media-service","timestamp":"2025-12-17T07:19:27.052Z"}
{"level":"info","message":"Subscribed to event: post.deleted","service":"media-service","timestamp":"2025-12-17T07:19:27.064Z"}
{"level":"info","message":"Media service is running on port 3003","service":"media-service","timestamp":"2025-12-17T07:19:27.069Z"}
{"level":"info","message":"Connected to mongodb","service":"media-service","timestamp":"2025-12-17T07:19:28.543Z"}
{"level":"info","message":"Connected to rabbit mq","service":"media-service","timestamp":"2025-12-17T07:19:44.833Z"}
{"level":"info","message":"Subscribed to event: post.deleted","service":"media-service","timestamp":"2025-12-17T07:19:44.928Z"}
{"level":"info","message":"Media service is running on port 3003","service":"media-service","timestamp":"2025-12-17T07:19:44.932Z"}
{"level":"info","message":"Connected to mongodb","service":"media-service","timestamp":"2025-12-17T07:19:46.348Z"}
{"level":"info","message":"Connected to rabbit mq","service":"media-service","timestamp":"2025-12-17T07:19:50.095Z"}
{"level":"info","message":"Subscribed to event: post.deleted","service":"media-service","timestamp":"2025-12-17T07:19:50.183Z"}
{"level":"info","message":"Media service is running on port 3003","service":"media-service","timestamp":"2025-12-17T07:19:50.189Z"}
{"level":"info","message":"Connected to rabbit mq","service":"media-service","timestamp":"2025-12-17T07:19:58.608Z"}
{"level":"info","message":"Subscribed to event: post.deleted","service":"media-service","timestamp":"2025-12-17T07:19:58.625Z"}
{"level":"info","message":"Media service is running on port 3003","service":"media-service","timestamp":"2025-12-17T07:19:58.629Z"}
{"level":"info","message":"Connected to rabbit mq","service":"media-service","timestamp":"2025-12-17T07:20:00.244Z"}
{"level":"info","message":"Subscribed to event: post.deleted","service":"media-service","timestamp":"2025-12-17T07:20:00.260Z"}
{"level":"info","message":"Media service is running on port 3003","service":"media-service","timestamp":"2025-12-17T07:20:00.265Z"}
{"level":"info","message":"Connected to mongodb","service":"media-service","timestamp":"2025-12-17T07:20:01.727Z"}
{"level":"info","message":"Connected to rabbit mq","service":"media-service","timestamp":"2025-12-17T07:20:09.362Z"}
{"level":"info","message":"Subscribed to event: post.deleted","service":"media-service","timestamp":"2025-12-17T07:20:09.378Z"}
{"level":"info","message":"Media service is running on port 3003","service":"media-service","timestamp":"2025-12-17T07:20:09.383Z"}
{"level":"info","message":"Connected to mongodb","service":"media-service","timestamp":"2025-12-17T07:20:10.882Z"}
{"level":"info","message":"Connected to rabbit mq","service":"media-service","timestamp":"2025-12-17T07:20:20.113Z"}
{"level":"info","message":"Subscribed to event: post.deleted","service":"media-service","timestamp":"2025-12-17T07:20:20.189Z"}
{"level":"info","message":"Media service is running on port 3003","service":"media-service","timestamp":"2025-12-17T07:20:20.194Z"}
{"level":"info","message":"Connected to mongodb","service":"media-service","timestamp":"2025-12-17T07:20:21.775Z"}
{"level":"info","message":"Connected to rabbit mq","service":"media-service","timestamp":"2025-12-17T07:20:30.917Z"}
{"level":"info","message":"Subscribed to event: post.deleted","service":"media-service","timestamp":"2025-12-17T07:20:30.933Z"}
{"level":"info","message":"Media service is running on port 3003","service":"media-service","timestamp":"2025-12-17T07:20:30.937Z"}
{"level":"info","message":"Connected to mongodb","service":"media-service","timestamp":"2025-12-17T07:20:32.382Z"}
{"level":"info","message":"Connected to rabbit mq","service":"media-service","timestamp":"2025-12-17T07:20:42.789Z"}
{"level":"info","message":"Subscribed to event: post.deleted","service":"media-service","timestamp":"2025-12-17T07:20:42.885Z"}
{"level":"info","message":"Media service is running on port 3003","service":"media-service","timestamp":"2025-12-17T07:20:42.891Z"}
{"level":"info","message":"Connected to rabbit mq","service":"media-service","timestamp":"2025-12-17T07:20:52.513Z"}
{"level":"info","message":"Subscribed to event: post.deleted","service":"media-service","timestamp":"2025-12-17T07:20:52.526Z"}
{"level":"info","message":"Media service is running on port 3003","service":"media-service","timestamp":"2025-12-17T07:20:52.531Z"}
{"level":"info","message":"Connected to mongodb","service":"media-service","timestamp":"2025-12-17T07:20:54.155Z"}
{"level":"info","message":"Connected to rabbit mq","service":"media-service","timestamp":"2025-12-17T07:21:05.470Z"}
{"level":"info","message":"Subscribed to event: post.deleted","service":"media-service","timestamp":"2025-12-17T07:21:05.541Z"}
{"level":"info","message":"Media service is running on port 3003","service":"media-service","timestamp":"2025-12-17T07:21:05.547Z"}
{"level":"info","message":"Connected to mongodb","service":"media-service","timestamp":"2025-12-17T07:21:06.937Z"}
{"level":"info","message":"Connected to rabbit mq","service":"media-service","timestamp":"2025-12-17T07:21:08.889Z"}
{"level":"info","message":"Subscribed to event: post.deleted","service":"media-service","timestamp":"2025-12-17T07:21:08.965Z"}
{"level":"info","message":"Media service is running on port 3003","service":"media-service","timestamp":"2025-12-17T07:21:08.969Z"}
{"level":"info","message":"Connected to mongodb","service":"media-service","timestamp":"2025-12-17T07:21:11.401Z"}
{"level":"info","message":"Connected to rabbit mq","service":"media-service","timestamp":"2025-12-17T07:21:14.105Z"}
{"level":"info","message":"Subscribed to event: post.deleted","service":"media-service","timestamp":"2025-12-17T07:21:14.122Z"}
{"level":"info","message":"Media service is running on port 3003","service":"media-service","timestamp":"2025-12-17T07:21:14.126Z"}
{"level":"info","message":"Connected to mongodb","service":"media-service","timestamp":"2025-12-17T07:21:15.593Z"}
{"level":"info","message":"Connected to rabbit mq","service":"media-service","timestamp":"2025-12-17T07:21:22.915Z"}
{"level":"info","message":"Subscribed to event: post.deleted","service":"media-service","timestamp":"2025-12-17T07:21:22.931Z"}
{"level":"info","message":"Media service is running on port 3003","service":"media-service","timestamp":"2025-12-17T07:21:22.936Z"}
{"level":"info","message":"Connected to rabbit mq","service":"media-service","timestamp":"2025-12-17T07:21:25.291Z"}
{"level":"info","message":"Subscribed to event: post.deleted","service":"media-service","timestamp":"2025-12-17T07:21:25.515Z"}
{"level":"info","message":"Media service is running on port 3003","service":"media-service","timestamp":"2025-12-17T07:21:25.520Z"}
{"level":"info","message":"Connected to mongodb","service":"media-service","timestamp":"2025-12-17T07:21:26.769Z"}
{"level":"info","message":"Connected to rabbit mq","service":"media-service","timestamp":"2025-12-17T07:21:30.746Z"}
{"level":"info","message":"Subscribed to event: post.deleted","service":"media-service","timestamp":"2025-12-17T07:21:30.761Z"}
{"level":"info","message":"Media service is running on port 3003","service":"media-service","timestamp":"2025-12-17T07:21:30.767Z"}
{"level":"info","message":"Connected to mongodb","service":"media-service","timestamp":"2025-12-17T07:21:32.268Z"}
{"level":"info","message":"Connected to rabbit mq","service":"media-service","timestamp":"2025-12-17T07:21:35.397Z"}
{"level":"info","message":"Subscribed to event: post.deleted","service":"media-service","timestamp":"2025-12-17T07:21:35.412Z"}
{"level":"info","message":"Media service is running on port 3003","service":"media-service","timestamp":"2025-12-17T07:21:35.417Z"}
{"level":"info","message":"Connected to mongodb","service":"media-service","timestamp":"2025-12-17T07:21:36.877Z"}
{"level":"info","message":"Received POST request to /api/media/upload","service":"media-service","timestamp":"2025-12-17T07:23:03.068Z"}
{"level":"info","message":"Content-Type: multipart/form-data; boundary=--------------------------592810068700713787712789","service":"media-service","timestamp":"2025-12-17T07:23:03.069Z"}
{"level":"info","message":"Starting media upload","service":"media-service","timestamp":"2025-12-17T07:23:03.079Z"}
{"level":"info","message":"File details: name=churchkhela.jpg, type=image/jpeg","service":"media-service","timestamp":"2025-12-17T07:23:03.080Z"}
{"level":"info","message":"Uploading to cloudinary starting...","service":"media-service","timestamp":"2025-12-17T07:23:03.080Z"}
{"level":"info","message":"Cloudinary upload successfully. Public ID a4s7ezbppoblc0enczii","service":"media-service","timestamp":"2025-12-17T07:23:05.175Z"}
{"0":"r","1":"e","2":"a","3":"s","4":"o","5":"n","6":":","level":"error","message":"Unhandled Rejection at","service":"media-service","timestamp":"2025-12-17T07:24:53.553Z"}
{"level":"info","message":"Connected to rabbit mq","service":"media-service","timestamp":"2025-12-17T07:29:52.351Z"}
{"level":"info","message":"Subscribed to event: post.deleted","service":"media-service","timestamp":"2025-12-17T07:29:52.444Z"}
{"level":"info","message":"Media service is running on port 3003","service":"media-service","timestamp":"2025-12-17T07:29:52.448Z"}
{"level":"info","message":"Connected to mongodb","service":"media-service","timestamp":"2025-12-17T07:29:53.900Z"}
{"level":"info","message":"Connected to rabbit mq","service":"media-service","timestamp":"2025-12-17T07:30:00.589Z"}
{"level":"info","message":"Subscribed to event: post.deleted","service":"media-service","timestamp":"2025-12-17T07:30:00.658Z"}
{"level":"info","message":"Media service is running on port 3003","service":"media-service","timestamp":"2025-12-17T07:30:00.662Z"}
{"level":"info","message":"Connected to rabbit mq","service":"media-service","timestamp":"2025-12-17T07:30:03.023Z"}
{"level":"info","message":"Subscribed to event: post.deleted","service":"media-service","timestamp":"2025-12-17T07:30:03.039Z"}
{"level":"info","message":"Media service is running on port 3003","service":"media-service","timestamp":"2025-12-17T07:30:03.045Z"}
{"level":"info","message":"Connected to rabbit mq","service":"media-service","timestamp":"2025-12-17T07:30:05.488Z"}
{"level":"info","message":"Subscribed to event: post.deleted","service":"media-service","timestamp":"2025-12-17T07:30:05.503Z"}
{"level":"info","message":"Media service is running on port 3003","service":"media-service","timestamp":"2025-12-17T07:30:05.509Z"}
{"level":"info","message":"Connected to mongodb","service":"media-service","timestamp":"2025-12-17T07:30:06.962Z"}
{"level":"info","message":"Received GET request to /api/media/get","service":"media-service","timestamp":"2025-12-17T07:30:55.979Z"}
{"level":"info","message":"Content-Type: undefined","service":"media-service","timestamp":"2025-12-17T07:30:55.980Z"}
{"level":"info","message":"Received GET request to /api/media/get","service":"media-service","timestamp":"2025-12-17T07:31:15.396Z"}
{"level":"info","message":"Content-Type: undefined","service":"media-service","timestamp":"2025-12-17T07:31:15.396Z"}
{"level":"info","message":"Received GET request to /api/media/get","service":"media-service","timestamp":"2025-12-17T07:31:48.826Z"}
{"level":"info","message":"Content-Type: undefined","service":"media-service","timestamp":"2025-12-17T07:31:48.827Z"}
{"level":"info","message":"Received GET request to /api/media/get","service":"media-service","timestamp":"2025-12-17T07:32:14.530Z"}
{"level":"info","message":"Content-Type: undefined","service":"media-service","timestamp":"2025-12-17T07:32:14.530Z"}
{"0":"r","1":"e","2":"a","3":"s","4":"o","5":"n","6":":","level":"error","message":"Unhandled Rejection at","service":"media-service","timestamp":"2025-12-17T07:34:14.700Z"}
{"level":"info","message":"Connected to rabbit mq","service":"media-service","timestamp":"2025-12-17T07:35:15.731Z"}
{"level":"info","message":"Subscribed to event: post.deleted","service":"media-service","timestamp":"2025-12-17T07:35:15.830Z"}
{"level":"info","message":"Media service is running on port 3003","service":"media-service","timestamp":"2025-12-17T07:35:15.834Z"}
{"level":"info","message":"Connected to mongodb","service":"media-service","timestamp":"2025-12-17T07:35:17.253Z"}
{"level":"info","message":"Connected to rabbit mq","service":"media-service","timestamp":"2025-12-17T07:35:23.826Z"}
{"level":"info","message":"Subscribed to event: post.deleted","service":"media-service","timestamp":"2025-12-17T07:35:23.906Z"}
{"level":"info","message":"Media service is running on port 3003","service":"media-service","timestamp":"2025-12-17T07:35:23.910Z"}
{"level":"info","message":"Connected to mongodb","service":"media-service","timestamp":"2025-12-17T07:35:25.327Z"}
{"0":"a","1":"4","10":"b","11":"l","12":"c","13":"0","14":"e","15":"n","16":"c","17":"z","18":"i","19":"i","2":"s","3":"7","4":"e","5":"z","6":"b","7":"p","8":"p","9":"o","level":"info","message":"Media deleted successfully from cloud storage","service":"media-service","timestamp":"2025-12-17T07:35:50.563Z"}
{"0":"r","1":"e","2":"a","3":"s","4":"o","5":"n","6":":","level":"error","message":"Unhandled Rejection at","service":"media-service","timestamp":"2025-12-17T07:35:50.718Z"}
{"0":"r","1":"e","2":"a","3":"s","4":"o","5":"n","6":":","level":"error","message":"Unhandled Rejection at","service":"media-service","timestamp":"2025-12-17T07:41:27.120Z"}
{"level":"info","message":"Received POST request to /api/media/upload","service":"media-service","timestamp":"2025-12-17T07:42:16.936Z"}
{"level":"info","message":"Content-Type: multipart/form-data; boundary=--------------------------048606631102691935645306","service":"media-service","timestamp":"2025-12-17T07:42:16.938Z"}
{"level":"info","message":"Starting media upload","service":"media-service","timestamp":"2025-12-17T07:42:16.961Z"}
{"level":"info","message":"File details: name=churchkhela.jpg, type=image/jpeg","service":"media-service","timestamp":"2025-12-17T07:42:16.961Z"}
{"level":"info","message":"Uploading to cloudinary starting...","service":"media-service","timestamp":"2025-12-17T07:42:16.962Z"}
{"level":"info","message":"Cloudinary upload successfully. Public ID zqwazktuu6vqlyymgkyp","service":"media-service","timestamp":"2025-12-17T07:42:18.897Z"}
{"level":"info","message":"Received GET request to /api/media/get","service":"media-service","timestamp":"2025-12-17T07:42:51.056Z"}
{"level":"info","message":"Content-Type: undefined","service":"media-service","timestamp":"2025-12-17T07:42:51.056Z"}
{"0":"z","1":"q","10":"v","11":"q","12":"l","13":"y","14":"y","15":"m","16":"g","17":"k","18":"y","19":"p","2":"w","3":"a","4":"z","5":"k","6":"t","7":"u","8":"u","9":"6","level":"info","message":"Media deleted successfully from cloud storage","service":"media-service","timestamp":"2025-12-17T07:44:13.753Z"}
{"0":"r","1":"e","2":"a","3":"s","4":"o","5":"n","6":":","level":"error","message":"Unhandled Rejection at","service":"media-service","timestamp":"2025-12-17T07:44:13.903Z"}
{"level":"info","message":"Connected to rabbit mq","service":"media-service","timestamp":"2025-12-17T07:50:35.913Z"}
{"level":"info","message":"Subscribed to event: post.deleted","service":"media-service","timestamp":"2025-12-17T07:50:35.930Z"}
{"level":"info","message":"Media service is running on port 3003","service":"media-service","timestamp":"2025-12-17T07:50:35.937Z"}
{"level":"info","message":"Connected to mongodb","service":"media-service","timestamp":"2025-12-17T07:50:37.515Z"}
{"level":"info","message":"Connected to rabbit mq","service":"media-service","timestamp":"2025-12-17T07:50:43.599Z"}
{"level":"info","message":"Subscribed to event: post.deleted","service":"media-service","timestamp":"2025-12-17T07:50:43.614Z"}
{"level":"info","message":"Media service is running on port 3003","service":"media-service","timestamp":"2025-12-17T07:50:43.620Z"}
{"level":"info","message":"Connected to mongodb","service":"media-service","timestamp":"2025-12-17T07:50:45.183Z"}
{"level":"info","message":"Received POST request to /api/media/upload","service":"media-service","timestamp":"2025-12-17T07:51:08.344Z"}
{"level":"info","message":"Content-Type: multipart/form-data; boundary=--------------------------726390093767105844214119","service":"media-service","timestamp":"2025-12-17T07:51:08.345Z"}
{"level":"info","message":"Starting media upload","service":"media-service","timestamp":"2025-12-17T07:51:08.356Z"}
{"level":"info","message":"File details: name=churchkhela.jpg, type=image/jpeg","service":"media-service","timestamp":"2025-12-17T07:51:08.357Z"}
{"level":"info","message":"Uploading to cloudinary starting...","service":"media-service","timestamp":"2025-12-17T07:51:08.358Z"}
{"level":"info","message":"Cloudinary upload successfully. Public ID x9uvcyuwqqaynlexz834","service":"media-service","timestamp":"2025-12-17T07:51:10.198Z"}
{"level":"info","message":"Received GET request to /api/media/get","service":"media-service","timestamp":"2025-12-17T07:51:20.730Z"}
{"level":"info","message":"Content-Type: undefined","service":"media-service","timestamp":"2025-12-17T07:51:20.731Z"}
{"0":"x","1":"9","10":"a","11":"y","12":"n","13":"l","14":"e","15":"x","16":"z","17":"8","18":"3","19":"4","2":"u","3":"v","4":"c","5":"y","6":"u","7":"w","8":"q","9":"q","level":"info","message":"Media deleted successfully from cloud storage","service":"media-service","timestamp":"2025-12-17T07:52:54.242Z"}
{"level":"info","message":"Deleted media 694260eefa3ba70ea9da215e associated with this deleted post 69426121f52bdda1d0df6060","service":"media-service","timestamp":"2025-12-17T07:52:54.408Z"}
{"level":"info","message":"Processed deletion of media for post id 69426121f52bdda1d0df6060","service":"media-service","timestamp":"2025-12-17T07:52:54.409Z"}
{"level":"info","message":"Connected to rabbit mq","service":"media-service","timestamp":"2025-12-18T06:15:05.057Z"}
{"level":"info","message":"Subscribed to event: post.deleted","service":"media-service","timestamp":"2025-12-18T06:15:05.075Z"}
{"level":"info","message":"Media service is running on port 3003","service":"media-service","timestamp":"2025-12-18T06:15:05.079Z"}
{"level":"info","message":"Connected to mongodb","service":"media-service","timestamp":"2025-12-18T06:15:06.606Z"}
