{"level":"info","message":"Connected to rabbit mq","service":"post-service","timestamp":"2025-12-18T07:05:11.617Z"}
{"level":"info","message":"Subscribed to event: post.created","service":"post-service","timestamp":"2025-12-18T07:05:11.726Z"}
{"level":"info","message":"Connected to mongodb","service":"post-service","timestamp":"2025-12-18T07:05:13.290Z"}
{"level":"info","message":"Connected to rabbit mq","service":"post-service","timestamp":"2025-12-18T07:05:46.989Z"}
{"level":"info","message":"Subscribed to event: post.created","service":"post-service","timestamp":"2025-12-18T07:05:47.002Z"}
{"level":"info","message":"Connected to mongodb","service":"post-service","timestamp":"2025-12-18T07:05:48.484Z"}
{"level":"info","message":"Connected to rabbit mq","service":"post-service","timestamp":"2025-12-18T07:53:39.549Z"}
{"level":"info","message":"Subscribed to event: post.created","service":"post-service","timestamp":"2025-12-18T07:53:39.563Z"}
{"level":"info","message":"Connected to mongodb","service":"post-service","timestamp":"2025-12-18T07:53:41.074Z"}
{"level":"info","message":"Connected to rabbit mq","service":"post-service","timestamp":"2025-12-18T08:00:18.114Z"}
{"level":"info","message":"Subscribed to event: post.created","service":"post-service","timestamp":"2025-12-18T08:00:18.130Z"}
{"level":"info","message":"Connected to mongodb","service":"post-service","timestamp":"2025-12-18T08:00:19.792Z"}
{"level":"info","message":"Connected to rabbit mq","service":"post-service","timestamp":"2025-12-18T08:00:30.715Z"}
{"level":"info","message":"Subscribed to event: post.created","service":"post-service","timestamp":"2025-12-18T08:00:30.786Z"}
{"level":"info","message":"Connected to mongodb","service":"post-service","timestamp":"2025-12-18T08:00:32.203Z"}
{"0":"E","1":"r","10":"l","11":"i","12":"n","13":"g","14":" ","15":"p","16":"o","17":"s","18":"t","19":" ","2":"r","20":"c","21":"r","22":"e","23":"a","24":"t","25":"i","26":"o","27":"n","28":" ","29":"e","3":"o","30":"v","31":"e","32":"n","33":"t","4":"r","5":" ","6":"h","7":"a","8":"n","9":"d","_message":"Search validation failed","errors":{"userId":{"kind":"required","message":"Path `userId` is required.","name":"ValidatorError","path":"userId","properties":{"message":"Path `userId` is required.","path":"userId","type":"required"}}},"level":"error","message":"Search validation failed: userId: Path `userId` is required.","service":"post-service","stack":"ValidationError: Search validation failed: userId: Path `userId` is required.\n    at Document.invalidate (E:\\CODES\\NodeJS\\social-media-microservices\\search-service\\node_modules\\mongoose\\lib\\document.js:3370:32)\n    at validatePath (E:\\CODES\\NodeJS\\social-media-microservices\\search-service\\node_modules\\mongoose\\lib\\document.js:3145:13)\n    at process.processTicksAndRejections (node:internal/process/task_queues:105:5)\n    at async Promise.all (index 0)\n    at async model.$__validate (E:\\CODES\\NodeJS\\social-media-microservices\\search-service\\node_modules\\mongoose\\lib\\document.js:3086:3)\n    at async model.validate (E:\\CODES\\NodeJS\\social-media-microservices\\search-service\\node_modules\\mongoose\\lib\\document.js:2663:5)\n    at async model.validateBeforeSave (E:\\CODES\\NodeJS\\social-media-microservices\\search-service\\node_modules\\mongoose\\lib\\plugins\\validateBeforeSave.js:34:7)\n    at async Kareem.execPre (E:\\CODES\\NodeJS\\social-media-microservices\\search-service\\node_modules\\kareem\\index.js:65:24)\n    at async model.$__save (E:\\CODES\\NodeJS\\social-media-microservices\\search-service\\node_modules\\mongoose\\lib\\model.js:369:5)\n    at async model.save (E:\\CODES\\NodeJS\\social-media-microservices\\search-service\\node_modules\\mongoose\\lib\\model.js:609:5)","timestamp":"2025-12-18T08:00:38.343Z"}
{"level":"info","message":"Connected to rabbit mq","service":"post-service","timestamp":"2025-12-18T08:02:39.545Z"}
{"level":"info","message":"Subscribed to event: post.created","service":"post-service","timestamp":"2025-12-18T08:02:39.635Z"}
{"level":"info","message":"Connected to mongodb","service":"post-service","timestamp":"2025-12-18T08:02:41.222Z"}
{"level":"info","message":"Connected to rabbit mq","service":"post-service","timestamp":"2025-12-18T08:02:59.606Z"}
{"level":"info","message":"Subscribed to event: post.created","service":"post-service","timestamp":"2025-12-18T08:02:59.619Z"}
{"level":"info","message":"Connected to mongodb","service":"post-service","timestamp":"2025-12-18T08:03:01.132Z"}
{"level":"info","message":"Search post created: 6943b549d33b1c72ad7cc841, 6943b549542eb6a0311ea5f8","service":"post-service","timestamp":"2025-12-18T08:03:21.755Z"}
{"level":"info","message":"Connected to rabbit mq","service":"post-service","timestamp":"2025-12-18T08:11:24.321Z"}
{"level":"info","message":"Subscribed to event: post.created","service":"post-service","timestamp":"2025-12-18T08:11:24.337Z"}
{"level":"info","message":"Connected to mongodb","service":"post-service","timestamp":"2025-12-18T08:11:26.028Z"}
{"0":"E","1":"r","10":"l","11":"i","12":"n","13":"g","14":" ","15":"p","16":"o","17":"s","18":"t","19":" ","2":"r","20":"c","21":"r","22":"e","23":"a","24":"t","25":"i","26":"o","27":"n","28":" ","29":"e","3":"o","30":"v","31":"e","32":"n","33":"t","4":"r","5":" ","6":"h","7":"a","8":"n","9":"d","code":11000,"errorLabelSet":{},"errorResponse":{"code":11000,"errmsg":"E11000 duplicate key error collection: test.searches index: userId_1 dup key: { userId: \"69392c73f1195d3247a21da0\" }","index":0,"keyPattern":{"userId":1},"keyValue":{"userId":"69392c73f1195d3247a21da0"}},"index":0,"keyPattern":{"userId":1},"keyValue":{"userId":"69392c73f1195d3247a21da0"},"level":"error","message":"E11000 duplicate key error collection: test.searches index: userId_1 dup key: { userId: \"69392c73f1195d3247a21da0\" }","service":"post-service","stack":"MongoServerError: E11000 duplicate key error collection: test.searches index: userId_1 dup key: { userId: \"69392c73f1195d3247a21da0\" }\n    at InsertOneOperation.handleOk (E:\\CODES\\NodeJS\\social-media-microservices\\search-service\\node_modules\\mongodb\\lib\\operations\\insert.js:51:19)\n    at tryOperation (E:\\CODES\\NodeJS\\social-media-microservices\\search-service\\node_modules\\mongodb\\lib\\operations\\execute_operation.js:216:34)\n    at process.processTicksAndRejections (node:internal/process/task_queues:105:5)\n    at async executeOperation (E:\\CODES\\NodeJS\\social-media-microservices\\search-service\\node_modules\\mongodb\\lib\\operations\\execute_operation.js:80:16)\n    at async Collection.insertOne (E:\\CODES\\NodeJS\\social-media-microservices\\search-service\\node_modules\\mongodb\\lib\\collection.js:154:16)\n    at async model.$__save (E:\\CODES\\NodeJS\\social-media-microservices\\search-service\\node_modules\\mongoose\\lib\\model.js:398:16)\n    at async model.save (E:\\CODES\\NodeJS\\social-media-microservices\\search-service\\node_modules\\mongoose\\lib\\model.js:609:5)\n    at async handlePostCreated (file:///E:/CODES/NodeJS/social-media-microservices/search-service/src/event-handlers/search-event-handlers.js:13:5)","timestamp":"2025-12-18T08:12:10.135Z"}
{"level":"info","message":"Connected to rabbit mq","service":"post-service","timestamp":"2025-12-18T08:12:38.409Z"}
{"level":"info","message":"Subscribed to event: post.created","service":"post-service","timestamp":"2025-12-18T08:12:38.422Z"}
{"level":"info","message":"Connected to mongodb","service":"post-service","timestamp":"2025-12-18T08:12:40.031Z"}
{"0":"E","1":"r","10":"l","11":"i","12":"n","13":"g","14":" ","15":"p","16":"o","17":"s","18":"t","19":" ","2":"r","20":"c","21":"r","22":"e","23":"a","24":"t","25":"i","26":"o","27":"n","28":" ","29":"e","3":"o","30":"v","31":"e","32":"n","33":"t","4":"r","5":" ","6":"h","7":"a","8":"n","9":"d","code":11000,"errorLabelSet":{},"errorResponse":{"code":11000,"errmsg":"E11000 duplicate key error collection: test.searches index: userId_1 dup key: { userId: \"69392c73f1195d3247a21da0\" }","index":0,"keyPattern":{"userId":1},"keyValue":{"userId":"69392c73f1195d3247a21da0"}},"index":0,"keyPattern":{"userId":1},"keyValue":{"userId":"69392c73f1195d3247a21da0"},"level":"error","message":"E11000 duplicate key error collection: test.searches index: userId_1 dup key: { userId: \"69392c73f1195d3247a21da0\" }","service":"post-service","stack":"MongoServerError: E11000 duplicate key error collection: test.searches index: userId_1 dup key: { userId: \"69392c73f1195d3247a21da0\" }\n    at InsertOneOperation.handleOk (E:\\CODES\\NodeJS\\social-media-microservices\\search-service\\node_modules\\mongodb\\lib\\operations\\insert.js:51:19)\n    at tryOperation (E:\\CODES\\NodeJS\\social-media-microservices\\search-service\\node_modules\\mongodb\\lib\\operations\\execute_operation.js:216:34)\n    at process.processTicksAndRejections (node:internal/process/task_queues:105:5)\n    at async executeOperation (E:\\CODES\\NodeJS\\social-media-microservices\\search-service\\node_modules\\mongodb\\lib\\operations\\execute_operation.js:80:16)\n    at async Collection.insertOne (E:\\CODES\\NodeJS\\social-media-microservices\\search-service\\node_modules\\mongodb\\lib\\collection.js:154:16)\n    at async model.$__save (E:\\CODES\\NodeJS\\social-media-microservices\\search-service\\node_modules\\mongoose\\lib\\model.js:398:16)\n    at async model.save (E:\\CODES\\NodeJS\\social-media-microservices\\search-service\\node_modules\\mongoose\\lib\\model.js:609:5)\n    at async handlePostCreated (file:///E:/CODES/NodeJS/social-media-microservices/search-service/src/event-handlers/search-event-handlers.js:13:5)","timestamp":"2025-12-18T08:12:45.390Z"}
{"level":"info","message":"Search post created: 6943b7d3d33b1c72ad7cc847, 6943b7d3d7ad06cb3de80824","service":"post-service","timestamp":"2025-12-18T08:14:12.017Z"}
{"level":"info","message":"Search post created: 6943badad33b1c72ad7cc849, 6943badad7ad06cb3de80826","service":"post-service","timestamp":"2025-12-18T08:27:06.393Z"}
{"level":"info","message":"Connected to rabbit mq","service":"post-service","timestamp":"2025-12-18T08:29:47.486Z"}
{"level":"info","message":"Subscribed to event: post.created","service":"post-service","timestamp":"2025-12-18T08:29:47.598Z"}
{"level":"info","message":"Subscribed to event: post.created","service":"post-service","timestamp":"2025-12-18T08:29:47.615Z"}
{"level":"info","message":"Connected to mongodb","service":"post-service","timestamp":"2025-12-18T08:29:49.167Z"}
{"level":"info","message":"Connected to rabbit mq","service":"post-service","timestamp":"2025-12-18T08:29:54.578Z"}
{"level":"info","message":"Subscribed to event: post.created","service":"post-service","timestamp":"2025-12-18T08:29:54.594Z"}
{"level":"info","message":"Subscribed to event: post.deleted","service":"post-service","timestamp":"2025-12-18T08:29:54.679Z"}
{"level":"info","message":"Connected to mongodb","service":"post-service","timestamp":"2025-12-18T08:29:56.152Z"}
{"level":"info","message":"Connected to rabbit mq","service":"post-service","timestamp":"2025-12-18T08:30:27.895Z"}
{"level":"info","message":"Subscribed to event: post.created","service":"post-service","timestamp":"2025-12-18T08:30:27.970Z"}
{"level":"info","message":"Connected to rabbit mq","service":"post-service","timestamp":"2025-12-18T08:31:02.077Z"}
{"level":"info","message":"Subscribed to event: post.created","service":"post-service","timestamp":"2025-12-18T08:31:02.089Z"}
{"level":"info","message":"Connected to rabbit mq","service":"post-service","timestamp":"2025-12-18T08:31:18.142Z"}
{"level":"info","message":"Subscribed to event: post.created","service":"post-service","timestamp":"2025-12-18T08:31:18.157Z"}
{"level":"info","message":"Connected to rabbit mq","service":"post-service","timestamp":"2025-12-18T08:31:22.212Z"}
{"level":"info","message":"Subscribed to event: post.created","service":"post-service","timestamp":"2025-12-18T08:31:22.224Z"}
{"level":"info","message":"Connected to rabbit mq","service":"post-service","timestamp":"2025-12-18T08:31:30.232Z"}
{"level":"info","message":"Subscribed to event: post.created","service":"post-service","timestamp":"2025-12-18T08:31:30.292Z"}
{"level":"info","message":"Connected to rabbit mq","service":"post-service","timestamp":"2025-12-18T08:31:36.478Z"}
{"level":"info","message":"Subscribed to event: post.created","service":"post-service","timestamp":"2025-12-18T08:31:36.494Z"}
{"level":"info","message":"Subscribed to event: post.deleted","service":"post-service","timestamp":"2025-12-18T08:31:36.550Z"}
{"level":"info","message":"Connected to mongodb","service":"post-service","timestamp":"2025-12-18T08:31:38.069Z"}
{"level":"info","message":"Connected to rabbit mq","service":"post-service","timestamp":"2025-12-18T08:31:43.049Z"}
{"level":"info","message":"Subscribed to event: post.created","service":"post-service","timestamp":"2025-12-18T08:31:43.063Z"}
{"level":"info","message":"Subscribed to event: post.deleted","service":"post-service","timestamp":"2025-12-18T08:31:43.146Z"}
{"level":"info","message":"Connected to mongodb","service":"post-service","timestamp":"2025-12-18T08:31:44.586Z"}
{"level":"info","message":"Connected to rabbit mq","service":"post-service","timestamp":"2025-12-18T08:31:57.715Z"}
{"level":"info","message":"Subscribed to event: post.created","service":"post-service","timestamp":"2025-12-18T08:31:57.729Z"}
{"level":"info","message":"Subscribed to event: post.deleted","service":"post-service","timestamp":"2025-12-18T08:31:57.802Z"}
{"level":"info","message":"Connected to mongodb","service":"post-service","timestamp":"2025-12-18T08:31:59.275Z"}
{"level":"info","message":"Connected to rabbit mq","service":"post-service","timestamp":"2025-12-18T08:32:56.039Z"}
{"level":"info","message":"Subscribed to event: post.created","service":"post-service","timestamp":"2025-12-18T08:32:56.053Z"}
{"level":"info","message":"Subscribed to event: post.deleted","service":"post-service","timestamp":"2025-12-18T08:32:56.068Z"}
{"level":"info","message":"Connected to mongodb","service":"post-service","timestamp":"2025-12-18T08:32:57.659Z"}
{"level":"info","message":"Connected to rabbit mq","service":"post-service","timestamp":"2025-12-18T08:32:59.616Z"}
{"level":"info","message":"Subscribed to event: post.created","service":"post-service","timestamp":"2025-12-18T08:32:59.679Z"}
{"level":"info","message":"Subscribed to event: post.deleted","service":"post-service","timestamp":"2025-12-18T08:32:59.693Z"}
{"level":"info","message":"Connected to mongodb","service":"post-service","timestamp":"2025-12-18T08:33:01.201Z"}
{"level":"info","message":"Connected to rabbit mq","service":"post-service","timestamp":"2025-12-18T08:33:03.630Z"}
{"level":"info","message":"Subscribed to event: post.created","service":"post-service","timestamp":"2025-12-18T08:33:03.694Z"}
{"level":"info","message":"Subscribed to event: post.deleted","service":"post-service","timestamp":"2025-12-18T08:33:03.704Z"}
{"level":"info","message":"Connected to mongodb","service":"post-service","timestamp":"2025-12-18T08:33:05.111Z"}
{"level":"info","message":"Connected to rabbit mq","service":"post-service","timestamp":"2025-12-18T08:33:11.226Z"}
{"level":"info","message":"Subscribed to event: post.created","service":"post-service","timestamp":"2025-12-18T08:33:11.238Z"}
{"level":"info","message":"Subscribed to event: post.deleted","service":"post-service","timestamp":"2025-12-18T08:33:11.302Z"}
{"level":"info","message":"Connected to mongodb","service":"post-service","timestamp":"2025-12-18T08:33:12.765Z"}
{"level":"info","message":"Connected to rabbit mq","service":"post-service","timestamp":"2025-12-18T08:33:28.218Z"}
{"level":"info","message":"Subscribed to event: post.created","service":"post-service","timestamp":"2025-12-18T08:33:28.279Z"}
{"level":"info","message":"Subscribed to event: post.deleted","service":"post-service","timestamp":"2025-12-18T08:33:28.289Z"}
{"level":"info","message":"Connected to mongodb","service":"post-service","timestamp":"2025-12-18T08:33:29.748Z"}
{"level":"info","message":"Connected to rabbit mq","service":"post-service","timestamp":"2025-12-18T08:33:31.634Z"}
{"level":"info","message":"Subscribed to event: post.created","service":"post-service","timestamp":"2025-12-18T08:33:31.646Z"}
{"level":"info","message":"Subscribed to event: post.deleted","service":"post-service","timestamp":"2025-12-18T08:33:31.702Z"}
{"level":"info","message":"Connected to mongodb","service":"post-service","timestamp":"2025-12-18T08:33:33.190Z"}
{"level":"info","message":"Connected to rabbit mq","service":"post-service","timestamp":"2025-12-18T08:33:38.886Z"}
{"level":"info","message":"Subscribed to event: post.created","service":"post-service","timestamp":"2025-12-18T08:33:38.897Z"}
{"level":"info","message":"Subscribed to event: post.deleted","service":"post-service","timestamp":"2025-12-18T08:33:38.952Z"}
{"level":"info","message":"Connected to mongodb","service":"post-service","timestamp":"2025-12-18T08:33:40.472Z"}
{"level":"info","message":"Connected to rabbit mq","service":"post-service","timestamp":"2025-12-18T08:33:54.090Z"}
{"level":"info","message":"Subscribed to event: post.created","service":"post-service","timestamp":"2025-12-18T08:33:54.103Z"}
{"level":"info","message":"Subscribed to event: post.deleted","service":"post-service","timestamp":"2025-12-18T08:33:54.183Z"}
{"level":"info","message":"Connected to mongodb","service":"post-service","timestamp":"2025-12-18T08:33:55.693Z"}
{"level":"info","message":"Connected to rabbit mq","service":"post-service","timestamp":"2025-12-18T08:39:08.058Z"}
{"level":"info","message":"Subscribed to event: post.created","service":"post-service","timestamp":"2025-12-18T08:39:08.160Z"}
{"level":"info","message":"Subscribed to event: post.deleted","service":"post-service","timestamp":"2025-12-18T08:39:08.175Z"}
{"level":"info","message":"Connected to mongodb","service":"post-service","timestamp":"2025-12-18T08:39:09.669Z"}
{"level":"info","message":"Connected to rabbit mq","service":"post-service","timestamp":"2025-12-18T08:39:11.439Z"}
{"level":"info","message":"Subscribed to event: post.created","service":"post-service","timestamp":"2025-12-18T08:39:11.513Z"}
{"level":"info","message":"Subscribed to event: post.deleted","service":"post-service","timestamp":"2025-12-18T08:39:11.525Z"}
{"level":"info","message":"Connected to mongodb","service":"post-service","timestamp":"2025-12-18T08:39:12.989Z"}
{"level":"info","message":"Connected to rabbit mq","service":"post-service","timestamp":"2025-12-18T08:39:23.015Z"}
{"level":"info","message":"Subscribed to event: post.created","service":"post-service","timestamp":"2025-12-18T08:39:23.036Z"}
{"level":"info","message":"Subscribed to event: post.deleted","service":"post-service","timestamp":"2025-12-18T08:39:23.055Z"}
{"level":"info","message":"Connected to rabbit mq","service":"post-service","timestamp":"2025-12-18T08:39:36.247Z"}
{"level":"info","message":"Subscribed to event: post.created","service":"post-service","timestamp":"2025-12-18T08:39:36.259Z"}
{"level":"info","message":"Subscribed to event: post.deleted","service":"post-service","timestamp":"2025-12-18T08:39:36.274Z"}
{"level":"info","message":"Saerch service is running ","service":"post-service","timestamp":"2025-12-18T08:39:36.280Z"}
{"level":"info","message":"Connected to mongodb","service":"post-service","timestamp":"2025-12-18T08:39:37.914Z"}
{"level":"info","message":"Connected to rabbit mq","service":"post-service","timestamp":"2025-12-18T08:39:40.870Z"}
{"level":"info","message":"Subscribed to event: post.created","service":"post-service","timestamp":"2025-12-18T08:39:40.937Z"}
{"level":"info","message":"Subscribed to event: post.deleted","service":"post-service","timestamp":"2025-12-18T08:39:40.946Z"}
{"level":"info","message":"Saerch service is running :","service":"post-service","timestamp":"2025-12-18T08:39:40.951Z"}
{"level":"info","message":"Connected to mongodb","service":"post-service","timestamp":"2025-12-18T08:39:42.360Z"}
{"level":"info","message":"Connected to rabbit mq","service":"post-service","timestamp":"2025-12-18T08:39:45.350Z"}
{"level":"info","message":"Subscribed to event: post.created","service":"post-service","timestamp":"2025-12-18T08:39:45.429Z"}
{"level":"info","message":"Subscribed to event: post.deleted","service":"post-service","timestamp":"2025-12-18T08:39:45.445Z"}
{"level":"info","message":"Saerch service is running :3004","service":"post-service","timestamp":"2025-12-18T08:39:45.451Z"}
{"level":"info","message":"Connected to rabbit mq","service":"post-service","timestamp":"2025-12-18T08:39:46.894Z"}
{"level":"info","message":"Subscribed to event: post.created","service":"post-service","timestamp":"2025-12-18T08:39:46.909Z"}
{"level":"info","message":"Subscribed to event: post.deleted","service":"post-service","timestamp":"2025-12-18T08:39:46.987Z"}
{"level":"info","message":"Saerch service is running :3004","service":"post-service","timestamp":"2025-12-18T08:39:46.991Z"}
{"level":"info","message":"Connected to mongodb","service":"post-service","timestamp":"2025-12-18T08:39:48.449Z"}
{"level":"info","message":"Connected to rabbit mq","service":"post-service","timestamp":"2025-12-18T08:40:50.905Z"}
{"level":"info","message":"Subscribed to event: post.created","service":"post-service","timestamp":"2025-12-18T08:40:50.923Z"}
{"level":"info","message":"Subscribed to event: post.deleted","service":"post-service","timestamp":"2025-12-18T08:40:51.019Z"}
{"level":"info","message":"Saerch service is running :3004","service":"post-service","timestamp":"2025-12-18T08:40:51.023Z"}
{"level":"info","message":"Connected to rabbit mq","service":"post-service","timestamp":"2025-12-18T08:40:52.653Z"}
{"level":"info","message":"Subscribed to event: post.created","service":"post-service","timestamp":"2025-12-18T08:40:52.665Z"}
{"level":"info","message":"Subscribed to event: post.deleted","service":"post-service","timestamp":"2025-12-18T08:40:52.731Z"}
{"level":"info","message":"Saerch service is running :3004","service":"post-service","timestamp":"2025-12-18T08:40:52.735Z"}
{"level":"info","message":"Connected to mongodb","service":"post-service","timestamp":"2025-12-18T08:40:54.198Z"}
{"level":"info","message":"Connected to rabbit mq","service":"post-service","timestamp":"2025-12-18T08:40:58.138Z"}
{"level":"info","message":"Subscribed to event: post.created","service":"post-service","timestamp":"2025-12-18T08:40:58.198Z"}
{"level":"info","message":"Subscribed to event: post.deleted","service":"post-service","timestamp":"2025-12-18T08:40:58.210Z"}
{"level":"info","message":"Saerch service is running :3004","service":"post-service","timestamp":"2025-12-18T08:40:58.214Z"}
{"level":"info","message":"Connected to mongodb","service":"post-service","timestamp":"2025-12-18T08:40:59.612Z"}
{"level":"info","message":"Connected to rabbit mq","service":"post-service","timestamp":"2025-12-18T08:41:02.645Z"}
{"level":"info","message":"Subscribed to event: post.created","service":"post-service","timestamp":"2025-12-18T08:41:02.658Z"}
{"level":"info","message":"Subscribed to event: post.deleted","service":"post-service","timestamp":"2025-12-18T08:41:02.724Z"}
{"level":"info","message":"Saerch service is running :3004","service":"post-service","timestamp":"2025-12-18T08:41:02.728Z"}
{"level":"info","message":"Connected to mongodb","service":"post-service","timestamp":"2025-12-18T08:41:04.238Z"}
{"level":"info","message":"Connected to rabbit mq","service":"post-service","timestamp":"2025-12-18T08:41:07.825Z"}
{"level":"info","message":"Subscribed to event: post.created","service":"post-service","timestamp":"2025-12-18T08:41:07.895Z"}
{"level":"info","message":"Subscribed to event: post.deleted","service":"post-service","timestamp":"2025-12-18T08:41:07.905Z"}
{"level":"info","message":"Saerch service is running :3004","service":"post-service","timestamp":"2025-12-18T08:41:07.909Z"}
{"level":"info","message":"Connected to mongodb","service":"post-service","timestamp":"2025-12-18T08:41:09.391Z"}
{"level":"info","message":"Connected to rabbit mq","service":"post-service","timestamp":"2025-12-18T08:41:11.899Z"}
{"level":"info","message":"Subscribed to event: post.created","service":"post-service","timestamp":"2025-12-18T08:41:11.925Z"}
{"level":"info","message":"Subscribed to event: post.deleted","service":"post-service","timestamp":"2025-12-18T08:41:11.942Z"}
{"level":"info","message":"Saerch service is running :3004","service":"post-service","timestamp":"2025-12-18T08:41:11.947Z"}
{"level":"info","message":"Connected to mongodb","service":"post-service","timestamp":"2025-12-18T08:41:13.356Z"}
{"level":"info","message":"Connected to rabbit mq","service":"post-service","timestamp":"2025-12-18T08:41:19.256Z"}
{"level":"info","message":"Subscribed to event: post.created","service":"post-service","timestamp":"2025-12-18T08:41:19.320Z"}
{"level":"info","message":"Subscribed to event: post.deleted","service":"post-service","timestamp":"2025-12-18T08:41:19.341Z"}
{"level":"info","message":"Saerch service is running :3004","service":"post-service","timestamp":"2025-12-18T08:41:19.345Z"}
{"level":"info","message":"Connected to mongodb","service":"post-service","timestamp":"2025-12-18T08:41:20.790Z"}
{"level":"info","message":"Connected to rabbit mq","service":"post-service","timestamp":"2025-12-18T08:41:25.955Z"}
{"level":"info","message":"Subscribed to event: post.created","service":"post-service","timestamp":"2025-12-18T08:41:25.968Z"}
{"level":"info","message":"Subscribed to event: post.deleted","service":"post-service","timestamp":"2025-12-18T08:41:26.030Z"}
{"level":"info","message":"Saerch service is running :3004","service":"post-service","timestamp":"2025-12-18T08:41:26.034Z"}
{"level":"info","message":"Connected to mongodb","service":"post-service","timestamp":"2025-12-18T08:41:27.471Z"}
{"level":"info","message":"Connected to rabbit mq","service":"post-service","timestamp":"2025-12-18T08:41:34.185Z"}
{"level":"info","message":"Subscribed to event: post.created","service":"post-service","timestamp":"2025-12-18T08:41:34.210Z"}
{"level":"info","message":"Subscribed to event: post.deleted","service":"post-service","timestamp":"2025-12-18T08:41:34.221Z"}
{"level":"info","message":"Saerch service is running :3004","service":"post-service","timestamp":"2025-12-18T08:41:34.231Z"}
{"level":"info","message":"Connected to mongodb","service":"post-service","timestamp":"2025-12-18T08:41:35.600Z"}
{"level":"info","message":"Connected to rabbit mq","service":"post-service","timestamp":"2025-12-18T08:42:01.567Z"}
{"level":"info","message":"Subscribed to event: post.created","service":"post-service","timestamp":"2025-12-18T08:42:01.640Z"}
{"level":"info","message":"Subscribed to event: post.deleted","service":"post-service","timestamp":"2025-12-18T08:42:01.651Z"}
{"level":"info","message":"Saerch service is running :3004","service":"post-service","timestamp":"2025-12-18T08:42:01.657Z"}
{"level":"info","message":"Connected to mongodb","service":"post-service","timestamp":"2025-12-18T08:42:03.200Z"}
{"level":"info","message":"Connected to rabbit mq","service":"post-service","timestamp":"2025-12-18T08:42:06.602Z"}
{"level":"info","message":"Subscribed to event: post.created","service":"post-service","timestamp":"2025-12-18T08:42:06.713Z"}
{"level":"info","message":"Subscribed to event: post.deleted","service":"post-service","timestamp":"2025-12-18T08:42:06.746Z"}
{"level":"info","message":"Saerch service is running :3004","service":"post-service","timestamp":"2025-12-18T08:42:06.752Z"}
{"level":"info","message":"Connected to rabbit mq","service":"post-service","timestamp":"2025-12-18T08:42:08.244Z"}
{"level":"info","message":"Subscribed to event: post.created","service":"post-service","timestamp":"2025-12-18T08:42:08.311Z"}
{"level":"info","message":"Subscribed to event: post.deleted","service":"post-service","timestamp":"2025-12-18T08:42:08.333Z"}
{"level":"info","message":"Saerch service is running :3004","service":"post-service","timestamp":"2025-12-18T08:42:08.337Z"}
{"level":"info","message":"Connected to mongodb","service":"post-service","timestamp":"2025-12-18T08:42:09.751Z"}
{"level":"info","message":"Connected to rabbit mq","service":"post-service","timestamp":"2025-12-18T08:42:37.805Z"}
{"level":"info","message":"Subscribed to event: post.created","service":"post-service","timestamp":"2025-12-18T08:42:37.878Z"}
{"level":"info","message":"Subscribed to event: post.deleted","service":"post-service","timestamp":"2025-12-18T08:42:37.896Z"}
{"level":"info","message":"Saerch service is running :3004","service":"post-service","timestamp":"2025-12-18T08:42:37.902Z"}
{"level":"info","message":"Connected to rabbit mq","service":"post-service","timestamp":"2025-12-18T08:42:39.497Z"}
{"level":"info","message":"Subscribed to event: post.created","service":"post-service","timestamp":"2025-12-18T08:42:39.512Z"}
{"level":"info","message":"Subscribed to event: post.deleted","service":"post-service","timestamp":"2025-12-18T08:42:39.682Z"}
{"level":"info","message":"Saerch service is running :3004","service":"post-service","timestamp":"2025-12-18T08:42:39.708Z"}
{"level":"info","message":"Connected to mongodb","service":"post-service","timestamp":"2025-12-18T08:42:41.044Z"}
{"level":"info","message":"Connected to rabbit mq","service":"post-service","timestamp":"2025-12-18T08:42:45.276Z"}
{"level":"info","message":"Subscribed to event: post.created","service":"post-service","timestamp":"2025-12-18T08:42:45.326Z"}
{"level":"info","message":"Subscribed to event: post.deleted","service":"post-service","timestamp":"2025-12-18T08:42:45.372Z"}
{"level":"info","message":"Saerch service is running :3004","service":"post-service","timestamp":"2025-12-18T08:42:45.379Z"}
{"level":"info","message":"Connected to mongodb","service":"post-service","timestamp":"2025-12-18T08:42:46.751Z"}
